Using pre-set license
Built from '2023.2/staging' branch; Version is '2023.2.18f1 (1cb755715f58) revision 1881941'; Using compiler version '193431935'; Build Type 'Release'
OS: 'Windows 11  (10.0.22631) 64bit Core' Language: 'ja' Physical Memory: 16309 MB
BatchMode: 1, IsHumanControllingUs: 0, StartBugReporterOnCrash: 0, Is64bit: 1, IsPro: 1

COMMAND LINE ARGUMENTS:
C:\Program Files\Unity\Hub\Editor\2023.2.18f1\Editor\Unity.exe
-adb2
-batchMode
-noUpm
-name
AssetImportWorker4
-projectPath
C:/Users/goal2/RPGgame
-logFile
Logs/AssetImportWorker4.log
-srvPort
59948
-job-worker-count
11
-background-job-worker-count
8
-asset-garbage-collectors
1
Successfully changed project path to: C:/Users/goal2/RPGgame
C:/Users/goal2/RPGgame
[UnityMemory] Configuration Parameters - Can be set up in boot.config
    "memorysetup-bucket-allocator-granularity=16"
    "memorysetup-bucket-allocator-bucket-count=8"
    "memorysetup-bucket-allocator-block-size=33554432"
    "memorysetup-bucket-allocator-block-count=8"
    "memorysetup-main-allocator-block-size=16777216"
    "memorysetup-thread-allocator-block-size=16777216"
    "memorysetup-gfx-main-allocator-block-size=16777216"
    "memorysetup-gfx-thread-allocator-block-size=16777216"
    "memorysetup-cache-allocator-block-size=4194304"
    "memorysetup-typetree-allocator-block-size=2097152"
    "memorysetup-profiler-bucket-allocator-granularity=16"
    "memorysetup-profiler-bucket-allocator-bucket-count=8"
    "memorysetup-profiler-bucket-allocator-block-size=33554432"
    "memorysetup-profiler-bucket-allocator-block-count=8"
    "memorysetup-profiler-allocator-block-size=16777216"
    "memorysetup-profiler-editor-allocator-block-size=1048576"
    "memorysetup-temp-allocator-size-main=16777216"
    "memorysetup-job-temp-allocator-block-size=2097152"
    "memorysetup-job-temp-allocator-block-size-background=1048576"
    "memorysetup-job-temp-allocator-reduction-small-platforms=262144"
    "memorysetup-allocator-temp-initial-block-size-main=262144"
    "memorysetup-allocator-temp-initial-block-size-worker=262144"
    "memorysetup-temp-allocator-size-background-worker=32768"
    "memorysetup-temp-allocator-size-job-worker=262144"
    "memorysetup-temp-allocator-size-preload-manager=33554432"
    "memorysetup-temp-allocator-size-nav-mesh-worker=65536"
    "memorysetup-temp-allocator-size-audio-worker=65536"
    "memorysetup-temp-allocator-size-cloud-worker=32768"
    "memorysetup-temp-allocator-size-gi-baking-worker=262144"
    "memorysetup-temp-allocator-size-gi-baking-worker=262144"
    "memorysetup-temp-allocator-size-gi-baking-worker=262144"
    "memorysetup-temp-allocator-size-gi-baking-worker=262144"
    "memorysetup-temp-allocator-size-gfx=262144"
Player connection [27900] Host "[IP] 192.168.1.106 [Port] 0 [Flags] 2 [Guid] 865752401 [EditorId] 865752401 [Version] 1048832 [Id] WindowsEditor(7,DESKTOP-I4N517B) [Debug] 1 [PackageName] WindowsEditor [ProjectName] Editor" joined multi-casting on [225.0.0.222:54997]...
Player connection [27900] Host "[IP] 192.168.1.106 [Port] 0 [Flags] 2 [Guid] 865752401 [EditorId] 865752401 [Version] 1048832 [Id] WindowsEditor(7,DESKTOP-I4N517B) [Debug] 1 [PackageName] WindowsEditor [ProjectName] Editor" joined alternative multi-casting on [225.0.0.222:34997]...
JobSystem: Creating JobQueue using job-worker-count value 11
[Physics::Module] Initialized MultithreadedJobDispatcher with 11 workers.
Library Redirect Path: Library/
Refreshing native plugins compatible for Editor in 0.99 ms, found 3 plugins.
Preloading 0 native plugins for Editor in 0.00 ms.
Initialize engine version: 2023.2.18f1 (1cb755715f58)
[Subsystems] Discovering subsystems at path C:/Program Files/Unity/Hub/Editor/2023.2.18f1/Editor/Data/Resources/UnitySubsystems
[Subsystems] Discovering subsystems at path C:/Users/goal2/RPGgame/Assets
GfxDevice: creating device client; kGfxThreadingModeNonThreaded
Direct3D:
    Version:  Direct3D 11.0 [level 11.1]
    Renderer: NVIDIA GeForce RTX 3070 Ti (ID=0x2482)
    Vendor:   NVIDIA
    VRAM:     8031 MB
    Driver:   31.0.15.3699
Initialize mono
Mono path[0] = 'C:/Program Files/Unity/Hub/Editor/2023.2.18f1/Editor/Data/Managed'
Mono path[1] = 'C:/Program Files/Unity/Hub/Editor/2023.2.18f1/Editor/Data/MonoBleedingEdge/lib/mono/unityjit-win32'
Mono config path = 'C:/Program Files/Unity/Hub/Editor/2023.2.18f1/Editor/Data/MonoBleedingEdge/etc'
Using monoOptions --debugger-agent=transport=dt_socket,embedding=1,server=y,suspend=n,address=127.0.0.1:56076
Begin MonoManager ReloadAssembly
C:\build\output\Unity-Technologies\mono\mono\metadata\icall.c:1842:
C:\build\output\Unity-Technologies\mono\mono\metadata\icall.c:1842:
C:\build\output\Unity-Technologies\mono\mono\metadata\icall.c:1842:
C:\build\output\Unity-Technologies\mono\mono\metadata\icall.c:1842:
C:\build\output\Unity-Technologies\mono\mono\metadata\icall.c:1842:
C:\build\output\Unity-Technologies\mono\mono\metadata\icall.c:1842:
C:\build\output\Unity-Technologies\mono\mono\metadata\icall.c:1842:
C:\build\output\Unity-Technologies\mono\mono\metadata\icall.c:1842:
C:\build\output\Unity-Technologies\mono\mono\metadata\icall.c:1842:
C:\build\output\Unity-Technologies\mono\mono\metadata\icall.c:1842:
Registering precompiled unity dll's ...
Register platform support module: C:/Program Files/Unity/Hub/Editor/2023.2.18f1/Editor/Data/PlaybackEngines/MacStandaloneSupport/UnityEditor.OSXStandalone.Extensions.dll
Register platform support module: C:/Program Files/Unity/Hub/Editor/2023.2.18f1/Editor/Data/PlaybackEngines/WindowsStandaloneSupport/UnityEditor.WindowsStandalone.Extensions.dll
Register platform support module: C:/Program Files/Unity/Hub/Editor/2023.2.18f1/Editor/Data/PlaybackEngines/AndroidPlayer/UnityEditor.Android.Extensions.dll
Register platform support module: C:/Program Files/Unity/Hub/Editor/2023.2.18f1/Editor/Data/PlaybackEngines/iOSSupport/UnityEditor.iOS.Extensions.dll
Registered in 0.004383 seconds.
- Loaded All Assemblies, in  0.287 seconds
[usbmuxd] Start listen thread
[usbmuxd] Listen thread started
Native extension for iOS target not found
Native extension for Android target not found
Android Extension - Scanning For ADB Devices 202 ms
Native extension for WindowsStandalone target not found
Native extension for OSXStandalone target not found
Mono: successfully reloaded assembly
C:\build\output\Unity-Technologies\mono\mono\metadata\icall.c:1842:
C:\build\output\Unity-Technologies\mono\mono\metadata\icall.c:1842:
- Finished resetting the current domain, in  0.483 seconds
Domain Reload Profiling: 769ms
	BeginReloadAssembly (84ms)
		ExecutionOrderSort (0ms)
		DisableScriptedObjects (0ms)
		BackupInstance (0ms)
		ReleaseScriptingObjects (0ms)
		CreateAndSetChildDomain (1ms)
	RebuildCommonClasses (27ms)
	RebuildNativeTypeToScriptingClass (9ms)
	initialDomainReloadingComplete (40ms)
	LoadAllAssembliesAndSetupDomain (125ms)
		LoadAssemblies (83ms)
		RebuildTransferFunctionScriptingTraits (0ms)
		AnalyzeDomain (122ms)
			TypeCache.Refresh (121ms)
				TypeCache.ScanAssembly (110ms)
			BuildScriptInfoCaches (0ms)
			ResolveRequiredComponents (0ms)
	FinalizeReload (483ms)
		ReleaseScriptCaches (0ms)
		RebuildScriptCaches (0ms)
		SetupLoadedEditorAssemblies (441ms)
			LogAssemblyErrors (0ms)
			InitializePlatformSupportModulesInManaged (292ms)
			SetLoadedEditorAssemblies (3ms)
			BeforeProcessingInitializeOnLoad (4ms)
			ProcessInitializeOnLoadAttributes (107ms)
			ProcessInitializeOnLoadMethodAttributes (35ms)
			AfterProcessingInitializeOnLoad (0ms)
			EditorAssembliesLoaded (0ms)
		ExecutionOrderSort2 (0ms)
		AwakeInstancesAfterBackupRestoration (0ms)
========================================================================
Worker process is ready to serve import requests
Import Worker Mode flag is 0x00
Begin MonoManager ReloadAssembly
C:\build\output\Unity-Technologies\mono\mono\metadata\icall.c:1842:
C:\build\output\Unity-Technologies\mono\mono\metadata\icall.c:1842:
C:\build\output\Unity-Technologies\mono\mono\metadata\icall.c:1842:
C:\build\output\Unity-Technologies\mono\mono\metadata\icall.c:1842:
C:\build\output\Unity-Technologies\mono\mono\metadata\icall.c:1842:
C:\build\output\Unity-Technologies\mono\mono\metadata\icall.c:1842:
C:\build\output\Unity-Technologies\mono\mono\metadata\icall.c:1842:
C:\build\output\Unity-Technologies\mono\mono\metadata\icall.c:1842:
C:\build\output\Unity-Technologies\mono\mono\metadata\icall.c:1842:
C:\build\output\Unity-Technologies\mono\mono\metadata\icall.c:1842:
C:\build\output\Unity-Technologies\mono\mono\metadata\icall.c:1842:
C:\build\output\Unity-Technologies\mono\mono\metadata\icall.c:1842:
Symbol file LoadedFromMemory doesn't match image C:\Users\goal2\RPGgame\Library\PackageCache\com.unity.visualscripting@1.8.0\Editor\VisualScripting.Core\Dependencies\YamlDotNet\Unity.VisualScripting.YamlDotNet.dll
Symbol file LoadedFromMemory doesn't match image C:\Users\goal2\RPGgame\Library\PackageCache\com.unity.visualscripting@1.8.0\Editor\VisualScripting.Core\Dependencies\DotNetZip\Unity.VisualScripting.IonicZip.dll
- Loaded All Assemblies, in  0.632 seconds
Refreshing native plugins compatible for Editor in 0.58 ms, found 3 plugins.
Native extension for iOS target not found
Native extension for Android target not found
Native extension for WindowsStandalone target not found
Native extension for OSXStandalone target not found
Mono: successfully reloaded assembly
- Finished resetting the current domain, in  0.465 seconds
Domain Reload Profiling: 1095ms
	BeginReloadAssembly (242ms)
		ExecutionOrderSort (0ms)
		DisableScriptedObjects (5ms)
		BackupInstance (0ms)
		ReleaseScriptingObjects (0ms)
		CreateAndSetChildDomain (25ms)
	RebuildCommonClasses (29ms)
	RebuildNativeTypeToScriptingClass (10ms)
	initialDomainReloadingComplete (29ms)
	LoadAllAssembliesAndSetupDomain (319ms)
		LoadAssemblies (238ms)
		RebuildTransferFunctionScriptingTraits (0ms)
		AnalyzeDomain (141ms)
			TypeCache.Refresh (120ms)
				TypeCache.ScanAssembly (108ms)
			BuildScriptInfoCaches (16ms)
			ResolveRequiredComponents (3ms)
	FinalizeReload (465ms)
		ReleaseScriptCaches (0ms)
		RebuildScriptCaches (0ms)
		SetupLoadedEditorAssemblies (325ms)
			LogAssemblyErrors (0ms)
			InitializePlatformSupportModulesInManaged (18ms)
			SetLoadedEditorAssemblies (3ms)
			BeforeProcessingInitializeOnLoad (30ms)
			ProcessInitializeOnLoadAttributes (255ms)
			ProcessInitializeOnLoadMethodAttributes (16ms)
			AfterProcessingInitializeOnLoad (4ms)
			EditorAssembliesLoaded (0ms)
		ExecutionOrderSort2 (0ms)
		AwakeInstancesAfterBackupRestoration (6ms)
Launched and connected shader compiler UnityShaderCompiler.exe after 0.01 seconds
Refreshing native plugins compatible for Editor in 0.99 ms, found 3 plugins.
Preloading 0 native plugins for Editor in 0.00 ms.
Unloading 10 Unused Serialized files (Serialized files now loaded: 0)
Unloading 3592 unused Assets / (0.8 MB). Loaded Objects now: 4204.
Memory consumption went from 121.5 MB to 120.7 MB.
Total: 5.931300 ms (FindLiveObjects: 0.366600 ms CreateObjectMapping: 0.363900 ms MarkObjects: 4.395600 ms  DeleteObjects: 0.804600 ms)

========================================================================
Received Import Request.
  Time since last request: 165504.454927 seconds.
  path: Assets/Imports/Cartoon_Texture_Pack/WALLS/WALL_Bricks/Materials/Wall_Brick_A.mat
  artifactKey: Guid(57affabf9cc8f1443a25f2ff280d83a8) Importer(815301076,1909f56bfc062723c751e8b465ee728b)
Start importing Assets/Imports/Cartoon_Texture_Pack/WALLS/WALL_Bricks/Materials/Wall_Brick_A.mat using Guid(57affabf9cc8f1443a25f2ff280d83a8) Importer(815301076,1909f56bfc062723c751e8b465ee728b) (PreviewImporter) -> (artifact id: '59e7e4805e3a30c88a5e9afd62973690') in 0.2849349 seconds
Number of updated asset objects reloaded before import = 0Number of asset objects unloaded after import = 6

========================================================================
Received Import Request.
  Time since last request: 53.756655 seconds.
  path: Assets/Imports/Cartoon_Texture_Pack/WALLS/WALL_Stone/Textures/Wall_Stone_B_Basecolor.png
  artifactKey: Guid(b4e2835cd8257a04ab37c4bfbf1165d6) Importer(815301076,1909f56bfc062723c751e8b465ee728b)
Start importing Assets/Imports/Cartoon_Texture_Pack/WALLS/WALL_Stone/Textures/Wall_Stone_B_Basecolor.png using Guid(b4e2835cd8257a04ab37c4bfbf1165d6) Importer(815301076,1909f56bfc062723c751e8b465ee728b) (PreviewImporter) -> (artifact id: '74187b68a4472e1a85b213a304dc04ee') in 0.0174794 seconds
Number of updated asset objects reloaded before import = 0Number of asset objects unloaded after import = 2

========================================================================
Received Prepare
Begin MonoManager ReloadAssembly
C:\build\output\Unity-Technologies\mono\mono\metadata\icall.c:1842:
C:\build\output\Unity-Technologies\mono\mono\metadata\icall.c:1842:
C:\build\output\Unity-Technologies\mono\mono\metadata\icall.c:1842:
C:\build\output\Unity-Technologies\mono\mono\metadata\icall.c:1842:
C:\build\output\Unity-Technologies\mono\mono\metadata\icall.c:1842:
C:\build\output\Unity-Technologies\mono\mono\metadata\icall.c:1842:
C:\build\output\Unity-Technologies\mono\mono\metadata\icall.c:1842:
C:\build\output\Unity-Technologies\mono\mono\metadata\icall.c:1842:
C:\build\output\Unity-Technologies\mono\mono\metadata\icall.c:1842:
C:\build\output\Unity-Technologies\mono\mono\metadata\icall.c:1842:
C:\build\output\Unity-Technologies\mono\mono\metadata\icall.c:1842:
C:\build\output\Unity-Technologies\mono\mono\metadata\icall.c:1842:
Symbol file LoadedFromMemory doesn't match image C:\Users\goal2\RPGgame\Library\PackageCache\com.unity.visualscripting@1.8.0\Editor\VisualScripting.Core\Dependencies\YamlDotNet\Unity.VisualScripting.YamlDotNet.dll
Symbol file LoadedFromMemory doesn't match image C:\Users\goal2\RPGgame\Library\PackageCache\com.unity.visualscripting@1.8.0\Editor\VisualScripting.Core\Dependencies\DotNetZip\Unity.VisualScripting.IonicZip.dll
- Loaded All Assemblies, in  0.439 seconds
Refreshing native plugins compatible for Editor in 0.73 ms, found 3 plugins.
Native extension for iOS target not found
Native extension for Android target not found
Native extension for WindowsStandalone target not found
Native extension for OSXStandalone target not found
Mono: successfully reloaded assembly
- Finished resetting the current domain, in  0.533 seconds
Domain Reload Profiling: 972ms
	BeginReloadAssembly (130ms)
		ExecutionOrderSort (0ms)
		DisableScriptedObjects (4ms)
		BackupInstance (0ms)
		ReleaseScriptingObjects (0ms)
		CreateAndSetChildDomain (39ms)
	RebuildCommonClasses (27ms)
	RebuildNativeTypeToScriptingClass (9ms)
	initialDomainReloadingComplete (21ms)
	LoadAllAssembliesAndSetupDomain (251ms)
		LoadAssemblies (212ms)
		RebuildTransferFunctionScriptingTraits (0ms)
		AnalyzeDomain (94ms)
			TypeCache.Refresh (5ms)
				TypeCache.ScanAssembly (0ms)
			BuildScriptInfoCaches (83ms)
			ResolveRequiredComponents (3ms)
	FinalizeReload (534ms)
		ReleaseScriptCaches (0ms)
		RebuildScriptCaches (0ms)
		SetupLoadedEditorAssemblies (365ms)
			LogAssemblyErrors (0ms)
			InitializePlatformSupportModulesInManaged (20ms)
			SetLoadedEditorAssemblies (4ms)
			BeforeProcessingInitializeOnLoad (38ms)
			ProcessInitializeOnLoadAttributes (282ms)
			ProcessInitializeOnLoadMethodAttributes (15ms)
			AfterProcessingInitializeOnLoad (5ms)
			EditorAssembliesLoaded (1ms)
		ExecutionOrderSort2 (0ms)
		AwakeInstancesAfterBackupRestoration (10ms)
Refreshing native plugins compatible for Editor in 0.91 ms, found 3 plugins.
Preloading 0 native plugins for Editor in 0.00 ms.
Unloading 0 Unused Serialized files (Serialized files now loaded: 0)
Unloading 3591 unused Assets / (0.7 MB). Loaded Objects now: 4248.
Memory consumption went from 122.3 MB to 121.7 MB.
Total: 5.316000 ms (FindLiveObjects: 0.512800 ms CreateObjectMapping: 0.231300 ms MarkObjects: 3.898800 ms  DeleteObjects: 0.672600 ms)

Prepare: number of updated asset objects reloaded= 0
========================================================================
Received Prepare
Begin MonoManager ReloadAssembly
C:\build\output\Unity-Technologies\mono\mono\metadata\icall.c:1842:
C:\build\output\Unity-Technologies\mono\mono\metadata\icall.c:1842:
C:\build\output\Unity-Technologies\mono\mono\metadata\icall.c:1842:
C:\build\output\Unity-Technologies\mono\mono\metadata\icall.c:1842:
C:\build\output\Unity-Technologies\mono\mono\metadata\icall.c:1842:
C:\build\output\Unity-Technologies\mono\mono\metadata\icall.c:1842:
C:\build\output\Unity-Technologies\mono\mono\metadata\icall.c:1842:
C:\build\output\Unity-Technologies\mono\mono\metadata\icall.c:1842:
C:\build\output\Unity-Technologies\mono\mono\metadata\icall.c:1842:
C:\build\output\Unity-Technologies\mono\mono\metadata\icall.c:1842:
C:\build\output\Unity-Technologies\mono\mono\metadata\icall.c:1842:
C:\build\output\Unity-Technologies\mono\mono\metadata\icall.c:1842:
Symbol file LoadedFromMemory doesn't match image C:\Users\goal2\RPGgame\Library\PackageCache\com.unity.visualscripting@1.8.0\Editor\VisualScripting.Core\Dependencies\YamlDotNet\Unity.VisualScripting.YamlDotNet.dll
Symbol file LoadedFromMemory doesn't match image C:\Users\goal2\RPGgame\Library\PackageCache\com.unity.visualscripting@1.8.0\Editor\VisualScripting.Core\Dependencies\DotNetZip\Unity.VisualScripting.IonicZip.dll
- Loaded All Assemblies, in  0.497 seconds
Refreshing native plugins compatible for Editor in 0.62 ms, found 3 plugins.
Native extension for iOS target not found
Native extension for Android target not found
Native extension for WindowsStandalone target not found
Native extension for OSXStandalone target not found
Mono: successfully reloaded assembly
- Finished resetting the current domain, in  0.534 seconds
Domain Reload Profiling: 1030ms
	BeginReloadAssembly (134ms)
		ExecutionOrderSort (0ms)
		DisableScriptedObjects (6ms)
		BackupInstance (0ms)
		ReleaseScriptingObjects (0ms)
		CreateAndSetChildDomain (37ms)
	RebuildCommonClasses (29ms)
	RebuildNativeTypeToScriptingClass (10ms)
	initialDomainReloadingComplete (20ms)
	LoadAllAssembliesAndSetupDomain (303ms)
		LoadAssemblies (247ms)
		RebuildTransferFunctionScriptingTraits (0ms)
		AnalyzeDomain (111ms)
			TypeCache.Refresh (15ms)
				TypeCache.ScanAssembly (4ms)
			BuildScriptInfoCaches (90ms)
			ResolveRequiredComponents (4ms)
	FinalizeReload (534ms)
		ReleaseScriptCaches (0ms)
		RebuildScriptCaches (0ms)
		SetupLoadedEditorAssemblies (387ms)
			LogAssemblyErrors (0ms)
			InitializePlatformSupportModulesInManaged (21ms)
			SetLoadedEditorAssemblies (5ms)
			BeforeProcessingInitializeOnLoad (36ms)
			ProcessInitializeOnLoadAttributes (304ms)
			ProcessInitializeOnLoadMethodAttributes (16ms)
			AfterProcessingInitializeOnLoad (4ms)
			EditorAssembliesLoaded (0ms)
		ExecutionOrderSort2 (0ms)
		AwakeInstancesAfterBackupRestoration (6ms)
Refreshing native plugins compatible for Editor in 0.74 ms, found 3 plugins.
Preloading 0 native plugins for Editor in 0.00 ms.
Unloading 2 Unused Serialized files (Serialized files now loaded: 0)
Unloading 3755 unused Assets / (1.2 MB). Loaded Objects now: 4410.
Memory consumption went from 126.3 MB to 125.1 MB.
Total: 6.011100 ms (FindLiveObjects: 0.417300 ms CreateObjectMapping: 0.356000 ms MarkObjects: 4.115900 ms  DeleteObjects: 1.120800 ms)

Prepare: number of updated asset objects reloaded= 0
========================================================================
Received Import Request.
  Time since last request: 307.153499 seconds.
  path: Packages/com.unity.cinemachine/package.json
  artifactKey: Guid(7a97571b2775aab4e8bf63d9ceb96743) Importer(815301076,1909f56bfc062723c751e8b465ee728b)
Start importing Packages/com.unity.cinemachine/package.json using Guid(7a97571b2775aab4e8bf63d9ceb96743) Importer(815301076,1909f56bfc062723c751e8b465ee728b) (PreviewImporter) -> (artifact id: 'a03b7eed54d51211b89157e9d469e6eb') in 0.0159619 seconds
Number of updated asset objects reloaded before import = 0Number of asset objects unloaded after import = 1

========================================================================
Received Prepare
Begin MonoManager ReloadAssembly
C:\build\output\Unity-Technologies\mono\mono\metadata\icall.c:1842:
C:\build\output\Unity-Technologies\mono\mono\metadata\icall.c:1842:
C:\build\output\Unity-Technologies\mono\mono\metadata\icall.c:1842:
C:\build\output\Unity-Technologies\mono\mono\metadata\icall.c:1842:
C:\build\output\Unity-Technologies\mono\mono\metadata\icall.c:1842:
C:\build\output\Unity-Technologies\mono\mono\metadata\icall.c:1842:
C:\build\output\Unity-Technologies\mono\mono\metadata\icall.c:1842:
C:\build\output\Unity-Technologies\mono\mono\metadata\icall.c:1842:
C:\build\output\Unity-Technologies\mono\mono\metadata\icall.c:1842:
C:\build\output\Unity-Technologies\mono\mono\metadata\icall.c:1842:
C:\build\output\Unity-Technologies\mono\mono\metadata\icall.c:1842:
C:\build\output\Unity-Technologies\mono\mono\metadata\icall.c:1842:
Symbol file LoadedFromMemory doesn't match image C:\Users\goal2\RPGgame\Library\PackageCache\com.unity.visualscripting@1.8.0\Editor\VisualScripting.Core\Dependencies\YamlDotNet\Unity.VisualScripting.YamlDotNet.dll
Symbol file LoadedFromMemory doesn't match image C:\Users\goal2\RPGgame\Library\PackageCache\com.unity.visualscripting@1.8.0\Editor\VisualScripting.Core\Dependencies\DotNetZip\Unity.VisualScripting.IonicZip.dll
- Loaded All Assemblies, in  0.453 seconds
Refreshing native plugins compatible for Editor in 0.62 ms, found 3 plugins.
Native extension for iOS target not found
Native extension for Android target not found
Native extension for WindowsStandalone target not found
Native extension for OSXStandalone target not found
Mono: successfully reloaded assembly
- Finished resetting the current domain, in  0.564 seconds
Domain Reload Profiling: 1017ms
	BeginReloadAssembly (130ms)
		ExecutionOrderSort (0ms)
		DisableScriptedObjects (4ms)
		BackupInstance (0ms)
		ReleaseScriptingObjects (0ms)
		CreateAndSetChildDomain (40ms)
	RebuildCommonClasses (27ms)
	RebuildNativeTypeToScriptingClass (10ms)
	initialDomainReloadingComplete (21ms)
	LoadAllAssembliesAndSetupDomain (264ms)
		LoadAssemblies (214ms)
		RebuildTransferFunctionScriptingTraits (0ms)
		AnalyzeDomain (105ms)
			TypeCache.Refresh (5ms)
				TypeCache.ScanAssembly (0ms)
			BuildScriptInfoCaches (94ms)
			ResolveRequiredComponents (4ms)
	FinalizeReload (565ms)
		ReleaseScriptCaches (0ms)
		RebuildScriptCaches (0ms)
		SetupLoadedEditorAssemblies (394ms)
			LogAssemblyErrors (0ms)
			InitializePlatformSupportModulesInManaged (22ms)
			SetLoadedEditorAssemblies (4ms)
			BeforeProcessingInitializeOnLoad (39ms)
			ProcessInitializeOnLoadAttributes (305ms)
			ProcessInitializeOnLoadMethodAttributes (19ms)
			AfterProcessingInitializeOnLoad (5ms)
			EditorAssembliesLoaded (0ms)
		ExecutionOrderSort2 (0ms)
		AwakeInstancesAfterBackupRestoration (9ms)
Refreshing native plugins compatible for Editor in 0.83 ms, found 3 plugins.
Preloading 0 native plugins for Editor in 0.00 ms.
Unloading 2 Unused Serialized files (Serialized files now loaded: 0)
Unloading 3755 unused Assets / (1.1 MB). Loaded Objects now: 4410.
Memory consumption went from 128.2 MB to 127.1 MB.
Total: 6.547000 ms (FindLiveObjects: 0.409900 ms CreateObjectMapping: 0.389900 ms MarkObjects: 4.454300 ms  DeleteObjects: 1.292000 ms)

Prepare: number of updated asset objects reloaded= 0
========================================================================
Received Prepare
Begin MonoManager ReloadAssembly
C:\build\output\Unity-Technologies\mono\mono\metadata\icall.c:1842:
C:\build\output\Unity-Technologies\mono\mono\metadata\icall.c:1842:
C:\build\output\Unity-Technologies\mono\mono\metadata\icall.c:1842:
C:\build\output\Unity-Technologies\mono\mono\metadata\icall.c:1842:
C:\build\output\Unity-Technologies\mono\mono\metadata\icall.c:1842:
C:\build\output\Unity-Technologies\mono\mono\metadata\icall.c:1842:
C:\build\output\Unity-Technologies\mono\mono\metadata\icall.c:1842:
C:\build\output\Unity-Technologies\mono\mono\metadata\icall.c:1842:
C:\build\output\Unity-Technologies\mono\mono\metadata\icall.c:1842:
C:\build\output\Unity-Technologies\mono\mono\metadata\icall.c:1842:
C:\build\output\Unity-Technologies\mono\mono\metadata\icall.c:1842:
C:\build\output\Unity-Technologies\mono\mono\metadata\icall.c:1842:
Symbol file LoadedFromMemory doesn't match image C:\Users\goal2\RPGgame\Library\PackageCache\com.unity.visualscripting@1.8.0\Editor\VisualScripting.Core\Dependencies\YamlDotNet\Unity.VisualScripting.YamlDotNet.dll
Symbol file LoadedFromMemory doesn't match image C:\Users\goal2\RPGgame\Library\PackageCache\com.unity.visualscripting@1.8.0\Editor\VisualScripting.Core\Dependencies\DotNetZip\Unity.VisualScripting.IonicZip.dll
- Loaded All Assemblies, in  0.454 seconds
Refreshing native plugins compatible for Editor in 0.58 ms, found 3 plugins.
Native extension for iOS target not found
Native extension for Android target not found
Native extension for WindowsStandalone target not found
Native extension for OSXStandalone target not found
Mono: successfully reloaded assembly
- Finished resetting the current domain, in  0.571 seconds
Domain Reload Profiling: 1024ms
	BeginReloadAssembly (131ms)
		ExecutionOrderSort (0ms)
		DisableScriptedObjects (4ms)
		BackupInstance (0ms)
		ReleaseScriptingObjects (0ms)
		CreateAndSetChildDomain (38ms)
	RebuildCommonClasses (26ms)
	RebuildNativeTypeToScriptingClass (10ms)
	initialDomainReloadingComplete (19ms)
	LoadAllAssembliesAndSetupDomain (267ms)
		LoadAssemblies (216ms)
		RebuildTransferFunctionScriptingTraits (0ms)
		AnalyzeDomain (107ms)
			TypeCache.Refresh (5ms)
				TypeCache.ScanAssembly (0ms)
			BuildScriptInfoCaches (95ms)
			ResolveRequiredComponents (4ms)
	FinalizeReload (571ms)
		ReleaseScriptCaches (0ms)
		RebuildScriptCaches (0ms)
		SetupLoadedEditorAssemblies (390ms)
			LogAssemblyErrors (0ms)
			InitializePlatformSupportModulesInManaged (20ms)
			SetLoadedEditorAssemblies (4ms)
			BeforeProcessingInitializeOnLoad (37ms)
			ProcessInitializeOnLoadAttributes (305ms)
			ProcessInitializeOnLoadMethodAttributes (19ms)
			AfterProcessingInitializeOnLoad (5ms)
			EditorAssembliesLoaded (0ms)
		ExecutionOrderSort2 (0ms)
		AwakeInstancesAfterBackupRestoration (8ms)
Refreshing native plugins compatible for Editor in 0.76 ms, found 3 plugins.
Preloading 0 native plugins for Editor in 0.00 ms.
Unloading 2 Unused Serialized files (Serialized files now loaded: 0)
Unloading 3755 unused Assets / (1.0 MB). Loaded Objects now: 4410.
Memory consumption went from 130.2 MB to 129.2 MB.
Total: 5.260700 ms (FindLiveObjects: 0.372500 ms CreateObjectMapping: 0.166200 ms MarkObjects: 3.910900 ms  DeleteObjects: 0.810500 ms)

Prepare: number of updated asset objects reloaded= 0
========================================================================
Received Prepare
Begin MonoManager ReloadAssembly
C:\build\output\Unity-Technologies\mono\mono\metadata\icall.c:1842:
C:\build\output\Unity-Technologies\mono\mono\metadata\icall.c:1842:
C:\build\output\Unity-Technologies\mono\mono\metadata\icall.c:1842:
C:\build\output\Unity-Technologies\mono\mono\metadata\icall.c:1842:
C:\build\output\Unity-Technologies\mono\mono\metadata\icall.c:1842:
C:\build\output\Unity-Technologies\mono\mono\metadata\icall.c:1842:
C:\build\output\Unity-Technologies\mono\mono\metadata\icall.c:1842:
C:\build\output\Unity-Technologies\mono\mono\metadata\icall.c:1842:
C:\build\output\Unity-Technologies\mono\mono\metadata\icall.c:1842:
C:\build\output\Unity-Technologies\mono\mono\metadata\icall.c:1842:
C:\build\output\Unity-Technologies\mono\mono\metadata\icall.c:1842:
C:\build\output\Unity-Technologies\mono\mono\metadata\icall.c:1842:
Symbol file LoadedFromMemory doesn't match image C:\Users\goal2\RPGgame\Library\PackageCache\com.unity.visualscripting@1.8.0\Editor\VisualScripting.Core\Dependencies\YamlDotNet\Unity.VisualScripting.YamlDotNet.dll
Symbol file LoadedFromMemory doesn't match image C:\Users\goal2\RPGgame\Library\PackageCache\com.unity.visualscripting@1.8.0\Editor\VisualScripting.Core\Dependencies\DotNetZip\Unity.VisualScripting.IonicZip.dll
- Loaded All Assemblies, in  0.448 seconds
Refreshing native plugins compatible for Editor in 0.64 ms, found 3 plugins.
Native extension for iOS target not found
Native extension for Android target not found
Native extension for WindowsStandalone target not found
Native extension for OSXStandalone target not found
Mono: successfully reloaded assembly
- Finished resetting the current domain, in  0.544 seconds
Domain Reload Profiling: 991ms
	BeginReloadAssembly (129ms)
		ExecutionOrderSort (0ms)
		DisableScriptedObjects (4ms)
		BackupInstance (0ms)
		ReleaseScriptingObjects (0ms)
		CreateAndSetChildDomain (39ms)
	RebuildCommonClasses (26ms)
	RebuildNativeTypeToScriptingClass (9ms)
	initialDomainReloadingComplete (20ms)
	LoadAllAssembliesAndSetupDomain (262ms)
		LoadAssemblies (219ms)
		RebuildTransferFunctionScriptingTraits (0ms)
		AnalyzeDomain (97ms)
			TypeCache.Refresh (6ms)
				TypeCache.ScanAssembly (0ms)
			BuildScriptInfoCaches (86ms)
			ResolveRequiredComponents (4ms)
	FinalizeReload (544ms)
		ReleaseScriptCaches (0ms)
		RebuildScriptCaches (0ms)
		SetupLoadedEditorAssemblies (381ms)
			LogAssemblyErrors (0ms)
			InitializePlatformSupportModulesInManaged (20ms)
			SetLoadedEditorAssemblies (4ms)
			BeforeProcessingInitializeOnLoad (40ms)
			ProcessInitializeOnLoadAttributes (295ms)
			ProcessInitializeOnLoadMethodAttributes (18ms)
			AfterProcessingInitializeOnLoad (4ms)
			EditorAssembliesLoaded (0ms)
		ExecutionOrderSort2 (0ms)
		AwakeInstancesAfterBackupRestoration (6ms)
Refreshing native plugins compatible for Editor in 0.83 ms, found 3 plugins.
Preloading 0 native plugins for Editor in 0.00 ms.
Unloading 2 Unused Serialized files (Serialized files now loaded: 0)
Unloading 3755 unused Assets / (1.4 MB). Loaded Objects now: 4410.
Memory consumption went from 132.1 MB to 130.7 MB.
Total: 6.295100 ms (FindLiveObjects: 0.448800 ms CreateObjectMapping: 0.226300 ms MarkObjects: 4.090500 ms  DeleteObjects: 1.528600 ms)

Prepare: number of updated asset objects reloaded= 0
========================================================================
Received Import Request.
  Time since last request: 1608.901993 seconds.
  path: Assets/Imports/MedievalBuildings
  artifactKey: Guid(38b7d918ebd3bc24ea5e12bc39554c26) Importer(815301076,1909f56bfc062723c751e8b465ee728b)
Start importing Assets/Imports/MedievalBuildings using Guid(38b7d918ebd3bc24ea5e12bc39554c26) Importer(815301076,1909f56bfc062723c751e8b465ee728b) (PreviewImporter) -> (artifact id: '99a12c5ebfbb8e5e58a99b678a97eada') in 0.0054736 seconds
Number of updated asset objects reloaded before import = 0Number of asset objects unloaded after import = 0

========================================================================
Received Import Request.
  Time since last request: 5.016588 seconds.
  path: Assets/Imports/MedievalBuildings/Scenes
  artifactKey: Guid(8803c3fb9bad6e344854f83284b992a3) Importer(815301076,1909f56bfc062723c751e8b465ee728b)
Start importing Assets/Imports/MedievalBuildings/Scenes using Guid(8803c3fb9bad6e344854f83284b992a3) Importer(815301076,1909f56bfc062723c751e8b465ee728b) (PreviewImporter) -> (artifact id: '2bf38c0c645c8b377478a62b55774a2c') in 0.0004629 seconds
Number of updated asset objects reloaded before import = 0Number of asset objects unloaded after import = 0

========================================================================
Received Import Request.
  Time since last request: 1.568930 seconds.
  path: Assets/Imports/MedievalBuildings/Scenes/Overview.unity
  artifactKey: Guid(b41b44a2a1d654f47a3267f86c06bb43) Importer(815301076,1909f56bfc062723c751e8b465ee728b)
Start importing Assets/Imports/MedievalBuildings/Scenes/Overview.unity using Guid(b41b44a2a1d654f47a3267f86c06bb43) Importer(815301076,1909f56bfc062723c751e8b465ee728b) (PreviewImporter) -> (artifact id: '20c69ecf491f746166debbdc49e175ff') in 0.0005005 seconds
Number of updated asset objects reloaded before import = 0Number of asset objects unloaded after import = 0

========================================================================
Received Import Request.
  Time since last request: 95.626815 seconds.
  path: Assets/Scenes/AdventureScene.unity
  artifactKey: Guid(e925ab4c632ba474e8f258f6f4d306fe) Importer(815301076,1909f56bfc062723c751e8b465ee728b)
Start importing Assets/Scenes/AdventureScene.unity using Guid(e925ab4c632ba474e8f258f6f4d306fe) Importer(815301076,1909f56bfc062723c751e8b465ee728b) (PreviewImporter) -> (artifact id: '04d1d728d9c5dafa28c16ffc340deac5') in 0.0005956 seconds
Number of updated asset objects reloaded before import = 0Number of asset objects unloaded after import = 0

========================================================================
Received Import Request.
  Time since last request: 278.115848 seconds.
  path: Assets/Imports/MedievalBuildings/Materials/M_Arsenal.mat
  artifactKey: Guid(41671c24431a86247af3b15caf0bb9cb) Importer(815301076,1909f56bfc062723c751e8b465ee728b)
Start importing Assets/Imports/MedievalBuildings/Materials/M_Arsenal.mat using Guid(41671c24431a86247af3b15caf0bb9cb) Importer(815301076,1909f56bfc062723c751e8b465ee728b) (PreviewImporter) -> (artifact id: 'ec5678addd17ec1e172073d32d6a5259') in 0.2478669 seconds
Number of updated asset objects reloaded before import = 0Number of asset objects unloaded after import = 4

========================================================================
Received Import Request.
  Time since last request: 0.000025 seconds.
  path: Assets/Imports/MedievalBuildings/Materials/M_House11.mat
  artifactKey: Guid(45a443a0b0f3be2448d67b39dce85c05) Importer(815301076,1909f56bfc062723c751e8b465ee728b)
Start importing Assets/Imports/MedievalBuildings/Materials/M_House11.mat using Guid(45a443a0b0f3be2448d67b39dce85c05) Importer(815301076,1909f56bfc062723c751e8b465ee728b) (PreviewImporter) -> (artifact id: '22782b3796eb4803aebc609032ee4faf') in 0.0165796 seconds
Number of updated asset objects reloaded before import = 0Number of asset objects unloaded after import = 4

========================================================================
Received Import Request.
  Time since last request: 0.000025 seconds.
  path: Assets/Imports/MedievalBuildings/Materials/M_House01.mat
  artifactKey: Guid(83c7674c86cd144409a3ae25a6fdc518) Importer(815301076,1909f56bfc062723c751e8b465ee728b)
Start importing Assets/Imports/MedievalBuildings/Materials/M_House01.mat using Guid(83c7674c86cd144409a3ae25a6fdc518) Importer(815301076,1909f56bfc062723c751e8b465ee728b) (PreviewImporter) -> (artifact id: '96c7d46071f7861807730590055c76a5') in 0.0149029 seconds
Number of updated asset objects reloaded before import = 0Number of asset objects unloaded after import = 4

========================================================================
Received Import Request.
  Time since last request: 0.000018 seconds.
  path: Assets/Imports/MedievalBuildings/Materials/M_HouseRuins01.mat
  artifactKey: Guid(c01f63b9e7b37f740a549be0b8980a69) Importer(815301076,1909f56bfc062723c751e8b465ee728b)
Start importing Assets/Imports/MedievalBuildings/Materials/M_HouseRuins01.mat using Guid(c01f63b9e7b37f740a549be0b8980a69) Importer(815301076,1909f56bfc062723c751e8b465ee728b) (PreviewImporter) -> (artifact id: 'ee248f3128fa2cd9fca94ea7c42f6133') in 0.0900742 seconds
Number of updated asset objects reloaded before import = 0Number of asset objects unloaded after import = 3

========================================================================
Received Import Request.
  Time since last request: 0.000020 seconds.
  path: Assets/Imports/MedievalBuildings/Materials/M_House13.mat
  artifactKey: Guid(06f108a9fd4dd254d9d61d78e37e9857) Importer(815301076,1909f56bfc062723c751e8b465ee728b)
Start importing Assets/Imports/MedievalBuildings/Materials/M_House13.mat using Guid(06f108a9fd4dd254d9d61d78e37e9857) Importer(815301076,1909f56bfc062723c751e8b465ee728b) (PreviewImporter) -> (artifact id: '8d38ed199fd5a5926a7eff88badb15d1') in 0.0143387 seconds
Number of updated asset objects reloaded before import = 0Number of asset objects unloaded after import = 4

========================================================================
Received Import Request.
  Time since last request: 0.000019 seconds.
  path: Assets/Imports/MedievalBuildings/Materials/M_House07.mat
  artifactKey: Guid(38092e85de0ae4b41ad6164dca00caa6) Importer(815301076,1909f56bfc062723c751e8b465ee728b)
Start importing Assets/Imports/MedievalBuildings/Materials/M_House07.mat using Guid(38092e85de0ae4b41ad6164dca00caa6) Importer(815301076,1909f56bfc062723c751e8b465ee728b) (PreviewImporter) -> (artifact id: 'b7d92e0912346a6db6cd22152df2334a') in 0.012762 seconds
Number of updated asset objects reloaded before import = 0Number of asset objects unloaded after import = 4

========================================================================
Received Import Request.
  Time since last request: 0.000023 seconds.
  path: Assets/Imports/MedievalBuildings/Materials/M_Castle02.mat
  artifactKey: Guid(8cf0ee9a7e18c364cb3e2d97ecffa896) Importer(815301076,1909f56bfc062723c751e8b465ee728b)
Start importing Assets/Imports/MedievalBuildings/Materials/M_Castle02.mat using Guid(8cf0ee9a7e18c364cb3e2d97ecffa896) Importer(815301076,1909f56bfc062723c751e8b465ee728b) (PreviewImporter) -> (artifact id: 'd5a6af899a15205b4c3b5ae23fd02c45') in 0.0146514 seconds
Number of updated asset objects reloaded before import = 0Number of asset objects unloaded after import = 4

========================================================================
Received Import Request.
  Time since last request: 0.000023 seconds.
  path: Assets/Imports/MedievalBuildings/Materials/M_House04.mat
  artifactKey: Guid(b36a93eabbf23e444af35932262cbaf4) Importer(815301076,1909f56bfc062723c751e8b465ee728b)
Start importing Assets/Imports/MedievalBuildings/Materials/M_House04.mat using Guid(b36a93eabbf23e444af35932262cbaf4) Importer(815301076,1909f56bfc062723c751e8b465ee728b) (PreviewImporter) -> (artifact id: 'f3f4a3a02ec996ec37a4892cbbeb7c80') in 0.0177297 seconds
Number of updated asset objects reloaded before import = 0Number of asset objects unloaded after import = 4

========================================================================
Received Import Request.
  Time since last request: 0.000031 seconds.
  path: Assets/Imports/MedievalBuildings/Materials/M_Castle03.mat
  artifactKey: Guid(e0627b7fdb501d74fa742c763a05ae12) Importer(815301076,1909f56bfc062723c751e8b465ee728b)
Start importing Assets/Imports/MedievalBuildings/Materials/M_Castle03.mat using Guid(e0627b7fdb501d74fa742c763a05ae12) Importer(815301076,1909f56bfc062723c751e8b465ee728b) (PreviewImporter) -> (artifact id: 'f2610bc4ca431cf8d47e401070a2da4d') in 0.0210885 seconds
Number of updated asset objects reloaded before import = 0Number of asset objects unloaded after import = 4

========================================================================
Received Import Request.
  Time since last request: 0.000035 seconds.
  path: Assets/Imports/MedievalBuildings/Materials/M_House06.mat
  artifactKey: Guid(35c75449184251348860c4ed2e19d315) Importer(815301076,1909f56bfc062723c751e8b465ee728b)
Start importing Assets/Imports/MedievalBuildings/Materials/M_House06.mat using Guid(35c75449184251348860c4ed2e19d315) Importer(815301076,1909f56bfc062723c751e8b465ee728b) (PreviewImporter) -> (artifact id: 'f64860b9e7cf92b233363c52d3238cb9') in 0.0170723 seconds
Number of updated asset objects reloaded before import = 0Number of asset objects unloaded after import = 4

========================================================================
Received Import Request.
  Time since last request: 0.000027 seconds.
  path: Assets/Imports/MedievalBuildings/Materials/M_HouseRuins02.mat
  artifactKey: Guid(d5d3d6b3ab939e546b5b45f6f0522f6a) Importer(815301076,1909f56bfc062723c751e8b465ee728b)
Start importing Assets/Imports/MedievalBuildings/Materials/M_HouseRuins02.mat using Guid(d5d3d6b3ab939e546b5b45f6f0522f6a) Importer(815301076,1909f56bfc062723c751e8b465ee728b) (PreviewImporter) -> (artifact id: '32fc244eeab3a77b5a1dd98ec0110cc0') in 0.017222 seconds
Number of updated asset objects reloaded before import = 0Number of asset objects unloaded after import = 3

========================================================================
Received Import Request.
  Time since last request: 0.000034 seconds.
  path: Assets/Imports/MedievalBuildings/Materials/M_House08.mat
  artifactKey: Guid(767c7c5e09c9b2b4183a34bf7c366a5a) Importer(815301076,1909f56bfc062723c751e8b465ee728b)
Start importing Assets/Imports/MedievalBuildings/Materials/M_House08.mat using Guid(767c7c5e09c9b2b4183a34bf7c366a5a) Importer(815301076,1909f56bfc062723c751e8b465ee728b) (PreviewImporter) -> (artifact id: '04b36230c28161eb4087ce5de97abee7') in 0.0197186 seconds
Number of updated asset objects reloaded before import = 0Number of asset objects unloaded after import = 4

========================================================================
Received Import Request.
  Time since last request: 0.617037 seconds.
  path: Assets/Imports/MedievalBuildings/Meshes/SM_Arsenal.fbx
  artifactKey: Guid(dccac5ea73eaaba478a91769ffbadddc) Importer(815301076,1909f56bfc062723c751e8b465ee728b)
Start importing Assets/Imports/MedievalBuildings/Meshes/SM_Arsenal.fbx using Guid(dccac5ea73eaaba478a91769ffbadddc) Importer(815301076,1909f56bfc062723c751e8b465ee728b) (PreviewImporter) -> (artifact id: '01d2c3217b0237b53dd9ed94a64a383c') in 0.050574 seconds
Number of updated asset objects reloaded before import = 0Number of asset objects unloaded after import = 8

========================================================================
Received Import Request.
  Time since last request: 0.000021 seconds.
  path: Assets/Imports/MedievalBuildings/Meshes/SM_Castle03.fbx
  artifactKey: Guid(94f74a6406255964aad4d9afdb5b82fe) Importer(815301076,1909f56bfc062723c751e8b465ee728b)
Start importing Assets/Imports/MedievalBuildings/Meshes/SM_Castle03.fbx using Guid(94f74a6406255964aad4d9afdb5b82fe) Importer(815301076,1909f56bfc062723c751e8b465ee728b) (PreviewImporter) -> (artifact id: '48375c09747152300e23a157ed018697') in 0.0162228 seconds
Number of updated asset objects reloaded before import = 0Number of asset objects unloaded after import = 8

========================================================================
Received Import Request.
  Time since last request: 0.000015 seconds.
  path: Assets/Imports/MedievalBuildings/Meshes/SM_BlacksmithsHouse02.fbx
  artifactKey: Guid(921d3d8318e50824f8b745cb14458995) Importer(815301076,1909f56bfc062723c751e8b465ee728b)
Start importing Assets/Imports/MedievalBuildings/Meshes/SM_BlacksmithsHouse02.fbx using Guid(921d3d8318e50824f8b745cb14458995) Importer(815301076,1909f56bfc062723c751e8b465ee728b) (PreviewImporter) -> (artifact id: '86478e9f1b510addd2d3e1cb830255c6') in 0.0193076 seconds
Number of updated asset objects reloaded before import = 0Number of asset objects unloaded after import = 8

========================================================================
Received Import Request.
  Time since last request: 0.000026 seconds.
  path: Assets/Imports/MedievalBuildings/Meshes/SM_House03.fbx
  artifactKey: Guid(11ad7cb9c1754554ab16ca374db48aa2) Importer(815301076,1909f56bfc062723c751e8b465ee728b)
Start importing Assets/Imports/MedievalBuildings/Meshes/SM_House03.fbx using Guid(11ad7cb9c1754554ab16ca374db48aa2) Importer(815301076,1909f56bfc062723c751e8b465ee728b) (PreviewImporter) -> (artifact id: '5084e93d33772a60c55a7fac45cac68e') in 0.0194311 seconds
Number of updated asset objects reloaded before import = 0Number of asset objects unloaded after import = 8

========================================================================
Received Import Request.
  Time since last request: 0.000014 seconds.
  path: Assets/Imports/MedievalBuildings/Meshes/SM_HouseRuins01.fbx
  artifactKey: Guid(8396eef5e6a1e504ca907be9e04b3435) Importer(815301076,1909f56bfc062723c751e8b465ee728b)
Start importing Assets/Imports/MedievalBuildings/Meshes/SM_HouseRuins01.fbx using Guid(8396eef5e6a1e504ca907be9e04b3435) Importer(815301076,1909f56bfc062723c751e8b465ee728b) (PreviewImporter) -> (artifact id: 'b6e63e77b23f886763d015d7392508e1') in 0.0170197 seconds
Number of updated asset objects reloaded before import = 0Number of asset objects unloaded after import = 8

========================================================================
Received Import Request.
  Time since last request: 0.000017 seconds.
  path: Assets/Imports/MedievalBuildings/Meshes/SM_House15.fbx
  artifactKey: Guid(05d95876d1e9cd44aa450982857716d2) Importer(815301076,1909f56bfc062723c751e8b465ee728b)
Start importing Assets/Imports/MedievalBuildings/Meshes/SM_House15.fbx using Guid(05d95876d1e9cd44aa450982857716d2) Importer(815301076,1909f56bfc062723c751e8b465ee728b) (PreviewImporter) -> (artifact id: '2f8ecf531629a4251a385fcfebe60a9d') in 0.0174403 seconds
Number of updated asset objects reloaded before import = 0Number of asset objects unloaded after import = 8

========================================================================
Received Import Request.
  Time since last request: 0.000016 seconds.
  path: Assets/Imports/MedievalBuildings/Meshes/SM_House12.fbx
  artifactKey: Guid(e25efcc7fc5c24c4098571ba1708b78f) Importer(815301076,1909f56bfc062723c751e8b465ee728b)
Start importing Assets/Imports/MedievalBuildings/Meshes/SM_House12.fbx using Guid(e25efcc7fc5c24c4098571ba1708b78f) Importer(815301076,1909f56bfc062723c751e8b465ee728b) (PreviewImporter) -> (artifact id: '30792f77b97b5f35ddd5a5f777965bb0') in 0.0192372 seconds
Number of updated asset objects reloaded before import = 0Number of asset objects unloaded after import = 10

========================================================================
Received Import Request.
  Time since last request: 0.000016 seconds.
  path: Assets/Imports/MedievalBuildings/Meshes/SM_HouseRuins02.fbx
  artifactKey: Guid(13033114dfd16e74fabe2598c2211920) Importer(815301076,1909f56bfc062723c751e8b465ee728b)
Start importing Assets/Imports/MedievalBuildings/Meshes/SM_HouseRuins02.fbx using Guid(13033114dfd16e74fabe2598c2211920) Importer(815301076,1909f56bfc062723c751e8b465ee728b) (PreviewImporter) -> (artifact id: 'f7e2df9a6e6ca84bd2cfa0bdae891d53') in 0.0198692 seconds
Number of updated asset objects reloaded before import = 0Number of asset objects unloaded after import = 10

========================================================================
Received Import Request.
  Time since last request: 0.000027 seconds.
  path: Assets/Imports/MedievalBuildings/Meshes/SM_Church02.fbx
  artifactKey: Guid(d1928ceb2f0b33849925f17fb142cf5a) Importer(815301076,1909f56bfc062723c751e8b465ee728b)
Start importing Assets/Imports/MedievalBuildings/Meshes/SM_Church02.fbx using Guid(d1928ceb2f0b33849925f17fb142cf5a) Importer(815301076,1909f56bfc062723c751e8b465ee728b) (PreviewImporter) -> (artifact id: '69e861b8be5351e30d4b1ab7a8b9a265') in 0.0202858 seconds
Number of updated asset objects reloaded before import = 0Number of asset objects unloaded after import = 8

========================================================================
Received Import Request.
  Time since last request: 0.000024 seconds.
  path: Assets/Imports/MedievalBuildings/Meshes/SM_House14.fbx
  artifactKey: Guid(32c3aae94e41bea458035d65e2782357) Importer(815301076,1909f56bfc062723c751e8b465ee728b)
Start importing Assets/Imports/MedievalBuildings/Meshes/SM_House14.fbx using Guid(32c3aae94e41bea458035d65e2782357) Importer(815301076,1909f56bfc062723c751e8b465ee728b) (PreviewImporter) -> (artifact id: '7ff04387d56db61aca482ede5ca8501b') in 0.0193092 seconds
Number of updated asset objects reloaded before import = 0Number of asset objects unloaded after import = 10

========================================================================
Received Import Request.
  Time since last request: 0.000019 seconds.
  path: Assets/Imports/MedievalBuildings/Meshes/SM_House07.fbx
  artifactKey: Guid(a435459015e309b4aacf598363d6c6fa) Importer(815301076,1909f56bfc062723c751e8b465ee728b)
Start importing Assets/Imports/MedievalBuildings/Meshes/SM_House07.fbx using Guid(a435459015e309b4aacf598363d6c6fa) Importer(815301076,1909f56bfc062723c751e8b465ee728b) (PreviewImporter) -> (artifact id: '73f7c18674301577ef6d4352f3b64886') in 0.0178309 seconds
Number of updated asset objects reloaded before import = 0Number of asset objects unloaded after import = 8

========================================================================
Received Import Request.
  Time since last request: 0.000025 seconds.
  path: Assets/Imports/MedievalBuildings/Meshes/SM_House10.fbx
  artifactKey: Guid(21cd097d8ae26c24eba190e66e7f2f0a) Importer(815301076,1909f56bfc062723c751e8b465ee728b)
Start importing Assets/Imports/MedievalBuildings/Meshes/SM_House10.fbx using Guid(21cd097d8ae26c24eba190e66e7f2f0a) Importer(815301076,1909f56bfc062723c751e8b465ee728b) (PreviewImporter) -> (artifact id: 'af1321a6895b2f478025811414ef7db8') in 0.0194642 seconds
Number of updated asset objects reloaded before import = 0Number of asset objects unloaded after import = 8

========================================================================
Received Import Request.
  Time since last request: 0.000026 seconds.
  path: Assets/Imports/MedievalBuildings/Meshes/SM_House13.fbx
  artifactKey: Guid(8d2b541f73bf1584d87e53bfb9baa46e) Importer(815301076,1909f56bfc062723c751e8b465ee728b)
Start importing Assets/Imports/MedievalBuildings/Meshes/SM_House13.fbx using Guid(8d2b541f73bf1584d87e53bfb9baa46e) Importer(815301076,1909f56bfc062723c751e8b465ee728b) (PreviewImporter) -> (artifact id: 'ad5de9f52dbad019d92758708318f6fc') in 0.0193215 seconds
Number of updated asset objects reloaded before import = 0Number of asset objects unloaded after import = 8

========================================================================
Received Import Request.
  Time since last request: 3.159224 seconds.
  path: Assets/Imports/MedievalBuildings/Prefabs/SM_Arsenal.prefab
  artifactKey: Guid(59709aedffcfd0d4d8964bd83a8d39f5) Importer(815301076,1909f56bfc062723c751e8b465ee728b)
Start importing Assets/Imports/MedievalBuildings/Prefabs/SM_Arsenal.prefab using Guid(59709aedffcfd0d4d8964bd83a8d39f5) Importer(815301076,1909f56bfc062723c751e8b465ee728b) (PreviewImporter) -> (artifact id: '8ead56c7b89a5e5b9f9a12939584c2a1') in 0.0224947 seconds
Number of updated asset objects reloaded before import = 0Number of asset objects unloaded after import = 20

========================================================================
Received Import Request.
  Time since last request: 0.000016 seconds.
  path: Assets/Imports/MedievalBuildings/Prefabs/SM_House09.prefab
  artifactKey: Guid(9a643de90c428ae4ea0eb6aef3d34ba7) Importer(815301076,1909f56bfc062723c751e8b465ee728b)
Start importing Assets/Imports/MedievalBuildings/Prefabs/SM_House09.prefab using Guid(9a643de90c428ae4ea0eb6aef3d34ba7) Importer(815301076,1909f56bfc062723c751e8b465ee728b) (PreviewImporter) -> (artifact id: '0cacd65e6c8a03883e1a280440849c00') in 0.0156412 seconds
Number of updated asset objects reloaded before import = 0Number of asset objects unloaded after import = 20

========================================================================
Received Import Request.
  Time since last request: 0.000022 seconds.
  path: Assets/Imports/MedievalBuildings/Prefabs/SM_Church01.prefab
  artifactKey: Guid(e95d10a3ea2265e4db5b9bf55cb412ac) Importer(815301076,1909f56bfc062723c751e8b465ee728b)
Start importing Assets/Imports/MedievalBuildings/Prefabs/SM_Church01.prefab using Guid(e95d10a3ea2265e4db5b9bf55cb412ac) Importer(815301076,1909f56bfc062723c751e8b465ee728b) (PreviewImporter) -> (artifact id: '6a14e6cb067475b9347e2873ac1bf314') in 0.0151772 seconds
Number of updated asset objects reloaded before import = 0Number of asset objects unloaded after import = 20

========================================================================
Received Import Request.
  Time since last request: 0.000026 seconds.
  path: Assets/Imports/MedievalBuildings/Prefabs/SM_House05.prefab
  artifactKey: Guid(32c8ef9534f03a544a5c5eee97487a43) Importer(815301076,1909f56bfc062723c751e8b465ee728b)
Start importing Assets/Imports/MedievalBuildings/Prefabs/SM_House05.prefab using Guid(32c8ef9534f03a544a5c5eee97487a43) Importer(815301076,1909f56bfc062723c751e8b465ee728b) (PreviewImporter) -> (artifact id: 'cc203092d8d45572023a6342c4459e24') in 0.0191779 seconds
Number of updated asset objects reloaded before import = 0Number of asset objects unloaded after import = 20

========================================================================
Received Import Request.
  Time since last request: 0.000028 seconds.
  path: Assets/Imports/MedievalBuildings/Prefabs/SM_House12.prefab
  artifactKey: Guid(9dbc1688453ce08419a264d73991cc18) Importer(815301076,1909f56bfc062723c751e8b465ee728b)
Start importing Assets/Imports/MedievalBuildings/Prefabs/SM_House12.prefab using Guid(9dbc1688453ce08419a264d73991cc18) Importer(815301076,1909f56bfc062723c751e8b465ee728b) (PreviewImporter) -> (artifact id: '3da6f4205bd79df7a188378ad174e381') in 0.0246923 seconds
Number of updated asset objects reloaded before import = 0Number of asset objects unloaded after import = 23

========================================================================
Received Import Request.
  Time since last request: 0.000015 seconds.
  path: Assets/Imports/MedievalBuildings/Prefabs/SM_House03.prefab
  artifactKey: Guid(60a2fb9850a50f543a68c61adfc1694b) Importer(815301076,1909f56bfc062723c751e8b465ee728b)
Start importing Assets/Imports/MedievalBuildings/Prefabs/SM_House03.prefab using Guid(60a2fb9850a50f543a68c61adfc1694b) Importer(815301076,1909f56bfc062723c751e8b465ee728b) (PreviewImporter) -> (artifact id: 'd506efd37ba38cb171c30a8c1bebcfec') in 0.0196423 seconds
Number of updated asset objects reloaded before import = 0Number of asset objects unloaded after import = 19

========================================================================
Received Import Request.
  Time since last request: 0.000026 seconds.
  path: Assets/Imports/MedievalBuildings/Prefabs/SM_House10.prefab
  artifactKey: Guid(ce9b953a63fc07a43a1252625d655b8d) Importer(815301076,1909f56bfc062723c751e8b465ee728b)
Start importing Assets/Imports/MedievalBuildings/Prefabs/SM_House10.prefab using Guid(ce9b953a63fc07a43a1252625d655b8d) Importer(815301076,1909f56bfc062723c751e8b465ee728b) (PreviewImporter) -> (artifact id: 'ca734d492d845626ca26ad7e91251e27') in 0.0232345 seconds
Number of updated asset objects reloaded before import = 0Number of asset objects unloaded after import = 20

========================================================================
Received Import Request.
  Time since last request: 0.000026 seconds.
  path: Assets/Imports/MedievalBuildings/Prefabs/SM_House08.prefab
  artifactKey: Guid(5d260b16ab0d93741a0752bb9b72ad7c) Importer(815301076,1909f56bfc062723c751e8b465ee728b)
Start importing Assets/Imports/MedievalBuildings/Prefabs/SM_House08.prefab using Guid(5d260b16ab0d93741a0752bb9b72ad7c) Importer(815301076,1909f56bfc062723c751e8b465ee728b) (PreviewImporter) -> (artifact id: '4c7149e696a229308b33c6a2fbf05ecd') in 0.0272457 seconds
Number of updated asset objects reloaded before import = 0Number of asset objects unloaded after import = 20

Editor requested this worker to shutdown with reason: Scaling down because of idle timeout
AssetImportWorker is now disconnected from the server
Process exiting
Exiting without the bug reporter. Application will terminate with return code 0