Using pre-set license
Built from '2023.2/staging' branch; Version is '2023.2.18f1 (1cb755715f58) revision 1881941'; Using compiler version '193431935'; Build Type 'Release'
OS: 'Windows 11  (10.0.22631) 64bit Core' Language: 'ja' Physical Memory: 16309 MB
BatchMode: 1, IsHumanControllingUs: 0, StartBugReporterOnCrash: 0, Is64bit: 1, IsPro: 1

COMMAND LINE ARGUMENTS:
C:\Program Files\Unity\Hub\Editor\2023.2.18f1\Editor\Unity.exe
-adb2
-batchMode
-noUpm
-name
AssetImportWorker17
-projectPath
C:/Users/goal2/RPGgame
-logFile
Logs/AssetImportWorker17.log
-srvPort
55227
-job-worker-count
11
-background-job-worker-count
8
-asset-garbage-collectors
1
Successfully changed project path to: C:/Users/goal2/RPGgame
C:/Users/goal2/RPGgame
[UnityMemory] Configuration Parameters - Can be set up in boot.config
    "memorysetup-bucket-allocator-granularity=16"
    "memorysetup-bucket-allocator-bucket-count=8"
    "memorysetup-bucket-allocator-block-size=33554432"
    "memorysetup-bucket-allocator-block-count=8"
    "memorysetup-main-allocator-block-size=16777216"
    "memorysetup-thread-allocator-block-size=16777216"
    "memorysetup-gfx-main-allocator-block-size=16777216"
    "memorysetup-gfx-thread-allocator-block-size=16777216"
    "memorysetup-cache-allocator-block-size=4194304"
    "memorysetup-typetree-allocator-block-size=2097152"
    "memorysetup-profiler-bucket-allocator-granularity=16"
    "memorysetup-profiler-bucket-allocator-bucket-count=8"
    "memorysetup-profiler-bucket-allocator-block-size=33554432"
    "memorysetup-profiler-bucket-allocator-block-count=8"
    "memorysetup-profiler-allocator-block-size=16777216"
    "memorysetup-profiler-editor-allocator-block-size=1048576"
    "memorysetup-temp-allocator-size-main=16777216"
    "memorysetup-job-temp-allocator-block-size=2097152"
    "memorysetup-job-temp-allocator-block-size-background=1048576"
    "memorysetup-job-temp-allocator-reduction-small-platforms=262144"
    "memorysetup-allocator-temp-initial-block-size-main=262144"
    "memorysetup-allocator-temp-initial-block-size-worker=262144"
    "memorysetup-temp-allocator-size-background-worker=32768"
    "memorysetup-temp-allocator-size-job-worker=262144"
    "memorysetup-temp-allocator-size-preload-manager=33554432"
    "memorysetup-temp-allocator-size-nav-mesh-worker=65536"
    "memorysetup-temp-allocator-size-audio-worker=65536"
    "memorysetup-temp-allocator-size-cloud-worker=32768"
    "memorysetup-temp-allocator-size-gi-baking-worker=262144"
    "memorysetup-temp-allocator-size-gi-baking-worker=262144"
    "memorysetup-temp-allocator-size-gi-baking-worker=262144"
    "memorysetup-temp-allocator-size-gi-baking-worker=262144"
    "memorysetup-temp-allocator-size-gfx=262144"
Player connection [27760] Host "[IP] 192.168.1.106 [Port] 0 [Flags] 2 [Guid] 3568061248 [EditorId] 3568061248 [Version] 1048832 [Id] WindowsEditor(7,DESKTOP-I4N517B) [Debug] 1 [PackageName] WindowsEditor [ProjectName] Editor" joined multi-casting on [225.0.0.222:54997]...
Player connection [27760] Host "[IP] 192.168.1.106 [Port] 0 [Flags] 2 [Guid] 3568061248 [EditorId] 3568061248 [Version] 1048832 [Id] WindowsEditor(7,DESKTOP-I4N517B) [Debug] 1 [PackageName] WindowsEditor [ProjectName] Editor" joined alternative multi-casting on [225.0.0.222:34997]...
JobSystem: Creating JobQueue using job-worker-count value 11
[Physics::Module] Initialized MultithreadedJobDispatcher with 11 workers.
Library Redirect Path: Library/
Refreshing native plugins compatible for Editor in 1.02 ms, found 3 plugins.
Preloading 0 native plugins for Editor in 0.00 ms.
Initialize engine version: 2023.2.18f1 (1cb755715f58)
[Subsystems] Discovering subsystems at path C:/Program Files/Unity/Hub/Editor/2023.2.18f1/Editor/Data/Resources/UnitySubsystems
[Subsystems] Discovering subsystems at path C:/Users/goal2/RPGgame/Assets
GfxDevice: creating device client; kGfxThreadingModeNonThreaded
Direct3D:
    Version:  Direct3D 11.0 [level 11.1]
    Renderer: NVIDIA GeForce RTX 3070 Ti (ID=0x2482)
    Vendor:   NVIDIA
    VRAM:     8018 MB
    Driver:   32.0.15.6603
Initialize mono
Mono path[0] = 'C:/Program Files/Unity/Hub/Editor/2023.2.18f1/Editor/Data/Managed'
Mono path[1] = 'C:/Program Files/Unity/Hub/Editor/2023.2.18f1/Editor/Data/MonoBleedingEdge/lib/mono/unityjit-win32'
Mono config path = 'C:/Program Files/Unity/Hub/Editor/2023.2.18f1/Editor/Data/MonoBleedingEdge/etc'
Using monoOptions --debugger-agent=transport=dt_socket,embedding=1,server=y,suspend=n,address=127.0.0.1:56192
Begin MonoManager ReloadAssembly
C:\build\output\Unity-Technologies\mono\mono\metadata\icall.c:1842:
C:\build\output\Unity-Technologies\mono\mono\metadata\icall.c:1842:
C:\build\output\Unity-Technologies\mono\mono\metadata\icall.c:1842:
C:\build\output\Unity-Technologies\mono\mono\metadata\icall.c:1842:
C:\build\output\Unity-Technologies\mono\mono\metadata\icall.c:1842:
C:\build\output\Unity-Technologies\mono\mono\metadata\icall.c:1842:
C:\build\output\Unity-Technologies\mono\mono\metadata\icall.c:1842:
C:\build\output\Unity-Technologies\mono\mono\metadata\icall.c:1842:
C:\build\output\Unity-Technologies\mono\mono\metadata\icall.c:1842:
C:\build\output\Unity-Technologies\mono\mono\metadata\icall.c:1842:
Registering precompiled unity dll's ...
Register platform support module: C:/Program Files/Unity/Hub/Editor/2023.2.18f1/Editor/Data/PlaybackEngines/MacStandaloneSupport/UnityEditor.OSXStandalone.Extensions.dll
Register platform support module: C:/Program Files/Unity/Hub/Editor/2023.2.18f1/Editor/Data/PlaybackEngines/WindowsStandaloneSupport/UnityEditor.WindowsStandalone.Extensions.dll
Register platform support module: C:/Program Files/Unity/Hub/Editor/2023.2.18f1/Editor/Data/PlaybackEngines/AndroidPlayer/UnityEditor.Android.Extensions.dll
Register platform support module: C:/Program Files/Unity/Hub/Editor/2023.2.18f1/Editor/Data/PlaybackEngines/iOSSupport/UnityEditor.iOS.Extensions.dll
Registered in 0.004154 seconds.
- Loaded All Assemblies, in  0.262 seconds
[usbmuxd] Start listen thread
[usbmuxd] Listen thread started
Native extension for iOS target not found
Native extension for Android target not found
Android Extension - Scanning For ADB Devices 180 ms
Native extension for WindowsStandalone target not found
Native extension for OSXStandalone target not found
Mono: successfully reloaded assembly
C:\build\output\Unity-Technologies\mono\mono\metadata\icall.c:1842:
C:\build\output\Unity-Technologies\mono\mono\metadata\icall.c:1842:
- Finished resetting the current domain, in  0.468 seconds
Domain Reload Profiling: 729ms
	BeginReloadAssembly (70ms)
		ExecutionOrderSort (0ms)
		DisableScriptedObjects (0ms)
		BackupInstance (0ms)
		ReleaseScriptingObjects (0ms)
		CreateAndSetChildDomain (1ms)
	RebuildCommonClasses (27ms)
	RebuildNativeTypeToScriptingClass (9ms)
	initialDomainReloadingComplete (38ms)
	LoadAllAssembliesAndSetupDomain (117ms)
		LoadAssemblies (69ms)
		RebuildTransferFunctionScriptingTraits (0ms)
		AnalyzeDomain (114ms)
			TypeCache.Refresh (113ms)
				TypeCache.ScanAssembly (103ms)
			BuildScriptInfoCaches (0ms)
			ResolveRequiredComponents (0ms)
	FinalizeReload (468ms)
		ReleaseScriptCaches (0ms)
		RebuildScriptCaches (0ms)
		SetupLoadedEditorAssemblies (425ms)
			LogAssemblyErrors (0ms)
			InitializePlatformSupportModulesInManaged (268ms)
			SetLoadedEditorAssemblies (3ms)
			BeforeProcessingInitializeOnLoad (4ms)
			ProcessInitializeOnLoadAttributes (109ms)
			ProcessInitializeOnLoadMethodAttributes (41ms)
			AfterProcessingInitializeOnLoad (0ms)
			EditorAssembliesLoaded (0ms)
		ExecutionOrderSort2 (0ms)
		AwakeInstancesAfterBackupRestoration (0ms)
========================================================================
Worker process is ready to serve import requests
Import Worker Mode flag is 0x00
Begin MonoManager ReloadAssembly
C:\build\output\Unity-Technologies\mono\mono\metadata\icall.c:1842:
C:\build\output\Unity-Technologies\mono\mono\metadata\icall.c:1842:
C:\build\output\Unity-Technologies\mono\mono\metadata\icall.c:1842:
C:\build\output\Unity-Technologies\mono\mono\metadata\icall.c:1842:
C:\build\output\Unity-Technologies\mono\mono\metadata\icall.c:1842:
C:\build\output\Unity-Technologies\mono\mono\metadata\icall.c:1842:
C:\build\output\Unity-Technologies\mono\mono\metadata\icall.c:1842:
C:\build\output\Unity-Technologies\mono\mono\metadata\icall.c:1842:
C:\build\output\Unity-Technologies\mono\mono\metadata\icall.c:1842:
C:\build\output\Unity-Technologies\mono\mono\metadata\icall.c:1842:
C:\build\output\Unity-Technologies\mono\mono\metadata\icall.c:1842:
C:\build\output\Unity-Technologies\mono\mono\metadata\icall.c:1842:
Symbol file LoadedFromMemory doesn't match image C:\Users\goal2\RPGgame\Library\PackageCache\com.unity.visualscripting@1.8.0\Editor\VisualScripting.Core\Dependencies\YamlDotNet\Unity.VisualScripting.YamlDotNet.dll
Symbol file LoadedFromMemory doesn't match image C:\Users\goal2\RPGgame\Library\PackageCache\com.unity.visualscripting@1.8.0\Editor\VisualScripting.Core\Dependencies\DotNetZip\Unity.VisualScripting.IonicZip.dll
- Loaded All Assemblies, in  0.588 seconds
Refreshing native plugins compatible for Editor in 0.64 ms, found 3 plugins.
Native extension for iOS target not found
Native extension for Android target not found
Native extension for WindowsStandalone target not found
Native extension for OSXStandalone target not found
Mono: successfully reloaded assembly
- Finished resetting the current domain, in  0.504 seconds
Domain Reload Profiling: 1090ms
	BeginReloadAssembly (231ms)
		ExecutionOrderSort (0ms)
		DisableScriptedObjects (5ms)
		BackupInstance (0ms)
		ReleaseScriptingObjects (0ms)
		CreateAndSetChildDomain (26ms)
	RebuildCommonClasses (26ms)
	RebuildNativeTypeToScriptingClass (9ms)
	initialDomainReloadingComplete (27ms)
	LoadAllAssembliesAndSetupDomain (292ms)
		LoadAssemblies (208ms)
		RebuildTransferFunctionScriptingTraits (0ms)
		AnalyzeDomain (138ms)
			TypeCache.Refresh (116ms)
				TypeCache.ScanAssembly (105ms)
			BuildScriptInfoCaches (16ms)
			ResolveRequiredComponents (4ms)
	FinalizeReload (505ms)
		ReleaseScriptCaches (0ms)
		RebuildScriptCaches (0ms)
		SetupLoadedEditorAssemblies (363ms)
			LogAssemblyErrors (0ms)
			InitializePlatformSupportModulesInManaged (17ms)
			SetLoadedEditorAssemblies (2ms)
			BeforeProcessingInitializeOnLoad (29ms)
			ProcessInitializeOnLoadAttributes (296ms)
			ProcessInitializeOnLoadMethodAttributes (16ms)
			AfterProcessingInitializeOnLoad (3ms)
			EditorAssembliesLoaded (0ms)
		ExecutionOrderSort2 (0ms)
		AwakeInstancesAfterBackupRestoration (6ms)
Launched and connected shader compiler UnityShaderCompiler.exe after 0.01 seconds
Refreshing native plugins compatible for Editor in 1.31 ms, found 3 plugins.
Preloading 0 native plugins for Editor in 0.00 ms.
Unloading 12 Unused Serialized files (Serialized files now loaded: 0)
Unloading 3867 unused Assets / (0.9 MB). Loaded Objects now: 4488.
Memory consumption went from 133.2 MB to 132.3 MB.
Total: 5.236600 ms (FindLiveObjects: 0.466100 ms CreateObjectMapping: 0.178000 ms MarkObjects: 3.891000 ms  DeleteObjects: 0.701100 ms)

========================================================================
Received Prepare
Begin MonoManager ReloadAssembly
C:\build\output\Unity-Technologies\mono\mono\metadata\icall.c:1842:
C:\build\output\Unity-Technologies\mono\mono\metadata\icall.c:1842:
C:\build\output\Unity-Technologies\mono\mono\metadata\icall.c:1842:
C:\build\output\Unity-Technologies\mono\mono\metadata\icall.c:1842:
C:\build\output\Unity-Technologies\mono\mono\metadata\icall.c:1842:
C:\build\output\Unity-Technologies\mono\mono\metadata\icall.c:1842:
C:\build\output\Unity-Technologies\mono\mono\metadata\icall.c:1842:
C:\build\output\Unity-Technologies\mono\mono\metadata\icall.c:1842:
C:\build\output\Unity-Technologies\mono\mono\metadata\icall.c:1842:
C:\build\output\Unity-Technologies\mono\mono\metadata\icall.c:1842:
C:\build\output\Unity-Technologies\mono\mono\metadata\icall.c:1842:
C:\build\output\Unity-Technologies\mono\mono\metadata\icall.c:1842:
Symbol file LoadedFromMemory doesn't match image C:\Users\goal2\RPGgame\Library\PackageCache\com.unity.visualscripting@1.8.0\Editor\VisualScripting.Core\Dependencies\YamlDotNet\Unity.VisualScripting.YamlDotNet.dll
Symbol file LoadedFromMemory doesn't match image C:\Users\goal2\RPGgame\Library\PackageCache\com.unity.visualscripting@1.8.0\Editor\VisualScripting.Core\Dependencies\DotNetZip\Unity.VisualScripting.IonicZip.dll
- Loaded All Assemblies, in  0.479 seconds
Refreshing native plugins compatible for Editor in 0.73 ms, found 3 plugins.
Native extension for iOS target not found
Native extension for Android target not found
Native extension for WindowsStandalone target not found
Native extension for OSXStandalone target not found
Mono: successfully reloaded assembly
- Finished resetting the current domain, in  0.579 seconds
Domain Reload Profiling: 1057ms
	BeginReloadAssembly (128ms)
		ExecutionOrderSort (0ms)
		DisableScriptedObjects (4ms)
		BackupInstance (0ms)
		ReleaseScriptingObjects (0ms)
		CreateAndSetChildDomain (38ms)
	RebuildCommonClasses (27ms)
	RebuildNativeTypeToScriptingClass (10ms)
	initialDomainReloadingComplete (22ms)
	LoadAllAssembliesAndSetupDomain (291ms)
		LoadAssemblies (243ms)
		RebuildTransferFunctionScriptingTraits (0ms)
		AnalyzeDomain (101ms)
			TypeCache.Refresh (5ms)
				TypeCache.ScanAssembly (0ms)
			BuildScriptInfoCaches (90ms)
			ResolveRequiredComponents (4ms)
	FinalizeReload (579ms)
		ReleaseScriptCaches (0ms)
		RebuildScriptCaches (0ms)
		SetupLoadedEditorAssemblies (410ms)
			LogAssemblyErrors (0ms)
			InitializePlatformSupportModulesInManaged (20ms)
			SetLoadedEditorAssemblies (3ms)
			BeforeProcessingInitializeOnLoad (31ms)
			ProcessInitializeOnLoadAttributes (332ms)
			ProcessInitializeOnLoadMethodAttributes (19ms)
			AfterProcessingInitializeOnLoad (4ms)
			EditorAssembliesLoaded (0ms)
		ExecutionOrderSort2 (0ms)
		AwakeInstancesAfterBackupRestoration (8ms)
Refreshing native plugins compatible for Editor in 0.86 ms, found 3 plugins.
Preloading 0 native plugins for Editor in 0.00 ms.
Unloading 1 Unused Serialized files (Serialized files now loaded: 0)
Unloading 3866 unused Assets / (1.2 MB). Loaded Objects now: 4488.
Memory consumption went from 132.7 MB to 131.5 MB.
Total: 6.740600 ms (FindLiveObjects: 0.465000 ms CreateObjectMapping: 0.218800 ms MarkObjects: 4.765100 ms  DeleteObjects: 1.291000 ms)

Prepare: number of updated asset objects reloaded= 0
========================================================================
Received Prepare
Begin MonoManager ReloadAssembly
C:\build\output\Unity-Technologies\mono\mono\metadata\icall.c:1842:
C:\build\output\Unity-Technologies\mono\mono\metadata\icall.c:1842:
C:\build\output\Unity-Technologies\mono\mono\metadata\icall.c:1842:
C:\build\output\Unity-Technologies\mono\mono\metadata\icall.c:1842:
C:\build\output\Unity-Technologies\mono\mono\metadata\icall.c:1842:
C:\build\output\Unity-Technologies\mono\mono\metadata\icall.c:1842:
C:\build\output\Unity-Technologies\mono\mono\metadata\icall.c:1842:
C:\build\output\Unity-Technologies\mono\mono\metadata\icall.c:1842:
C:\build\output\Unity-Technologies\mono\mono\metadata\icall.c:1842:
C:\build\output\Unity-Technologies\mono\mono\metadata\icall.c:1842:
C:\build\output\Unity-Technologies\mono\mono\metadata\icall.c:1842:
C:\build\output\Unity-Technologies\mono\mono\metadata\icall.c:1842:
Symbol file LoadedFromMemory doesn't match image C:\Users\goal2\RPGgame\Library\PackageCache\com.unity.visualscripting@1.8.0\Editor\VisualScripting.Core\Dependencies\YamlDotNet\Unity.VisualScripting.YamlDotNet.dll
Symbol file LoadedFromMemory doesn't match image C:\Users\goal2\RPGgame\Library\PackageCache\com.unity.visualscripting@1.8.0\Editor\VisualScripting.Core\Dependencies\DotNetZip\Unity.VisualScripting.IonicZip.dll
- Loaded All Assemblies, in  0.444 seconds
Refreshing native plugins compatible for Editor in 0.65 ms, found 3 plugins.
Native extension for iOS target not found
Native extension for Android target not found
Native extension for WindowsStandalone target not found
Native extension for OSXStandalone target not found
Mono: successfully reloaded assembly
- Finished resetting the current domain, in  0.560 seconds
Domain Reload Profiling: 1003ms
	BeginReloadAssembly (127ms)
		ExecutionOrderSort (0ms)
		DisableScriptedObjects (4ms)
		BackupInstance (0ms)
		ReleaseScriptingObjects (0ms)
		CreateAndSetChildDomain (36ms)
	RebuildCommonClasses (27ms)
	RebuildNativeTypeToScriptingClass (10ms)
	initialDomainReloadingComplete (19ms)
	LoadAllAssembliesAndSetupDomain (260ms)
		LoadAssemblies (213ms)
		RebuildTransferFunctionScriptingTraits (0ms)
		AnalyzeDomain (101ms)
			TypeCache.Refresh (5ms)
				TypeCache.ScanAssembly (0ms)
			BuildScriptInfoCaches (90ms)
			ResolveRequiredComponents (4ms)
	FinalizeReload (560ms)
		ReleaseScriptCaches (0ms)
		RebuildScriptCaches (0ms)
		SetupLoadedEditorAssemblies (395ms)
			LogAssemblyErrors (0ms)
			InitializePlatformSupportModulesInManaged (16ms)
			SetLoadedEditorAssemblies (3ms)
			BeforeProcessingInitializeOnLoad (28ms)
			ProcessInitializeOnLoadAttributes (324ms)
			ProcessInitializeOnLoadMethodAttributes (19ms)
			AfterProcessingInitializeOnLoad (4ms)
			EditorAssembliesLoaded (0ms)
		ExecutionOrderSort2 (0ms)
		AwakeInstancesAfterBackupRestoration (6ms)
Refreshing native plugins compatible for Editor in 0.82 ms, found 3 plugins.
Preloading 0 native plugins for Editor in 0.00 ms.
Unloading 1 Unused Serialized files (Serialized files now loaded: 0)
Unloading 3866 unused Assets / (0.9 MB). Loaded Objects now: 4488.
Memory consumption went from 134.6 MB to 133.8 MB.
Total: 6.001400 ms (FindLiveObjects: 0.488900 ms CreateObjectMapping: 0.217200 ms MarkObjects: 4.397900 ms  DeleteObjects: 0.896700 ms)

Prepare: number of updated asset objects reloaded= 0
========================================================================
Received Import Request.
  Time since last request: 281858.978583 seconds.
  path: Assets/Triple Dungeon Pack/Blue Dungeon/Materials/blue dungeon.mat
  artifactKey: Guid(750eba4470988264692cdc72d2326ecb) Importer(815301076,1909f56bfc062723c751e8b465ee728b)
Start importing Assets/Triple Dungeon Pack/Blue Dungeon/Materials/blue dungeon.mat using Guid(750eba4470988264692cdc72d2326ecb) Importer(815301076,1909f56bfc062723c751e8b465ee728b) (PreviewImporter) -> (artifact id: 'cb33e392883a0b7c3440b7ad1400326a') in 0.0981757 seconds
Number of updated asset objects reloaded before import = 0Number of asset objects unloaded after import = 2

========================================================================
Received Import Request.
  Time since last request: 0.002626 seconds.
  path: Assets/RunemarkStudio/DarkFantasyKit [Free]/Meshes/Lightsources/Materials/dfk_candles_01.mat
  artifactKey: Guid(c9df4fe02d7b6cd4e8b8d408e0afd7a8) Importer(815301076,1909f56bfc062723c751e8b465ee728b)
Start importing Assets/RunemarkStudio/DarkFantasyKit [Free]/Meshes/Lightsources/Materials/dfk_candles_01.mat using Guid(c9df4fe02d7b6cd4e8b8d408e0afd7a8) Importer(815301076,1909f56bfc062723c751e8b465ee728b) (PreviewImporter) -> (artifact id: 'ff1a4c2e72a5467316277bc4cc1e4739') in 0.0419588 seconds
Number of updated asset objects reloaded before import = 0Number of asset objects unloaded after import = 5

========================================================================
Received Import Request.
  Time since last request: 0.000023 seconds.
  path: Assets/RunemarkStudio/DarkFantasyKit [Free]/Meshes/Lightsources/Materials/dfk_crystal_blue.mat
  artifactKey: Guid(bbe19d7b0ac3cf340a2dfefa39bb372a) Importer(815301076,1909f56bfc062723c751e8b465ee728b)
Start importing Assets/RunemarkStudio/DarkFantasyKit [Free]/Meshes/Lightsources/Materials/dfk_crystal_blue.mat using Guid(bbe19d7b0ac3cf340a2dfefa39bb372a) Importer(815301076,1909f56bfc062723c751e8b465ee728b) (PreviewImporter) -> (artifact id: 'b2e53d7b476ba4e73ab9089e98d99e10') in 0.0140132 seconds
Number of updated asset objects reloaded before import = 0Number of asset objects unloaded after import = 4

========================================================================
Received Import Request.
  Time since last request: 0.000014 seconds.
  path: Assets/RunemarkStudio/DarkFantasyKit [Free]/Meshes/Decoration/Textiles/Materials/dfk_flag.mat
  artifactKey: Guid(7c10d7e9783f0954db4326f9375b2d37) Importer(815301076,1909f56bfc062723c751e8b465ee728b)
Start importing Assets/RunemarkStudio/DarkFantasyKit [Free]/Meshes/Decoration/Textiles/Materials/dfk_flag.mat using Guid(7c10d7e9783f0954db4326f9375b2d37) Importer(815301076,1909f56bfc062723c751e8b465ee728b) (PreviewImporter) -> (artifact id: '74c790ef2283dd5458deb3db32a80d71') in 0.0310032 seconds
Number of updated asset objects reloaded before import = 0Number of asset objects unloaded after import = 4

========================================================================
Received Import Request.
  Time since last request: 0.000023 seconds.
  path: Assets/RunemarkStudio/DarkFantasyKit [Free]/Meshes/Furniture/Materials/dfk_wardrobe_01.mat
  artifactKey: Guid(b9885eb7867a21e49abc66f498a62775) Importer(815301076,1909f56bfc062723c751e8b465ee728b)
Start importing Assets/RunemarkStudio/DarkFantasyKit [Free]/Meshes/Furniture/Materials/dfk_wardrobe_01.mat using Guid(b9885eb7867a21e49abc66f498a62775) Importer(815301076,1909f56bfc062723c751e8b465ee728b) (PreviewImporter) -> (artifact id: '89b8b8b521787147a2467a81d5a523f0') in 0.0501594 seconds
Number of updated asset objects reloaded before import = 0Number of asset objects unloaded after import = 4

========================================================================
Received Import Request.
  Time since last request: 0.000019 seconds.
  path: Assets/RunemarkStudio/DarkFantasyKit [Free]/Meshes/Furniture/Materials/dfk_chair_01.mat
  artifactKey: Guid(98cd6d77cddf00d4496581947c7cc1c2) Importer(815301076,1909f56bfc062723c751e8b465ee728b)
Start importing Assets/RunemarkStudio/DarkFantasyKit [Free]/Meshes/Furniture/Materials/dfk_chair_01.mat using Guid(98cd6d77cddf00d4496581947c7cc1c2) Importer(815301076,1909f56bfc062723c751e8b465ee728b) (PreviewImporter) -> (artifact id: '448be279019a907dd8c7dd72158671cb') in 0.0375622 seconds
Number of updated asset objects reloaded before import = 0Number of asset objects unloaded after import = 4

========================================================================
Received Import Request.
  Time since last request: 0.000019 seconds.
  path: Assets/RunemarkStudio/DarkFantasyKit [Free]/Meshes/Containers/Materials/dfk_small_containers_brown.mat
  artifactKey: Guid(53d4b7211aac9684db15d4565b5f8772) Importer(815301076,1909f56bfc062723c751e8b465ee728b)
Start importing Assets/RunemarkStudio/DarkFantasyKit [Free]/Meshes/Containers/Materials/dfk_small_containers_brown.mat using Guid(53d4b7211aac9684db15d4565b5f8772) Importer(815301076,1909f56bfc062723c751e8b465ee728b) (PreviewImporter) -> (artifact id: '4b141d3394a55ed3b192bd5a6d3881c8') in 0.0345545 seconds
Number of updated asset objects reloaded before import = 0Number of asset objects unloaded after import = 4

========================================================================
Received Import Request.
  Time since last request: 0.000026 seconds.
  path: Assets/RunemarkStudio/DarkFantasyKit [Free]/Particles/Materials/Candlelight.mat
  artifactKey: Guid(51771b35c5705ed429f56bd872cd2c8c) Importer(815301076,1909f56bfc062723c751e8b465ee728b)
Start importing Assets/RunemarkStudio/DarkFantasyKit [Free]/Particles/Materials/Candlelight.mat using Guid(51771b35c5705ed429f56bd872cd2c8c) Importer(815301076,1909f56bfc062723c751e8b465ee728b) (PreviewImporter) -> (artifact id: '9ba6734cae283e35812de3c458677ec0') in 0.0166502 seconds
Number of updated asset objects reloaded before import = 0Number of asset objects unloaded after import = 2

========================================================================
Received Import Request.
  Time since last request: 0.000027 seconds.
  path: Assets/RunemarkStudio/DarkFantasyKit [Free]/Meshes/Furniture/Materials/dfk_desks_01.mat
  artifactKey: Guid(6a9647e45d275fb4bb716698b67b7aa2) Importer(815301076,1909f56bfc062723c751e8b465ee728b)
Start importing Assets/RunemarkStudio/DarkFantasyKit [Free]/Meshes/Furniture/Materials/dfk_desks_01.mat using Guid(6a9647e45d275fb4bb716698b67b7aa2) Importer(815301076,1909f56bfc062723c751e8b465ee728b) (PreviewImporter) -> (artifact id: '7dfa1515258de17c39896e48d525b4fd') in 0.0364249 seconds
Number of updated asset objects reloaded before import = 0Number of asset objects unloaded after import = 4

========================================================================
Received Import Request.
  Time since last request: 0.000022 seconds.
  path: Assets/RunemarkStudio/DarkFantasyKit [Free]/Meshes/Lightsources/Materials/dfk_candleholders_01.mat
  artifactKey: Guid(bf80ee0faf1362b4189318d40787e497) Importer(815301076,1909f56bfc062723c751e8b465ee728b)
Start importing Assets/RunemarkStudio/DarkFantasyKit [Free]/Meshes/Lightsources/Materials/dfk_candleholders_01.mat using Guid(bf80ee0faf1362b4189318d40787e497) Importer(815301076,1909f56bfc062723c751e8b465ee728b) (PreviewImporter) -> (artifact id: 'be455d144071e87ae4cab8c8d90431dd') in 0.0152821 seconds
Number of updated asset objects reloaded before import = 0Number of asset objects unloaded after import = 4

========================================================================
Received Import Request.
  Time since last request: 1.453278 seconds.
  path: Assets/Imports/Fantasy-Land/Fantasy-Land-Set-Mobile/Models/bush_04.fbx
  artifactKey: Guid(bce3a643bb9036546bb1b490d7aa8691) Importer(815301076,1909f56bfc062723c751e8b465ee728b)
Start importing Assets/Imports/Fantasy-Land/Fantasy-Land-Set-Mobile/Models/bush_04.fbx using Guid(bce3a643bb9036546bb1b490d7aa8691) Importer(815301076,1909f56bfc062723c751e8b465ee728b) (PreviewImporter) -> (artifact id: '407c16bddc06b066dc90891563980cef') in 0.0514316 seconds
Number of updated asset objects reloaded before import = 0Number of asset objects unloaded after import = 11

========================================================================
Received Import Request.
  Time since last request: 0.000017 seconds.
  path: Assets/RunemarkStudio/DarkFantasyKit [Free]/Meshes/Doors and Gates/dfk_door_01.fbx
  artifactKey: Guid(e1354fb377069034d8791dea7015cbb1) Importer(815301076,1909f56bfc062723c751e8b465ee728b)
Start importing Assets/RunemarkStudio/DarkFantasyKit [Free]/Meshes/Doors and Gates/dfk_door_01.fbx using Guid(e1354fb377069034d8791dea7015cbb1) Importer(815301076,1909f56bfc062723c751e8b465ee728b) (PreviewImporter) -> (artifact id: 'f74f1adcd4991a17a57294ec87413b7b') in 0.0328649 seconds
Number of updated asset objects reloaded before import = 0Number of asset objects unloaded after import = 25

========================================================================
Received Import Request.
  Time since last request: 0.000019 seconds.
  path: Assets/RunemarkStudio/DarkFantasyKit [Free]/Meshes/Walls/dfk_wall_1.fbx
  artifactKey: Guid(95c2785a9373e3c4bb39bdc2ab791c71) Importer(815301076,1909f56bfc062723c751e8b465ee728b)
Start importing Assets/RunemarkStudio/DarkFantasyKit [Free]/Meshes/Walls/dfk_wall_1.fbx using Guid(95c2785a9373e3c4bb39bdc2ab791c71) Importer(815301076,1909f56bfc062723c751e8b465ee728b) (PreviewImporter) -> (artifact id: '4ae71b3c3c2ec00af9fa34c011fa5e60') in 0.0213533 seconds
Number of updated asset objects reloaded before import = 0Number of asset objects unloaded after import = 12

========================================================================
Received Import Request.
  Time since last request: 0.000017 seconds.
  path: Assets/RunemarkStudio/DarkFantasyKit [Free]/Meshes/Furniture/dfk_bed_single_02.fbx
  artifactKey: Guid(9b6990e5e09f8e44289508e6499ad303) Importer(815301076,1909f56bfc062723c751e8b465ee728b)
Start importing Assets/RunemarkStudio/DarkFantasyKit [Free]/Meshes/Furniture/dfk_bed_single_02.fbx using Guid(9b6990e5e09f8e44289508e6499ad303) Importer(815301076,1909f56bfc062723c751e8b465ee728b) (PreviewImporter) -> (artifact id: '6091c2d6bcf725750fe3cd880b46a983') in 0.0372948 seconds
Number of updated asset objects reloaded before import = 0Number of asset objects unloaded after import = 21

========================================================================
Received Import Request.
  Time since last request: 0.000024 seconds.
  path: Assets/RunemarkStudio/DarkFantasyKit [Free]/Meshes/Decoration/Textiles/dfk_carpets.fbx
  artifactKey: Guid(ac299f5eeb3b3714392fd44ca93a8e23) Importer(815301076,1909f56bfc062723c751e8b465ee728b)
Start importing Assets/RunemarkStudio/DarkFantasyKit [Free]/Meshes/Decoration/Textiles/dfk_carpets.fbx using Guid(ac299f5eeb3b3714392fd44ca93a8e23) Importer(815301076,1909f56bfc062723c751e8b465ee728b) (PreviewImporter) -> (artifact id: 'af7d8da6227b26a98f2fe69170bec669') in 0.0425798 seconds
Number of updated asset objects reloaded before import = 0Number of asset objects unloaded after import = 28

========================================================================
Received Import Request.
  Time since last request: 0.000030 seconds.
  path: Assets/RunemarkStudio/DarkFantasyKit [Free]/Meshes/Steps, Floor, Ceiling/dfk_ceiling.fbx
  artifactKey: Guid(280e4394046adfa4aab97ce69e7960a0) Importer(815301076,1909f56bfc062723c751e8b465ee728b)
Start importing Assets/RunemarkStudio/DarkFantasyKit [Free]/Meshes/Steps, Floor, Ceiling/dfk_ceiling.fbx using Guid(280e4394046adfa4aab97ce69e7960a0) Importer(815301076,1909f56bfc062723c751e8b465ee728b) (PreviewImporter) -> (artifact id: 'da16ae6fef9765eefc98314477785f58') in 0.0192543 seconds
Number of updated asset objects reloaded before import = 0Number of asset objects unloaded after import = 7

========================================================================
Received Import Request.
  Time since last request: 0.000018 seconds.
  path: Assets/RunemarkStudio/DarkFantasyKit [Free]/Meshes/Decoration/Textiles/dfk_flag_02.fbx
  artifactKey: Guid(41c82b48d494599498c294206d7c4451) Importer(815301076,1909f56bfc062723c751e8b465ee728b)
Start importing Assets/RunemarkStudio/DarkFantasyKit [Free]/Meshes/Decoration/Textiles/dfk_flag_02.fbx using Guid(41c82b48d494599498c294206d7c4451) Importer(815301076,1909f56bfc062723c751e8b465ee728b) (PreviewImporter) -> (artifact id: 'be1d60dd05ccd9b334fc972a8b418c05') in 0.0482234 seconds
Number of updated asset objects reloaded before import = 0Number of asset objects unloaded after import = 28

========================================================================
Received Import Request.
  Time since last request: 0.000036 seconds.
  path: Assets/RunemarkStudio/DarkFantasyKit [Free]/Meshes/Lightsources/dfk_candleholders.fbx
  artifactKey: Guid(9dd0333f658a04945838506549b90115) Importer(815301076,1909f56bfc062723c751e8b465ee728b)
Start importing Assets/RunemarkStudio/DarkFantasyKit [Free]/Meshes/Lightsources/dfk_candleholders.fbx using Guid(9dd0333f658a04945838506549b90115) Importer(815301076,1909f56bfc062723c751e8b465ee728b) (PreviewImporter) -> (artifact id: 'fd05ac3930b9364188f0237cf32c158e') in 0.0428318 seconds
Number of updated asset objects reloaded before import = 0Number of asset objects unloaded after import = 28

========================================================================
Received Import Request.
  Time since last request: 0.000016 seconds.
  path: Assets/RunemarkStudio/DarkFantasyKit [Free]/Meshes/Containers/dfk_chest_02_closed.fbx
  artifactKey: Guid(8672f26db88ef4f44bd348e6da98ccd0) Importer(815301076,1909f56bfc062723c751e8b465ee728b)
Start importing Assets/RunemarkStudio/DarkFantasyKit [Free]/Meshes/Containers/dfk_chest_02_closed.fbx using Guid(8672f26db88ef4f44bd348e6da98ccd0) Importer(815301076,1909f56bfc062723c751e8b465ee728b) (PreviewImporter) -> (artifact id: '28808d4aae95158cb18e1ef132624b95') in 0.0234969 seconds
Number of updated asset objects reloaded before import = 0Number of asset objects unloaded after import = 8

========================================================================
Received Import Request.
  Time since last request: 0.000022 seconds.
  path: Assets/RunemarkStudio/DarkFantasyKit [Free]/Meshes/Lightsources/dfk_candles.fbx
  artifactKey: Guid(77dfa86a1f98308419a594804d054bc1) Importer(815301076,1909f56bfc062723c751e8b465ee728b)
Start importing Assets/RunemarkStudio/DarkFantasyKit [Free]/Meshes/Lightsources/dfk_candles.fbx using Guid(77dfa86a1f98308419a594804d054bc1) Importer(815301076,1909f56bfc062723c751e8b465ee728b) (PreviewImporter) -> (artifact id: '4455ae6626cf00cc9b0ea4db5baeefb8') in 0.0380861 seconds
Number of updated asset objects reloaded before import = 0Number of asset objects unloaded after import = 29

========================================================================
Received Import Request.
  Time since last request: 0.000026 seconds.
  path: Assets/RunemarkStudio/DarkFantasyKit [Free]/Meshes/Furniture/dfk_desks.fbx
  artifactKey: Guid(ecd24e9dde1549a44a3782bbec27d009) Importer(815301076,1909f56bfc062723c751e8b465ee728b)
Start importing Assets/RunemarkStudio/DarkFantasyKit [Free]/Meshes/Furniture/dfk_desks.fbx using Guid(ecd24e9dde1549a44a3782bbec27d009) Importer(815301076,1909f56bfc062723c751e8b465ee728b) (PreviewImporter) -> (artifact id: '16be9a9efb031215300b9b897b32b8e3') in 0.0454365 seconds
Number of updated asset objects reloaded before import = 0Number of asset objects unloaded after import = 33

========================================================================
Received Import Request.
  Time since last request: 0.000021 seconds.
  path: Assets/RunemarkStudio/DarkFantasyKit [Free]/Meshes/Decoration/Textiles/dfk_flag_01.fbx
  artifactKey: Guid(468dbe27c64c69d43ab32fa671e3267f) Importer(815301076,1909f56bfc062723c751e8b465ee728b)
Start importing Assets/RunemarkStudio/DarkFantasyKit [Free]/Meshes/Decoration/Textiles/dfk_flag_01.fbx using Guid(468dbe27c64c69d43ab32fa671e3267f) Importer(815301076,1909f56bfc062723c751e8b465ee728b) (PreviewImporter) -> (artifact id: '8afca4ac920dcf5ddef7734f696ba0fe') in 0.038445 seconds
Number of updated asset objects reloaded before import = 0Number of asset objects unloaded after import = 28

========================================================================
Received Import Request.
  Time since last request: 0.201599 seconds.
  path: Assets/Imports/Tavern Interior By I.We.D/Prefabs/Shabby/barCounterShabby.prefab
  artifactKey: Guid(1b3f4f4beee081d4e93f9ef735fbda65) Importer(815301076,1909f56bfc062723c751e8b465ee728b)
Start importing Assets/Imports/Tavern Interior By I.We.D/Prefabs/Shabby/barCounterShabby.prefab using Guid(1b3f4f4beee081d4e93f9ef735fbda65) Importer(815301076,1909f56bfc062723c751e8b465ee728b) (PreviewImporter) -> (artifact id: '1bd8534b50e99190022ad1f38239f157') in 0.0185976 seconds
Number of updated asset objects reloaded before import = 0Number of asset objects unloaded after import = 9

========================================================================
Received Import Request.
  Time since last request: 0.007384 seconds.
  path: Assets/Imports/Tavern Interior By I.We.D/Prefabs/Shabby/barrelShabby.prefab
  artifactKey: Guid(5112cc7fdb1325843a6e3a912fb80905) Importer(815301076,1909f56bfc062723c751e8b465ee728b)
Start importing Assets/Imports/Tavern Interior By I.We.D/Prefabs/Shabby/barrelShabby.prefab using Guid(5112cc7fdb1325843a6e3a912fb80905) Importer(815301076,1909f56bfc062723c751e8b465ee728b) (PreviewImporter) -> (artifact id: '29a126d02174a7fbcee8e3bfca955de1') in 0.0192161 seconds
Number of updated asset objects reloaded before import = 0Number of asset objects unloaded after import = 10

========================================================================
Received Import Request.
  Time since last request: 0.000017 seconds.
  path: Assets/Imports/Tavern Interior By I.We.D/Prefabs/Shabby/benchShabby.prefab
  artifactKey: Guid(2d344cdb566d96442a4582c29c8f692b) Importer(815301076,1909f56bfc062723c751e8b465ee728b)
Start importing Assets/Imports/Tavern Interior By I.We.D/Prefabs/Shabby/benchShabby.prefab using Guid(2d344cdb566d96442a4582c29c8f692b) Importer(815301076,1909f56bfc062723c751e8b465ee728b) (PreviewImporter) -> (artifact id: '148230abe4521acafd1fb049e2a0200b') in 0.0164288 seconds
Number of updated asset objects reloaded before import = 0Number of asset objects unloaded after import = 9

========================================================================
Received Import Request.
  Time since last request: 0.006798 seconds.
  path: Assets/Triple Dungeon Pack/Blue Dungeon/prefabs/specials/candle_1.prefab
  artifactKey: Guid(c996903a78aeba24cb9906c138cd7c03) Importer(815301076,1909f56bfc062723c751e8b465ee728b)
Start importing Assets/Triple Dungeon Pack/Blue Dungeon/prefabs/specials/candle_1.prefab using Guid(c996903a78aeba24cb9906c138cd7c03) Importer(815301076,1909f56bfc062723c751e8b465ee728b) (PreviewImporter) -> (artifact id: '71a7f2134307924b00c8ebb4dccb0e03') in 0.0411844 seconds
Number of updated asset objects reloaded before import = 0Number of asset objects unloaded after import = 18

========================================================================
Received Import Request.
  Time since last request: 0.000019 seconds.
  path: Assets/Imports/Tavern Interior By I.We.D/Prefabs/Shabby/candleSmallShabby.prefab
  artifactKey: Guid(c3af62ba201c71e4bb6da0b69b7276ef) Importer(815301076,1909f56bfc062723c751e8b465ee728b)
Start importing Assets/Imports/Tavern Interior By I.We.D/Prefabs/Shabby/candleSmallShabby.prefab using Guid(c3af62ba201c71e4bb6da0b69b7276ef) Importer(815301076,1909f56bfc062723c751e8b465ee728b) (PreviewImporter) -> (artifact id: '11ec738e28dc41a903cc13e2c0bd1d64') in 0.0205668 seconds
Number of updated asset objects reloaded before import = 0Number of asset objects unloaded after import = 9

========================================================================
Received Import Request.
  Time since last request: 0.000021 seconds.
  path: Assets/Imports/Tavern Interior By I.We.D/Prefabs/Shabby/candleBigShabby.prefab
  artifactKey: Guid(e5d61f51c6e4c35448054584c7ba9757) Importer(815301076,1909f56bfc062723c751e8b465ee728b)
Start importing Assets/Imports/Tavern Interior By I.We.D/Prefabs/Shabby/candleBigShabby.prefab using Guid(e5d61f51c6e4c35448054584c7ba9757) Importer(815301076,1909f56bfc062723c751e8b465ee728b) (PreviewImporter) -> (artifact id: '338a53ef2326ba840310b1843ac34a74') in 0.0194895 seconds
Number of updated asset objects reloaded before import = 0Number of asset objects unloaded after import = 9

========================================================================
Received Import Request.
  Time since last request: 0.000018 seconds.
  path: Assets/Triple Dungeon Pack/Blue Dungeon/prefabs/decorations/chest_base.prefab
  artifactKey: Guid(09c12bbc62e3ed148859f20022ea163d) Importer(815301076,1909f56bfc062723c751e8b465ee728b)
Start importing Assets/Triple Dungeon Pack/Blue Dungeon/prefabs/decorations/chest_base.prefab using Guid(09c12bbc62e3ed148859f20022ea163d) Importer(815301076,1909f56bfc062723c751e8b465ee728b) (PreviewImporter) -> (artifact id: '2da4e0ec09efc0d86350f5eb2849e4a8') in 0.0143026 seconds
Number of updated asset objects reloaded before import = 0Number of asset objects unloaded after import = 14

========================================================================
Received Import Request.
  Time since last request: 63.990570 seconds.
  path: Assets/Triple Dungeon Pack/Blue Dungeon/prefabs/decorations/table.prefab
  artifactKey: Guid(4507003633afb764dbe083265373544a) Importer(815301076,1909f56bfc062723c751e8b465ee728b)
Start importing Assets/Triple Dungeon Pack/Blue Dungeon/prefabs/decorations/table.prefab using Guid(4507003633afb764dbe083265373544a) Importer(815301076,1909f56bfc062723c751e8b465ee728b) (PreviewImporter) -> (artifact id: '1fc9a6a52717dedecb99220aedc5814a') in 0.0156283 seconds
Number of updated asset objects reloaded before import = 0Number of asset objects unloaded after import = 9

========================================================================
Received Import Request.
  Time since last request: 0.000014 seconds.
  path: Assets/Triple Dungeon Pack/Blue Dungeon/prefabs/decorations/vase_3.prefab
  artifactKey: Guid(1f7bd7a0d72743b4181c28af4b82c3d5) Importer(815301076,1909f56bfc062723c751e8b465ee728b)
Start importing Assets/Triple Dungeon Pack/Blue Dungeon/prefabs/decorations/vase_3.prefab using Guid(1f7bd7a0d72743b4181c28af4b82c3d5) Importer(815301076,1909f56bfc062723c751e8b465ee728b) (PreviewImporter) -> (artifact id: '09c98e9947a6d3223e213c09861b7e5f') in 0.0166806 seconds
Number of updated asset objects reloaded before import = 0Number of asset objects unloaded after import = 9

========================================================================
Received Import Request.
  Time since last request: 7.884488 seconds.
  path: Assets/Triple Dungeon Pack/Blue Dungeon/prefabs/ground_stairs/ground-1-3.prefab
  artifactKey: Guid(15c4fcafa28bf2740b9e786073e133a9) Importer(815301076,1909f56bfc062723c751e8b465ee728b)
Start importing Assets/Triple Dungeon Pack/Blue Dungeon/prefabs/ground_stairs/ground-1-3.prefab using Guid(15c4fcafa28bf2740b9e786073e133a9) Importer(815301076,1909f56bfc062723c751e8b465ee728b) (PreviewImporter) -> (artifact id: '6654d94b7a7d6457ee05b187a7cbeccf') in 0.015754 seconds
Number of updated asset objects reloaded before import = 0Number of asset objects unloaded after import = 9

========================================================================
Received Import Request.
  Time since last request: 0.000259 seconds.
  path: Assets/Triple Dungeon Pack/Blue Dungeon/prefabs/ground_stairs/ground-2_corner.prefab
  artifactKey: Guid(09a02935dd575a4448deb91ce0185c2b) Importer(815301076,1909f56bfc062723c751e8b465ee728b)
Start importing Assets/Triple Dungeon Pack/Blue Dungeon/prefabs/ground_stairs/ground-2_corner.prefab using Guid(09a02935dd575a4448deb91ce0185c2b) Importer(815301076,1909f56bfc062723c751e8b465ee728b) (PreviewImporter) -> (artifact id: '7246e2ca0231e26254da816040bfc8c0') in 0.0176323 seconds
Number of updated asset objects reloaded before import = 0Number of asset objects unloaded after import = 9

========================================================================
Received Import Request.
  Time since last request: 0.000020 seconds.
  path: Assets/Triple Dungeon Pack/Blue Dungeon/prefabs/ground_stairs/ground_15.prefab
  artifactKey: Guid(88871cb3fdd18c84998c33a8d9408d16) Importer(815301076,1909f56bfc062723c751e8b465ee728b)
Start importing Assets/Triple Dungeon Pack/Blue Dungeon/prefabs/ground_stairs/ground_15.prefab using Guid(88871cb3fdd18c84998c33a8d9408d16) Importer(815301076,1909f56bfc062723c751e8b465ee728b) (PreviewImporter) -> (artifact id: '2d6c9b92a5cae20623148f5207bcf33d') in 0.0170049 seconds
Number of updated asset objects reloaded before import = 0Number of asset objects unloaded after import = 9

========================================================================
Received Import Request.
  Time since last request: 0.000027 seconds.
  path: Assets/Triple Dungeon Pack/Blue Dungeon/prefabs/ground_stairs/stairs_2.prefab
  artifactKey: Guid(a70d0f9c99a36034cb19fed7f2ad5452) Importer(815301076,1909f56bfc062723c751e8b465ee728b)
Start importing Assets/Triple Dungeon Pack/Blue Dungeon/prefabs/ground_stairs/stairs_2.prefab using Guid(a70d0f9c99a36034cb19fed7f2ad5452) Importer(815301076,1909f56bfc062723c751e8b465ee728b) (PreviewImporter) -> (artifact id: 'a25c0babfd8132b9eed9dce96ae77154') in 0.0173865 seconds
Number of updated asset objects reloaded before import = 0Number of asset objects unloaded after import = 9

========================================================================
Received Import Request.
  Time since last request: 0.000030 seconds.
  path: Assets/Triple Dungeon Pack/Blue Dungeon/prefabs/ground_stairs/ground_3.prefab
  artifactKey: Guid(57160797b6580ef4d82bf06829b51f81) Importer(815301076,1909f56bfc062723c751e8b465ee728b)
Start importing Assets/Triple Dungeon Pack/Blue Dungeon/prefabs/ground_stairs/ground_3.prefab using Guid(57160797b6580ef4d82bf06829b51f81) Importer(815301076,1909f56bfc062723c751e8b465ee728b) (PreviewImporter) -> (artifact id: '073b536895c7add68de60c7d380e4862') in 0.0162198 seconds
Number of updated asset objects reloaded before import = 0Number of asset objects unloaded after import = 9

========================================================================
Received Import Request.
  Time since last request: 0.000016 seconds.
  path: Assets/Triple Dungeon Pack/Blue Dungeon/prefabs/ground_stairs/ground_10.prefab
  artifactKey: Guid(535663757d8855d4583cc51b3150834b) Importer(815301076,1909f56bfc062723c751e8b465ee728b)
Start importing Assets/Triple Dungeon Pack/Blue Dungeon/prefabs/ground_stairs/ground_10.prefab using Guid(535663757d8855d4583cc51b3150834b) Importer(815301076,1909f56bfc062723c751e8b465ee728b) (PreviewImporter) -> (artifact id: '51ede7e9845fb5559a49c65321ff7968') in 0.0154494 seconds
Number of updated asset objects reloaded before import = 0Number of asset objects unloaded after import = 9

Editor requested this worker to shutdown with reason: Scaling down because of idle timeout
AssetImportWorker is now disconnected from the server
Process exiting
Exiting without the bug reporter. Application will terminate with return code 0