Using pre-set license
Built from '2023.2/staging' branch; Version is '2023.2.18f1 (1cb755715f58) revision 1881941'; Using compiler version '193431935'; Build Type 'Release'
OS: 'Windows 11  (10.0.22631) 64bit Core' Language: 'ja' Physical Memory: 16309 MB
BatchMode: 1, IsHumanControllingUs: 0, StartBugReporterOnCrash: 0, Is64bit: 1, IsPro: 1

COMMAND LINE ARGUMENTS:
C:\Program Files\Unity\Hub\Editor\2023.2.18f1\Editor\Unity.exe
-adb2
-batchMode
-noUpm
-name
AssetImportWorker2
-projectPath
C:/Users/goal2/RPGgame
-logFile
Logs/AssetImportWorker2.log
-srvPort
58623
-job-worker-count
11
-background-job-worker-count
8
-asset-garbage-collectors
1
Successfully changed project path to: C:/Users/goal2/RPGgame
C:/Users/goal2/RPGgame
[UnityMemory] Configuration Parameters - Can be set up in boot.config
    "memorysetup-bucket-allocator-granularity=16"
    "memorysetup-bucket-allocator-bucket-count=8"
    "memorysetup-bucket-allocator-block-size=33554432"
    "memorysetup-bucket-allocator-block-count=8"
    "memorysetup-main-allocator-block-size=16777216"
    "memorysetup-thread-allocator-block-size=16777216"
    "memorysetup-gfx-main-allocator-block-size=16777216"
    "memorysetup-gfx-thread-allocator-block-size=16777216"
    "memorysetup-cache-allocator-block-size=4194304"
    "memorysetup-typetree-allocator-block-size=2097152"
    "memorysetup-profiler-bucket-allocator-granularity=16"
    "memorysetup-profiler-bucket-allocator-bucket-count=8"
    "memorysetup-profiler-bucket-allocator-block-size=33554432"
    "memorysetup-profiler-bucket-allocator-block-count=8"
    "memorysetup-profiler-allocator-block-size=16777216"
    "memorysetup-profiler-editor-allocator-block-size=1048576"
    "memorysetup-temp-allocator-size-main=16777216"
    "memorysetup-job-temp-allocator-block-size=2097152"
    "memorysetup-job-temp-allocator-block-size-background=1048576"
    "memorysetup-job-temp-allocator-reduction-small-platforms=262144"
    "memorysetup-allocator-temp-initial-block-size-main=262144"
    "memorysetup-allocator-temp-initial-block-size-worker=262144"
    "memorysetup-temp-allocator-size-background-worker=32768"
    "memorysetup-temp-allocator-size-job-worker=262144"
    "memorysetup-temp-allocator-size-preload-manager=33554432"
    "memorysetup-temp-allocator-size-nav-mesh-worker=65536"
    "memorysetup-temp-allocator-size-audio-worker=65536"
    "memorysetup-temp-allocator-size-cloud-worker=32768"
    "memorysetup-temp-allocator-size-gi-baking-worker=262144"
    "memorysetup-temp-allocator-size-gi-baking-worker=262144"
    "memorysetup-temp-allocator-size-gi-baking-worker=262144"
    "memorysetup-temp-allocator-size-gi-baking-worker=262144"
    "memorysetup-temp-allocator-size-gfx=262144"
Player connection [38832] Host "[IP] 192.168.1.106 [Port] 0 [Flags] 2 [Guid] 3107622087 [EditorId] 3107622087 [Version] 1048832 [Id] WindowsEditor(7,DESKTOP-I4N517B) [Debug] 1 [PackageName] WindowsEditor [ProjectName] Editor" joined multi-casting on [225.0.0.222:54997]...
Player connection [38832] Host "[IP] 192.168.1.106 [Port] 0 [Flags] 2 [Guid] 3107622087 [EditorId] 3107622087 [Version] 1048832 [Id] WindowsEditor(7,DESKTOP-I4N517B) [Debug] 1 [PackageName] WindowsEditor [ProjectName] Editor" joined alternative multi-casting on [225.0.0.222:34997]...
JobSystem: Creating JobQueue using job-worker-count value 11
[Physics::Module] Initialized MultithreadedJobDispatcher with 11 workers.
Library Redirect Path: Library/
Refreshing native plugins compatible for Editor in 1.00 ms, found 3 plugins.
Preloading 0 native plugins for Editor in 0.00 ms.
Initialize engine version: 2023.2.18f1 (1cb755715f58)
[Subsystems] Discovering subsystems at path C:/Program Files/Unity/Hub/Editor/2023.2.18f1/Editor/Data/Resources/UnitySubsystems
[Subsystems] Discovering subsystems at path C:/Users/goal2/RPGgame/Assets
GfxDevice: creating device client; kGfxThreadingModeNonThreaded
Direct3D:
    Version:  Direct3D 11.0 [level 11.1]
    Renderer: NVIDIA GeForce RTX 3070 Ti (ID=0x2482)
    Vendor:   NVIDIA
    VRAM:     8031 MB
    Driver:   31.0.15.3699
Initialize mono
Mono path[0] = 'C:/Program Files/Unity/Hub/Editor/2023.2.18f1/Editor/Data/Managed'
Mono path[1] = 'C:/Program Files/Unity/Hub/Editor/2023.2.18f1/Editor/Data/MonoBleedingEdge/lib/mono/unityjit-win32'
Mono config path = 'C:/Program Files/Unity/Hub/Editor/2023.2.18f1/Editor/Data/MonoBleedingEdge/etc'
Using monoOptions --debugger-agent=transport=dt_socket,embedding=1,server=y,suspend=n,address=127.0.0.1:56736
Begin MonoManager ReloadAssembly
C:\build\output\Unity-Technologies\mono\mono\metadata\icall.c:1842:
C:\build\output\Unity-Technologies\mono\mono\metadata\icall.c:1842:
C:\build\output\Unity-Technologies\mono\mono\metadata\icall.c:1842:
C:\build\output\Unity-Technologies\mono\mono\metadata\icall.c:1842:
C:\build\output\Unity-Technologies\mono\mono\metadata\icall.c:1842:
C:\build\output\Unity-Technologies\mono\mono\metadata\icall.c:1842:
C:\build\output\Unity-Technologies\mono\mono\metadata\icall.c:1842:
C:\build\output\Unity-Technologies\mono\mono\metadata\icall.c:1842:
C:\build\output\Unity-Technologies\mono\mono\metadata\icall.c:1842:
C:\build\output\Unity-Technologies\mono\mono\metadata\icall.c:1842:
Registering precompiled unity dll's ...
Register platform support module: C:/Program Files/Unity/Hub/Editor/2023.2.18f1/Editor/Data/PlaybackEngines/MacStandaloneSupport/UnityEditor.OSXStandalone.Extensions.dll
Register platform support module: C:/Program Files/Unity/Hub/Editor/2023.2.18f1/Editor/Data/PlaybackEngines/WindowsStandaloneSupport/UnityEditor.WindowsStandalone.Extensions.dll
Register platform support module: C:/Program Files/Unity/Hub/Editor/2023.2.18f1/Editor/Data/PlaybackEngines/AndroidPlayer/UnityEditor.Android.Extensions.dll
Register platform support module: C:/Program Files/Unity/Hub/Editor/2023.2.18f1/Editor/Data/PlaybackEngines/iOSSupport/UnityEditor.iOS.Extensions.dll
Registered in 0.007596 seconds.
- Loaded All Assemblies, in  0.306 seconds
[usbmuxd] Start listen thread
[usbmuxd] Listen thread started
Native extension for iOS target not found
Native extension for Android target not found
Android Extension - Scanning For ADB Devices 198 ms
Native extension for WindowsStandalone target not found
Native extension for OSXStandalone target not found
Mono: successfully reloaded assembly
C:\build\output\Unity-Technologies\mono\mono\metadata\icall.c:1842:
C:\build\output\Unity-Technologies\mono\mono\metadata\icall.c:1842:
- Finished resetting the current domain, in  0.497 seconds
Domain Reload Profiling: 802ms
	BeginReloadAssembly (95ms)
		ExecutionOrderSort (0ms)
		DisableScriptedObjects (0ms)
		BackupInstance (0ms)
		ReleaseScriptingObjects (0ms)
		CreateAndSetChildDomain (1ms)
	RebuildCommonClasses (28ms)
	RebuildNativeTypeToScriptingClass (9ms)
	initialDomainReloadingComplete (47ms)
	LoadAllAssembliesAndSetupDomain (124ms)
		LoadAssemblies (94ms)
		RebuildTransferFunctionScriptingTraits (0ms)
		AnalyzeDomain (122ms)
			TypeCache.Refresh (120ms)
				TypeCache.ScanAssembly (108ms)
			BuildScriptInfoCaches (0ms)
			ResolveRequiredComponents (0ms)
	FinalizeReload (498ms)
		ReleaseScriptCaches (0ms)
		RebuildScriptCaches (0ms)
		SetupLoadedEditorAssemblies (455ms)
			LogAssemblyErrors (0ms)
			InitializePlatformSupportModulesInManaged (286ms)
			SetLoadedEditorAssemblies (4ms)
			BeforeProcessingInitializeOnLoad (4ms)
			ProcessInitializeOnLoadAttributes (121ms)
			ProcessInitializeOnLoadMethodAttributes (41ms)
			AfterProcessingInitializeOnLoad (0ms)
			EditorAssembliesLoaded (0ms)
		ExecutionOrderSort2 (0ms)
		AwakeInstancesAfterBackupRestoration (0ms)
========================================================================
Worker process is ready to serve import requests
Import Worker Mode flag is 0x00
Begin MonoManager ReloadAssembly
C:\build\output\Unity-Technologies\mono\mono\metadata\icall.c:1842:
C:\build\output\Unity-Technologies\mono\mono\metadata\icall.c:1842:
C:\build\output\Unity-Technologies\mono\mono\metadata\icall.c:1842:
C:\build\output\Unity-Technologies\mono\mono\metadata\icall.c:1842:
C:\build\output\Unity-Technologies\mono\mono\metadata\icall.c:1842:
C:\build\output\Unity-Technologies\mono\mono\metadata\icall.c:1842:
C:\build\output\Unity-Technologies\mono\mono\metadata\icall.c:1842:
C:\build\output\Unity-Technologies\mono\mono\metadata\icall.c:1842:
C:\build\output\Unity-Technologies\mono\mono\metadata\icall.c:1842:
C:\build\output\Unity-Technologies\mono\mono\metadata\icall.c:1842:
C:\build\output\Unity-Technologies\mono\mono\metadata\icall.c:1842:
C:\build\output\Unity-Technologies\mono\mono\metadata\icall.c:1842:
Symbol file LoadedFromMemory doesn't match image C:\Users\goal2\RPGgame\Library\PackageCache\com.unity.visualscripting@1.8.0\Editor\VisualScripting.Core\Dependencies\YamlDotNet\Unity.VisualScripting.YamlDotNet.dll
Symbol file LoadedFromMemory doesn't match image C:\Users\goal2\RPGgame\Library\PackageCache\com.unity.visualscripting@1.8.0\Editor\VisualScripting.Core\Dependencies\DotNetZip\Unity.VisualScripting.IonicZip.dll
- Loaded All Assemblies, in  0.694 seconds
Refreshing native plugins compatible for Editor in 0.72 ms, found 3 plugins.
Native extension for iOS target not found
Native extension for Android target not found
Native extension for WindowsStandalone target not found
Native extension for OSXStandalone target not found
Mono: successfully reloaded assembly
- Finished resetting the current domain, in  0.500 seconds
Domain Reload Profiling: 1191ms
	BeginReloadAssembly (257ms)
		ExecutionOrderSort (0ms)
		DisableScriptedObjects (5ms)
		BackupInstance (0ms)
		ReleaseScriptingObjects (0ms)
		CreateAndSetChildDomain (30ms)
	RebuildCommonClasses (34ms)
	RebuildNativeTypeToScriptingClass (10ms)
	initialDomainReloadingComplete (32ms)
	LoadAllAssembliesAndSetupDomain (358ms)
		LoadAssemblies (263ms)
		RebuildTransferFunctionScriptingTraits (0ms)
		AnalyzeDomain (159ms)
			TypeCache.Refresh (136ms)
				TypeCache.ScanAssembly (123ms)
			BuildScriptInfoCaches (17ms)
			ResolveRequiredComponents (3ms)
	FinalizeReload (500ms)
		ReleaseScriptCaches (0ms)
		RebuildScriptCaches (0ms)
		SetupLoadedEditorAssemblies (344ms)
			LogAssemblyErrors (0ms)
			InitializePlatformSupportModulesInManaged (17ms)
			SetLoadedEditorAssemblies (4ms)
			BeforeProcessingInitializeOnLoad (31ms)
			ProcessInitializeOnLoadAttributes (272ms)
			ProcessInitializeOnLoadMethodAttributes (16ms)
			AfterProcessingInitializeOnLoad (4ms)
			EditorAssembliesLoaded (0ms)
		ExecutionOrderSort2 (0ms)
		AwakeInstancesAfterBackupRestoration (6ms)
Launched and connected shader compiler UnityShaderCompiler.exe after 0.01 seconds
Refreshing native plugins compatible for Editor in 1.40 ms, found 3 plugins.
Preloading 0 native plugins for Editor in 0.00 ms.
Unloading 10 Unused Serialized files (Serialized files now loaded: 0)
Unloading 3593 unused Assets / (0.8 MB). Loaded Objects now: 4191.
Memory consumption went from 115.8 MB to 115.0 MB.
Total: 6.539600 ms (FindLiveObjects: 0.474800 ms CreateObjectMapping: 0.543200 ms MarkObjects: 4.534400 ms  DeleteObjects: 0.986300 ms)

========================================================================
Received Import Request.
  Time since last request: 1162157.886526 seconds.
  path: Assets/Imports/Fantasy-Land/Fantasy-Land-Set-Mobile/Prefabs/grass_04.prefab
  artifactKey: Guid(5712d03c2a6d6e04389cc7454ea9ff68) Importer(815301076,1909f56bfc062723c751e8b465ee728b)
Start importing Assets/Imports/Fantasy-Land/Fantasy-Land-Set-Mobile/Prefabs/grass_04.prefab using Guid(5712d03c2a6d6e04389cc7454ea9ff68) Importer(815301076,1909f56bfc062723c751e8b465ee728b) (PreviewImporter) -> (artifact id: 'd5a7f13bd431d4faa58788dc83fbf7ae') in 0.0965626 seconds
Number of updated asset objects reloaded before import = 0Number of asset objects unloaded after import = 9

========================================================================
Received Import Request.
  Time since last request: 6.692300 seconds.
  path: Assets/Imports/Fantasy-Land/Fantasy-Land-Set-Mobile/Prefabs/grass_10.prefab
  artifactKey: Guid(ce5ee3d982ce1f04994ac4f9a9d078a3) Importer(815301076,1909f56bfc062723c751e8b465ee728b)
Start importing Assets/Imports/Fantasy-Land/Fantasy-Land-Set-Mobile/Prefabs/grass_10.prefab using Guid(ce5ee3d982ce1f04994ac4f9a9d078a3) Importer(815301076,1909f56bfc062723c751e8b465ee728b) (PreviewImporter) -> (artifact id: '2a53ce9d7d3ea3315e8d792c22b3be90') in 0.0178245 seconds
Number of updated asset objects reloaded before import = 0Number of asset objects unloaded after import = 9

========================================================================
Received Import Request.
  Time since last request: 0.217796 seconds.
  path: Assets/Imports/Fantasy-Land/Fantasy-Land-Set-Mobile/Prefabs/mobile_box_01.prefab
  artifactKey: Guid(75df3fef270aa894896fbbc816e5f88a) Importer(815301076,1909f56bfc062723c751e8b465ee728b)
Start importing Assets/Imports/Fantasy-Land/Fantasy-Land-Set-Mobile/Prefabs/mobile_box_01.prefab using Guid(75df3fef270aa894896fbbc816e5f88a) Importer(815301076,1909f56bfc062723c751e8b465ee728b) (PreviewImporter) -> (artifact id: 'bde12788ea66c59d09e851279e730783') in 0.0155115 seconds
Number of updated asset objects reloaded before import = 0Number of asset objects unloaded after import = 9

========================================================================
Received Import Request.
  Time since last request: 1.414686 seconds.
  path: Assets/Imports/Fantasy-Land/Fantasy-Land-Set-Mobile/Prefabs/mobile_fence_03.prefab
  artifactKey: Guid(821908f6b79f0564aab35713f9f0611d) Importer(815301076,1909f56bfc062723c751e8b465ee728b)
Start importing Assets/Imports/Fantasy-Land/Fantasy-Land-Set-Mobile/Prefabs/mobile_fence_03.prefab using Guid(821908f6b79f0564aab35713f9f0611d) Importer(815301076,1909f56bfc062723c751e8b465ee728b) (PreviewImporter) -> (artifact id: 'd4cee951057c73a06e682a3fa567064c') in 0.0157619 seconds
Number of updated asset objects reloaded before import = 0Number of asset objects unloaded after import = 9

========================================================================
Received Import Request.
  Time since last request: 0.666127 seconds.
  path: Assets/Imports/Fantasy-Land/Fantasy-Land-Set-Mobile/Prefabs/mobile_fence_09.prefab
  artifactKey: Guid(ac87655d99db7424abcfe9a688053930) Importer(815301076,1909f56bfc062723c751e8b465ee728b)
Start importing Assets/Imports/Fantasy-Land/Fantasy-Land-Set-Mobile/Prefabs/mobile_fence_09.prefab using Guid(ac87655d99db7424abcfe9a688053930) Importer(815301076,1909f56bfc062723c751e8b465ee728b) (PreviewImporter) -> (artifact id: '37c77de566c01db3e4a9b7db3424ccec') in 0.0168301 seconds
Number of updated asset objects reloaded before import = 0Number of asset objects unloaded after import = 9

========================================================================
Received Import Request.
  Time since last request: 1.500847 seconds.
  path: Assets/Imports/Fantasy-Land/Fantasy-Land-Set-Mobile/Prefabs/mobile_house01_05.prefab
  artifactKey: Guid(ceb56378c70e90844b389d257c0a7f80) Importer(815301076,1909f56bfc062723c751e8b465ee728b)
Start importing Assets/Imports/Fantasy-Land/Fantasy-Land-Set-Mobile/Prefabs/mobile_house01_05.prefab using Guid(ceb56378c70e90844b389d257c0a7f80) Importer(815301076,1909f56bfc062723c751e8b465ee728b) (PreviewImporter) -> (artifact id: 'e58995efb179f1d4df1afa58ad576654') in 0.0169846 seconds
Number of updated asset objects reloaded before import = 0Number of asset objects unloaded after import = 9

========================================================================
Received Import Request.
  Time since last request: 0.352175 seconds.
  path: Assets/Imports/Fantasy-Land/Fantasy-Land-Set-Mobile/Prefabs/mobile_mushroom_01.prefab
  artifactKey: Guid(26fe74a369812784d85e22d50347fa78) Importer(815301076,1909f56bfc062723c751e8b465ee728b)
Start importing Assets/Imports/Fantasy-Land/Fantasy-Land-Set-Mobile/Prefabs/mobile_mushroom_01.prefab using Guid(26fe74a369812784d85e22d50347fa78) Importer(815301076,1909f56bfc062723c751e8b465ee728b) (PreviewImporter) -> (artifact id: '3af6f6857ade5834689e05d0c9e22ed6') in 0.0160265 seconds
Number of updated asset objects reloaded before import = 0Number of asset objects unloaded after import = 9

========================================================================
Received Import Request.
  Time since last request: 0.574367 seconds.
  path: Assets/Imports/Fantasy-Land/Fantasy-Land-Set-Mobile/Prefabs/mobile_mushroom_07.prefab
  artifactKey: Guid(12436763cc065ea4d983d860b41b5370) Importer(815301076,1909f56bfc062723c751e8b465ee728b)
Start importing Assets/Imports/Fantasy-Land/Fantasy-Land-Set-Mobile/Prefabs/mobile_mushroom_07.prefab using Guid(12436763cc065ea4d983d860b41b5370) Importer(815301076,1909f56bfc062723c751e8b465ee728b) (PreviewImporter) -> (artifact id: '1e373465f27b57495105f81dbfe1570e') in 0.0155225 seconds
Number of updated asset objects reloaded before import = 0Number of asset objects unloaded after import = 9

========================================================================
Received Import Request.
  Time since last request: 0.479445 seconds.
  path: Assets/Imports/Fantasy-Land/Fantasy-Land-Set-Mobile/Prefabs/mobile_mushroom_13.prefab
  artifactKey: Guid(ddcfa6068f62a2c48b219481049ad2d0) Importer(815301076,1909f56bfc062723c751e8b465ee728b)
Start importing Assets/Imports/Fantasy-Land/Fantasy-Land-Set-Mobile/Prefabs/mobile_mushroom_13.prefab using Guid(ddcfa6068f62a2c48b219481049ad2d0) Importer(815301076,1909f56bfc062723c751e8b465ee728b) (PreviewImporter) -> (artifact id: 'fdfe12f2906ecfd1cdee509cf1a9bac6') in 0.0166879 seconds
Number of updated asset objects reloaded before import = 0Number of asset objects unloaded after import = 9

========================================================================
Received Import Request.
  Time since last request: 0.519858 seconds.
  path: Assets/Imports/Fantasy-Land/Fantasy-Land-Set-Mobile/Prefabs/mobile_rock_04.prefab
  artifactKey: Guid(8ecb9d05d56bb7e469aff77796d1aca4) Importer(815301076,1909f56bfc062723c751e8b465ee728b)
Start importing Assets/Imports/Fantasy-Land/Fantasy-Land-Set-Mobile/Prefabs/mobile_rock_04.prefab using Guid(8ecb9d05d56bb7e469aff77796d1aca4) Importer(815301076,1909f56bfc062723c751e8b465ee728b) (PreviewImporter) -> (artifact id: '23073f4f5c8edd08385dfeaadbf0b239') in 0.0174347 seconds
Number of updated asset objects reloaded before import = 0Number of asset objects unloaded after import = 9

========================================================================
Received Import Request.
  Time since last request: 0.519943 seconds.
  path: Assets/Imports/Fantasy-Land/Fantasy-Land-Set-Mobile/Prefabs/mobile_rock_10.prefab
  artifactKey: Guid(1fbe6b23e606c30429dae44fd16cd1aa) Importer(815301076,1909f56bfc062723c751e8b465ee728b)
Start importing Assets/Imports/Fantasy-Land/Fantasy-Land-Set-Mobile/Prefabs/mobile_rock_10.prefab using Guid(1fbe6b23e606c30429dae44fd16cd1aa) Importer(815301076,1909f56bfc062723c751e8b465ee728b) (PreviewImporter) -> (artifact id: 'ae0cb3fea93b907094de3f7526c5c6bb') in 0.0154312 seconds
Number of updated asset objects reloaded before import = 0Number of asset objects unloaded after import = 9

========================================================================
Received Import Request.
  Time since last request: 0.399025 seconds.
  path: Assets/Imports/Fantasy-Land/Fantasy-Land-Set-Mobile/Prefabs/mobile_stones_ancient_02.prefab
  artifactKey: Guid(f7a2e11cfd9041e4bad043cef5f3b26e) Importer(815301076,1909f56bfc062723c751e8b465ee728b)
Start importing Assets/Imports/Fantasy-Land/Fantasy-Land-Set-Mobile/Prefabs/mobile_stones_ancient_02.prefab using Guid(f7a2e11cfd9041e4bad043cef5f3b26e) Importer(815301076,1909f56bfc062723c751e8b465ee728b) (PreviewImporter) -> (artifact id: '568c961dc59794ef104eeeacacab081e') in 0.015511 seconds
Number of updated asset objects reloaded before import = 0Number of asset objects unloaded after import = 9

========================================================================
Received Import Request.
  Time since last request: 0.552529 seconds.
  path: Assets/Imports/Fantasy-Land/Fantasy-Land-Set-Mobile/Prefabs/mobile_stones_ancient_08.prefab
  artifactKey: Guid(4fa6759b93d18bb4e9eaf63ac397d531) Importer(815301076,1909f56bfc062723c751e8b465ee728b)
Start importing Assets/Imports/Fantasy-Land/Fantasy-Land-Set-Mobile/Prefabs/mobile_stones_ancient_08.prefab using Guid(4fa6759b93d18bb4e9eaf63ac397d531) Importer(815301076,1909f56bfc062723c751e8b465ee728b) (PreviewImporter) -> (artifact id: '7c061d437147c73048197e59c2a2a916') in 0.0160716 seconds
Number of updated asset objects reloaded before import = 0Number of asset objects unloaded after import = 9

========================================================================
Received Import Request.
  Time since last request: 0.404488 seconds.
  path: Assets/Imports/Fantasy-Land/Fantasy-Land-Set-Mobile/Prefabs/mobile_stones_sharp_03.prefab
  artifactKey: Guid(bd8aaa708e01ec541a3971e7b0fb8470) Importer(815301076,1909f56bfc062723c751e8b465ee728b)
Start importing Assets/Imports/Fantasy-Land/Fantasy-Land-Set-Mobile/Prefabs/mobile_stones_sharp_03.prefab using Guid(bd8aaa708e01ec541a3971e7b0fb8470) Importer(815301076,1909f56bfc062723c751e8b465ee728b) (PreviewImporter) -> (artifact id: 'c5f085d09eb7988b38e08abfb1f94e2d') in 0.0154314 seconds
Number of updated asset objects reloaded before import = 0Number of asset objects unloaded after import = 9

========================================================================
Received Import Request.
  Time since last request: 0.451009 seconds.
  path: Assets/Imports/Fantasy-Land/Fantasy-Land-Set-Mobile/Prefabs/mobile_tree_04.prefab
  artifactKey: Guid(b87e635b887f9d84f8c4690147fe76e1) Importer(815301076,1909f56bfc062723c751e8b465ee728b)
Start importing Assets/Imports/Fantasy-Land/Fantasy-Land-Set-Mobile/Prefabs/mobile_tree_04.prefab using Guid(b87e635b887f9d84f8c4690147fe76e1) Importer(815301076,1909f56bfc062723c751e8b465ee728b) (PreviewImporter) -> (artifact id: 'd7e3338882fa69c5593a26b9c4f4d30d') in 0.0152348 seconds
Number of updated asset objects reloaded before import = 0Number of asset objects unloaded after import = 9

========================================================================
Received Import Request.
  Time since last request: 0.080096 seconds.
  path: Assets/Imports/Fantasy-Land/Fantasy-Land-Set-Mobile/Prefabs/mobile_tree_10.prefab
  artifactKey: Guid(e57654c027870204bb6f7df879f1fe87) Importer(815301076,1909f56bfc062723c751e8b465ee728b)
Start importing Assets/Imports/Fantasy-Land/Fantasy-Land-Set-Mobile/Prefabs/mobile_tree_10.prefab using Guid(e57654c027870204bb6f7df879f1fe87) Importer(815301076,1909f56bfc062723c751e8b465ee728b) (PreviewImporter) -> (artifact id: '3062a97ed9d97a5ff494035f74fa8143') in 0.0373319 seconds
Number of updated asset objects reloaded before import = 0Number of asset objects unloaded after import = 14

========================================================================
Received Import Request.
  Time since last request: 0.326992 seconds.
  path: Assets/Imports/Fantasy-Land/Fantasy-Land-Set-Mobile/Prefabs/mobile_wall_01_tile_01.prefab
  artifactKey: Guid(ad9c2a37d1a07f84b9fb2e820877d350) Importer(815301076,1909f56bfc062723c751e8b465ee728b)
Start importing Assets/Imports/Fantasy-Land/Fantasy-Land-Set-Mobile/Prefabs/mobile_wall_01_tile_01.prefab using Guid(ad9c2a37d1a07f84b9fb2e820877d350) Importer(815301076,1909f56bfc062723c751e8b465ee728b) (PreviewImporter) -> (artifact id: 'c20c9dc75fe8ee3051c811dbc27c03d8') in 0.0151344 seconds
Number of updated asset objects reloaded before import = 0Number of asset objects unloaded after import = 9

========================================================================
Received Import Request.
  Time since last request: 0.336017 seconds.
  path: Assets/Imports/Fantasy-Land/Fantasy-Land-Set-Mobile/Prefabs/mobile_wall_03_corner_concave.prefab
  artifactKey: Guid(7b06f74942a66534ebf7f9c90e94ed2f) Importer(815301076,1909f56bfc062723c751e8b465ee728b)
Start importing Assets/Imports/Fantasy-Land/Fantasy-Land-Set-Mobile/Prefabs/mobile_wall_03_corner_concave.prefab using Guid(7b06f74942a66534ebf7f9c90e94ed2f) Importer(815301076,1909f56bfc062723c751e8b465ee728b) (PreviewImporter) -> (artifact id: '237c3616d89c5acac63363e5fd503bb3') in 0.017359 seconds
Number of updated asset objects reloaded before import = 0Number of asset objects unloaded after import = 11

========================================================================
Received Import Request.
  Time since last request: 0.038896 seconds.
  path: Assets/Imports/Fantasy-Land/Fantasy-Land-Set-Mobile/Prefabs/mobile_wood_chump_04.prefab
  artifactKey: Guid(ddf52e34f97076445b2fd9b87b7debcc) Importer(815301076,1909f56bfc062723c751e8b465ee728b)
Start importing Assets/Imports/Fantasy-Land/Fantasy-Land-Set-Mobile/Prefabs/mobile_wood_chump_04.prefab using Guid(ddf52e34f97076445b2fd9b87b7debcc) Importer(815301076,1909f56bfc062723c751e8b465ee728b) (PreviewImporter) -> (artifact id: '477e4ee9e87b2ff6427701cda15dacda') in 0.0146532 seconds
Number of updated asset objects reloaded before import = 0Number of asset objects unloaded after import = 9

Editor requested this worker to shutdown with reason: Scaling down because of idle timeout
AssetImportWorker is now disconnected from the server
Process exiting
Exiting without the bug reporter. Application will terminate with return code 0