Using pre-set license
Built from '2023.2/staging' branch; Version is '2023.2.18f1 (1cb755715f58) revision 1881941'; Using compiler version '193431935'; Build Type 'Release'
OS: 'Windows 11  (10.0.22631) 64bit Core' Language: 'ja' Physical Memory: 16309 MB
BatchMode: 1, IsHumanControllingUs: 0, StartBugReporterOnCrash: 0, Is64bit: 1, IsPro: 1

COMMAND LINE ARGUMENTS:
C:\Program Files\Unity\Hub\Editor\2023.2.18f1\Editor\Unity.exe
-adb2
-batchMode
-noUpm
-name
AssetImportWorker15
-projectPath
C:/Users/goal2/RPGgame
-logFile
Logs/AssetImportWorker15.log
-srvPort
55227
-job-worker-count
11
-background-job-worker-count
8
-asset-garbage-collectors
1
Successfully changed project path to: C:/Users/goal2/RPGgame
C:/Users/goal2/RPGgame
[UnityMemory] Configuration Parameters - Can be set up in boot.config
    "memorysetup-bucket-allocator-granularity=16"
    "memorysetup-bucket-allocator-bucket-count=8"
    "memorysetup-bucket-allocator-block-size=33554432"
    "memorysetup-bucket-allocator-block-count=8"
    "memorysetup-main-allocator-block-size=16777216"
    "memorysetup-thread-allocator-block-size=16777216"
    "memorysetup-gfx-main-allocator-block-size=16777216"
    "memorysetup-gfx-thread-allocator-block-size=16777216"
    "memorysetup-cache-allocator-block-size=4194304"
    "memorysetup-typetree-allocator-block-size=2097152"
    "memorysetup-profiler-bucket-allocator-granularity=16"
    "memorysetup-profiler-bucket-allocator-bucket-count=8"
    "memorysetup-profiler-bucket-allocator-block-size=33554432"
    "memorysetup-profiler-bucket-allocator-block-count=8"
    "memorysetup-profiler-allocator-block-size=16777216"
    "memorysetup-profiler-editor-allocator-block-size=1048576"
    "memorysetup-temp-allocator-size-main=16777216"
    "memorysetup-job-temp-allocator-block-size=2097152"
    "memorysetup-job-temp-allocator-block-size-background=1048576"
    "memorysetup-job-temp-allocator-reduction-small-platforms=262144"
    "memorysetup-allocator-temp-initial-block-size-main=262144"
    "memorysetup-allocator-temp-initial-block-size-worker=262144"
    "memorysetup-temp-allocator-size-background-worker=32768"
    "memorysetup-temp-allocator-size-job-worker=262144"
    "memorysetup-temp-allocator-size-preload-manager=33554432"
    "memorysetup-temp-allocator-size-nav-mesh-worker=65536"
    "memorysetup-temp-allocator-size-audio-worker=65536"
    "memorysetup-temp-allocator-size-cloud-worker=32768"
    "memorysetup-temp-allocator-size-gi-baking-worker=262144"
    "memorysetup-temp-allocator-size-gi-baking-worker=262144"
    "memorysetup-temp-allocator-size-gi-baking-worker=262144"
    "memorysetup-temp-allocator-size-gi-baking-worker=262144"
    "memorysetup-temp-allocator-size-gfx=262144"
Player connection [27576] Host "[IP] 192.168.1.106 [Port] 0 [Flags] 2 [Guid] 4029329377 [EditorId] 4029329377 [Version] 1048832 [Id] WindowsEditor(7,DESKTOP-I4N517B) [Debug] 1 [PackageName] WindowsEditor [ProjectName] Editor" joined multi-casting on [225.0.0.222:54997]...
Player connection [27576] Host "[IP] 192.168.1.106 [Port] 0 [Flags] 2 [Guid] 4029329377 [EditorId] 4029329377 [Version] 1048832 [Id] WindowsEditor(7,DESKTOP-I4N517B) [Debug] 1 [PackageName] WindowsEditor [ProjectName] Editor" joined alternative multi-casting on [225.0.0.222:34997]...
JobSystem: Creating JobQueue using job-worker-count value 11
[Physics::Module] Initialized MultithreadedJobDispatcher with 11 workers.
Library Redirect Path: Library/
Refreshing native plugins compatible for Editor in 57.23 ms, found 3 plugins.
Preloading 0 native plugins for Editor in 0.00 ms.
Initialize engine version: 2023.2.18f1 (1cb755715f58)
[Subsystems] Discovering subsystems at path C:/Program Files/Unity/Hub/Editor/2023.2.18f1/Editor/Data/Resources/UnitySubsystems
[Subsystems] Discovering subsystems at path C:/Users/goal2/RPGgame/Assets
GfxDevice: creating device client; kGfxThreadingModeNonThreaded
Direct3D:
    Version:  Direct3D 11.0 [level 11.1]
    Renderer: NVIDIA GeForce RTX 3070 Ti (ID=0x2482)
    Vendor:   NVIDIA
    VRAM:     8018 MB
    Driver:   32.0.15.6603
Initialize mono
Mono path[0] = 'C:/Program Files/Unity/Hub/Editor/2023.2.18f1/Editor/Data/Managed'
Mono path[1] = 'C:/Program Files/Unity/Hub/Editor/2023.2.18f1/Editor/Data/MonoBleedingEdge/lib/mono/unityjit-win32'
Mono config path = 'C:/Program Files/Unity/Hub/Editor/2023.2.18f1/Editor/Data/MonoBleedingEdge/etc'
Using monoOptions --debugger-agent=transport=dt_socket,embedding=1,server=y,suspend=n,address=127.0.0.1:56536
Begin MonoManager ReloadAssembly
C:\build\output\Unity-Technologies\mono\mono\metadata\icall.c:1842:
C:\build\output\Unity-Technologies\mono\mono\metadata\icall.c:1842:
C:\build\output\Unity-Technologies\mono\mono\metadata\icall.c:1842:
C:\build\output\Unity-Technologies\mono\mono\metadata\icall.c:1842:
C:\build\output\Unity-Technologies\mono\mono\metadata\icall.c:1842:
C:\build\output\Unity-Technologies\mono\mono\metadata\icall.c:1842:
C:\build\output\Unity-Technologies\mono\mono\metadata\icall.c:1842:
C:\build\output\Unity-Technologies\mono\mono\metadata\icall.c:1842:
C:\build\output\Unity-Technologies\mono\mono\metadata\icall.c:1842:
C:\build\output\Unity-Technologies\mono\mono\metadata\icall.c:1842:
Registering precompiled unity dll's ...
Register platform support module: C:/Program Files/Unity/Hub/Editor/2023.2.18f1/Editor/Data/PlaybackEngines/MacStandaloneSupport/UnityEditor.OSXStandalone.Extensions.dll
Register platform support module: C:/Program Files/Unity/Hub/Editor/2023.2.18f1/Editor/Data/PlaybackEngines/WindowsStandaloneSupport/UnityEditor.WindowsStandalone.Extensions.dll
Register platform support module: C:/Program Files/Unity/Hub/Editor/2023.2.18f1/Editor/Data/PlaybackEngines/AndroidPlayer/UnityEditor.Android.Extensions.dll
Register platform support module: C:/Program Files/Unity/Hub/Editor/2023.2.18f1/Editor/Data/PlaybackEngines/iOSSupport/UnityEditor.iOS.Extensions.dll
Registered in 0.576712 seconds.
- Loaded All Assemblies, in  9.257 seconds
[usbmuxd] Start listen thread
[usbmuxd] Listen thread started
Native extension for iOS target not found
Native extension for Android target not found
Android Extension - Scanning For ADB Devices 319 ms
Native extension for WindowsStandalone target not found
Native extension for OSXStandalone target not found
Mono: successfully reloaded assembly
C:\build\output\Unity-Technologies\mono\mono\metadata\icall.c:1842:
C:\build\output\Unity-Technologies\mono\mono\metadata\icall.c:1842:
- Finished resetting the current domain, in  0.829 seconds
Domain Reload Profiling: 10083ms
	BeginReloadAssembly (6460ms)
		ExecutionOrderSort (0ms)
		DisableScriptedObjects (0ms)
		BackupInstance (0ms)
		ReleaseScriptingObjects (0ms)
		CreateAndSetChildDomain (1ms)
	RebuildCommonClasses (509ms)
	RebuildNativeTypeToScriptingClass (12ms)
	initialDomainReloadingComplete (622ms)
	LoadAllAssembliesAndSetupDomain (1651ms)
		LoadAssemblies (6460ms)
		RebuildTransferFunctionScriptingTraits (0ms)
		AnalyzeDomain (1648ms)
			TypeCache.Refresh (1646ms)
				TypeCache.ScanAssembly (1366ms)
			BuildScriptInfoCaches (0ms)
			ResolveRequiredComponents (0ms)
	FinalizeReload (829ms)
		ReleaseScriptCaches (0ms)
		RebuildScriptCaches (0ms)
		SetupLoadedEditorAssemblies (785ms)
			LogAssemblyErrors (0ms)
			InitializePlatformSupportModulesInManaged (621ms)
			SetLoadedEditorAssemblies (3ms)
			BeforeProcessingInitializeOnLoad (4ms)
			ProcessInitializeOnLoadAttributes (116ms)
			ProcessInitializeOnLoadMethodAttributes (40ms)
			AfterProcessingInitializeOnLoad (0ms)
			EditorAssembliesLoaded (0ms)
		ExecutionOrderSort2 (0ms)
		AwakeInstancesAfterBackupRestoration (0ms)
========================================================================
Worker process is ready to serve import requests
Import Worker Mode flag is 0x00
Begin MonoManager ReloadAssembly
C:\build\output\Unity-Technologies\mono\mono\metadata\icall.c:1842:
C:\build\output\Unity-Technologies\mono\mono\metadata\icall.c:1842:
C:\build\output\Unity-Technologies\mono\mono\metadata\icall.c:1842:
C:\build\output\Unity-Technologies\mono\mono\metadata\icall.c:1842:
C:\build\output\Unity-Technologies\mono\mono\metadata\icall.c:1842:
C:\build\output\Unity-Technologies\mono\mono\metadata\icall.c:1842:
C:\build\output\Unity-Technologies\mono\mono\metadata\icall.c:1842:
C:\build\output\Unity-Technologies\mono\mono\metadata\icall.c:1842:
C:\build\output\Unity-Technologies\mono\mono\metadata\icall.c:1842:
C:\build\output\Unity-Technologies\mono\mono\metadata\icall.c:1842:
C:\build\output\Unity-Technologies\mono\mono\metadata\icall.c:1842:
C:\build\output\Unity-Technologies\mono\mono\metadata\icall.c:1842:
Symbol file LoadedFromMemory doesn't match image C:\Users\goal2\RPGgame\Library\PackageCache\com.unity.visualscripting@1.8.0\Editor\VisualScripting.Core\Dependencies\YamlDotNet\Unity.VisualScripting.YamlDotNet.dll
Symbol file LoadedFromMemory doesn't match image C:\Users\goal2\RPGgame\Library\PackageCache\com.unity.visualscripting@1.8.0\Editor\VisualScripting.Core\Dependencies\DotNetZip\Unity.VisualScripting.IonicZip.dll
- Loaded All Assemblies, in  6.364 seconds
Refreshing native plugins compatible for Editor in 0.69 ms, found 3 plugins.
Native extension for iOS target not found
Native extension for Android target not found
Native extension for WindowsStandalone target not found
Native extension for OSXStandalone target not found
Mono: successfully reloaded assembly
- Finished resetting the current domain, in  0.675 seconds
Domain Reload Profiling: 7036ms
	BeginReloadAssembly (357ms)
		ExecutionOrderSort (0ms)
		DisableScriptedObjects (5ms)
		BackupInstance (0ms)
		ReleaseScriptingObjects (0ms)
		CreateAndSetChildDomain (26ms)
	RebuildCommonClasses (29ms)
	RebuildNativeTypeToScriptingClass (10ms)
	initialDomainReloadingComplete (33ms)
	LoadAllAssembliesAndSetupDomain (5932ms)
		LoadAssemblies (5078ms)
		RebuildTransferFunctionScriptingTraits (0ms)
		AnalyzeDomain (918ms)
			TypeCache.Refresh (890ms)
				TypeCache.ScanAssembly (828ms)
			BuildScriptInfoCaches (20ms)
			ResolveRequiredComponents (5ms)
	FinalizeReload (675ms)
		ReleaseScriptCaches (0ms)
		RebuildScriptCaches (0ms)
		SetupLoadedEditorAssemblies (489ms)
			LogAssemblyErrors (0ms)
			InitializePlatformSupportModulesInManaged (21ms)
			SetLoadedEditorAssemblies (3ms)
			BeforeProcessingInitializeOnLoad (36ms)
			ProcessInitializeOnLoadAttributes (404ms)
			ProcessInitializeOnLoadMethodAttributes (21ms)
			AfterProcessingInitializeOnLoad (4ms)
			EditorAssembliesLoaded (0ms)
		ExecutionOrderSort2 (0ms)
		AwakeInstancesAfterBackupRestoration (8ms)
Launched and connected shader compiler UnityShaderCompiler.exe after 0.03 seconds
Refreshing native plugins compatible for Editor in 0.98 ms, found 3 plugins.
Preloading 0 native plugins for Editor in 0.00 ms.
Unloading 12 Unused Serialized files (Serialized files now loaded: 0)
Unloading 3867 unused Assets / (1.1 MB). Loaded Objects now: 4488.
Memory consumption went from 133.2 MB to 132.2 MB.
Total: 6.860200 ms (FindLiveObjects: 0.490700 ms CreateObjectMapping: 0.180600 ms MarkObjects: 5.212500 ms  DeleteObjects: 0.975500 ms)

========================================================================
Received Prepare
Begin MonoManager ReloadAssembly
C:\build\output\Unity-Technologies\mono\mono\metadata\icall.c:1842:
C:\build\output\Unity-Technologies\mono\mono\metadata\icall.c:1842:
C:\build\output\Unity-Technologies\mono\mono\metadata\icall.c:1842:
C:\build\output\Unity-Technologies\mono\mono\metadata\icall.c:1842:
C:\build\output\Unity-Technologies\mono\mono\metadata\icall.c:1842:
C:\build\output\Unity-Technologies\mono\mono\metadata\icall.c:1842:
C:\build\output\Unity-Technologies\mono\mono\metadata\icall.c:1842:
C:\build\output\Unity-Technologies\mono\mono\metadata\icall.c:1842:
C:\build\output\Unity-Technologies\mono\mono\metadata\icall.c:1842:
C:\build\output\Unity-Technologies\mono\mono\metadata\icall.c:1842:
C:\build\output\Unity-Technologies\mono\mono\metadata\icall.c:1842:
C:\build\output\Unity-Technologies\mono\mono\metadata\icall.c:1842:
Symbol file LoadedFromMemory doesn't match image C:\Users\goal2\RPGgame\Library\PackageCache\com.unity.visualscripting@1.8.0\Editor\VisualScripting.Core\Dependencies\YamlDotNet\Unity.VisualScripting.YamlDotNet.dll
Symbol file LoadedFromMemory doesn't match image C:\Users\goal2\RPGgame\Library\PackageCache\com.unity.visualscripting@1.8.0\Editor\VisualScripting.Core\Dependencies\DotNetZip\Unity.VisualScripting.IonicZip.dll
- Loaded All Assemblies, in  0.463 seconds
Refreshing native plugins compatible for Editor in 0.69 ms, found 3 plugins.
Native extension for iOS target not found
Native extension for Android target not found
Native extension for WindowsStandalone target not found
Native extension for OSXStandalone target not found
Mono: successfully reloaded assembly
- Finished resetting the current domain, in  0.603 seconds
Domain Reload Profiling: 1065ms
	BeginReloadAssembly (133ms)
		ExecutionOrderSort (0ms)
		DisableScriptedObjects (4ms)
		BackupInstance (0ms)
		ReleaseScriptingObjects (0ms)
		CreateAndSetChildDomain (40ms)
	RebuildCommonClasses (28ms)
	RebuildNativeTypeToScriptingClass (10ms)
	initialDomainReloadingComplete (21ms)
	LoadAllAssembliesAndSetupDomain (269ms)
		LoadAssemblies (224ms)
		RebuildTransferFunctionScriptingTraits (0ms)
		AnalyzeDomain (102ms)
			TypeCache.Refresh (6ms)
				TypeCache.ScanAssembly (0ms)
			BuildScriptInfoCaches (90ms)
			ResolveRequiredComponents (4ms)
	FinalizeReload (603ms)
		ReleaseScriptCaches (0ms)
		RebuildScriptCaches (0ms)
		SetupLoadedEditorAssemblies (418ms)
			LogAssemblyErrors (0ms)
			InitializePlatformSupportModulesInManaged (23ms)
			SetLoadedEditorAssemblies (4ms)
			BeforeProcessingInitializeOnLoad (38ms)
			ProcessInitializeOnLoadAttributes (330ms)
			ProcessInitializeOnLoadMethodAttributes (18ms)
			AfterProcessingInitializeOnLoad (4ms)
			EditorAssembliesLoaded (0ms)
		ExecutionOrderSort2 (0ms)
		AwakeInstancesAfterBackupRestoration (8ms)
Refreshing native plugins compatible for Editor in 0.81 ms, found 3 plugins.
Preloading 0 native plugins for Editor in 0.00 ms.
Unloading 1 Unused Serialized files (Serialized files now loaded: 0)
Unloading 3866 unused Assets / (0.8 MB). Loaded Objects now: 4488.
Memory consumption went from 132.7 MB to 131.9 MB.
Total: 5.955400 ms (FindLiveObjects: 0.412700 ms CreateObjectMapping: 0.217300 ms MarkObjects: 4.511700 ms  DeleteObjects: 0.813000 ms)

Prepare: number of updated asset objects reloaded= 0
========================================================================
Received Prepare
Begin MonoManager ReloadAssembly
C:\build\output\Unity-Technologies\mono\mono\metadata\icall.c:1842:
C:\build\output\Unity-Technologies\mono\mono\metadata\icall.c:1842:
C:\build\output\Unity-Technologies\mono\mono\metadata\icall.c:1842:
C:\build\output\Unity-Technologies\mono\mono\metadata\icall.c:1842:
C:\build\output\Unity-Technologies\mono\mono\metadata\icall.c:1842:
C:\build\output\Unity-Technologies\mono\mono\metadata\icall.c:1842:
C:\build\output\Unity-Technologies\mono\mono\metadata\icall.c:1842:
C:\build\output\Unity-Technologies\mono\mono\metadata\icall.c:1842:
C:\build\output\Unity-Technologies\mono\mono\metadata\icall.c:1842:
C:\build\output\Unity-Technologies\mono\mono\metadata\icall.c:1842:
C:\build\output\Unity-Technologies\mono\mono\metadata\icall.c:1842:
C:\build\output\Unity-Technologies\mono\mono\metadata\icall.c:1842:
Symbol file LoadedFromMemory doesn't match image C:\Users\goal2\RPGgame\Library\PackageCache\com.unity.visualscripting@1.8.0\Editor\VisualScripting.Core\Dependencies\YamlDotNet\Unity.VisualScripting.YamlDotNet.dll
Symbol file LoadedFromMemory doesn't match image C:\Users\goal2\RPGgame\Library\PackageCache\com.unity.visualscripting@1.8.0\Editor\VisualScripting.Core\Dependencies\DotNetZip\Unity.VisualScripting.IonicZip.dll
- Loaded All Assemblies, in  0.503 seconds
Refreshing native plugins compatible for Editor in 0.95 ms, found 3 plugins.
Native extension for iOS target not found
Native extension for Android target not found
Native extension for WindowsStandalone target not found
Native extension for OSXStandalone target not found
Mono: successfully reloaded assembly
- Finished resetting the current domain, in  0.598 seconds
Domain Reload Profiling: 1101ms
	BeginReloadAssembly (138ms)
		ExecutionOrderSort (0ms)
		DisableScriptedObjects (4ms)
		BackupInstance (0ms)
		ReleaseScriptingObjects (0ms)
		CreateAndSetChildDomain (36ms)
	RebuildCommonClasses (26ms)
	RebuildNativeTypeToScriptingClass (9ms)
	initialDomainReloadingComplete (21ms)
	LoadAllAssembliesAndSetupDomain (308ms)
		LoadAssemblies (274ms)
		RebuildTransferFunctionScriptingTraits (0ms)
		AnalyzeDomain (100ms)
			TypeCache.Refresh (5ms)
				TypeCache.ScanAssembly (0ms)
			BuildScriptInfoCaches (88ms)
			ResolveRequiredComponents (4ms)
	FinalizeReload (599ms)
		ReleaseScriptCaches (0ms)
		RebuildScriptCaches (0ms)
		SetupLoadedEditorAssemblies (411ms)
			LogAssemblyErrors (0ms)
			InitializePlatformSupportModulesInManaged (21ms)
			SetLoadedEditorAssemblies (4ms)
			BeforeProcessingInitializeOnLoad (39ms)
			ProcessInitializeOnLoadAttributes (324ms)
			ProcessInitializeOnLoadMethodAttributes (18ms)
			AfterProcessingInitializeOnLoad (4ms)
			EditorAssembliesLoaded (0ms)
		ExecutionOrderSort2 (0ms)
		AwakeInstancesAfterBackupRestoration (8ms)
Refreshing native plugins compatible for Editor in 0.96 ms, found 3 plugins.
Preloading 0 native plugins for Editor in 0.00 ms.
Unloading 1 Unused Serialized files (Serialized files now loaded: 0)
Unloading 3866 unused Assets / (0.9 MB). Loaded Objects now: 4488.
Memory consumption went from 134.6 MB to 133.8 MB.
Total: 6.777700 ms (FindLiveObjects: 0.411900 ms CreateObjectMapping: 0.182200 ms MarkObjects: 5.245300 ms  DeleteObjects: 0.937500 ms)

Prepare: number of updated asset objects reloaded= 0
========================================================================
Received Import Request.
  Time since last request: 278558.840778 seconds.
  path: Assets/Imports/Low Poly Trim Sheet Asset Collection/TrimSheet_Models
  artifactKey: Guid(c9996be9249a255409d06a0e054ecd02) Importer(815301076,1909f56bfc062723c751e8b465ee728b)
Start importing Assets/Imports/Low Poly Trim Sheet Asset Collection/TrimSheet_Models using Guid(c9996be9249a255409d06a0e054ecd02) Importer(815301076,1909f56bfc062723c751e8b465ee728b) (PreviewImporter) -> (artifact id: '63ac89c057772236ba9941930907df14') in 0.0253669 seconds
Number of updated asset objects reloaded before import = 0Number of asset objects unloaded after import = 0

========================================================================
Received Import Request.
  Time since last request: 0.039438 seconds.
  path: Assets/Imports/Low Poly Trim Sheet Asset Collection/TrimSheet_Models/Fountain.fbx
  artifactKey: Guid(9b026eaa6cdd7ca47a0172f4a1240454) Importer(815301076,1909f56bfc062723c751e8b465ee728b)
Start importing Assets/Imports/Low Poly Trim Sheet Asset Collection/TrimSheet_Models/Fountain.fbx using Guid(9b026eaa6cdd7ca47a0172f4a1240454) Importer(815301076,1909f56bfc062723c751e8b465ee728b) (PreviewImporter) -> (artifact id: 'bb5928a353c937b4b96384b0481df159') in 0.1243084 seconds
Number of updated asset objects reloaded before import = 0Number of asset objects unloaded after import = 7

========================================================================
Received Import Request.
  Time since last request: 0.000015 seconds.
  path: Assets/Imports/Low Poly Trim Sheet Asset Collection/TrimSheet_Models/PillarDeco.fbx
  artifactKey: Guid(c133c757fbb12c641aaf201467d84cc4) Importer(815301076,1909f56bfc062723c751e8b465ee728b)
Start importing Assets/Imports/Low Poly Trim Sheet Asset Collection/TrimSheet_Models/PillarDeco.fbx using Guid(c133c757fbb12c641aaf201467d84cc4) Importer(815301076,1909f56bfc062723c751e8b465ee728b) (PreviewImporter) -> (artifact id: '8b198518e071d9e6da9cf08560a5bc8d') in 0.0147463 seconds
Number of updated asset objects reloaded before import = 0Number of asset objects unloaded after import = 7

========================================================================
Received Import Request.
  Time since last request: 0.000016 seconds.
  path: Assets/Imports/Low Poly Trim Sheet Asset Collection/TrimSheet_Models/Rail.fbx
  artifactKey: Guid(3272aba824d18aa48bc78a6b580f199c) Importer(815301076,1909f56bfc062723c751e8b465ee728b)
Start importing Assets/Imports/Low Poly Trim Sheet Asset Collection/TrimSheet_Models/Rail.fbx using Guid(3272aba824d18aa48bc78a6b580f199c) Importer(815301076,1909f56bfc062723c751e8b465ee728b) (PreviewImporter) -> (artifact id: '06aaf83a52182c85c962a365e319531a') in 0.0132812 seconds
Number of updated asset objects reloaded before import = 0Number of asset objects unloaded after import = 7

========================================================================
Received Import Request.
  Time since last request: 0.000015 seconds.
  path: Assets/Imports/Low Poly Trim Sheet Asset Collection/TrimSheet_Models/Platform.fbx
  artifactKey: Guid(9cb7be73ab6746341bfc05527ab381c9) Importer(815301076,1909f56bfc062723c751e8b465ee728b)
Start importing Assets/Imports/Low Poly Trim Sheet Asset Collection/TrimSheet_Models/Platform.fbx using Guid(9cb7be73ab6746341bfc05527ab381c9) Importer(815301076,1909f56bfc062723c751e8b465ee728b) (PreviewImporter) -> (artifact id: '2c33a1e1c6f65b44b2ee959a6f8c743a') in 0.0131216 seconds
Number of updated asset objects reloaded before import = 0Number of asset objects unloaded after import = 7

========================================================================
Received Import Request.
  Time since last request: 12.707048 seconds.
  path: Assets/Imports/Low Poly Trim Sheet Asset Collection/TrimSheet_Materials
  artifactKey: Guid(46c142f805e76904c92809707488be52) Importer(815301076,1909f56bfc062723c751e8b465ee728b)
Start importing Assets/Imports/Low Poly Trim Sheet Asset Collection/TrimSheet_Materials using Guid(46c142f805e76904c92809707488be52) Importer(815301076,1909f56bfc062723c751e8b465ee728b) (PreviewImporter) -> (artifact id: '5ce5c9976a77254a912163112d3d2fbd') in 0.0005343 seconds
Number of updated asset objects reloaded before import = 0Number of asset objects unloaded after import = 0

========================================================================
Received Import Request.
  Time since last request: 0.080804 seconds.
  path: Assets/Imports/Low Poly Trim Sheet Asset Collection/TrimSheet_Materials/Trimsheet_Sandstone.mat
  artifactKey: Guid(aee6e199b05f4fb49b60464b222f4ed6) Importer(815301076,1909f56bfc062723c751e8b465ee728b)
Start importing Assets/Imports/Low Poly Trim Sheet Asset Collection/TrimSheet_Materials/Trimsheet_Sandstone.mat using Guid(aee6e199b05f4fb49b60464b222f4ed6) Importer(815301076,1909f56bfc062723c751e8b465ee728b) (PreviewImporter) -> (artifact id: '2d31a27ff6d4e5ad69ce186c14699cae') in 0.073919 seconds
Number of updated asset objects reloaded before import = 0Number of asset objects unloaded after import = 6

========================================================================
Received Import Request.
  Time since last request: 89.546229 seconds.
  path: Assets/Materials/Rock.mat
  artifactKey: Guid(52d7afb984122a14f8781735f69a548e) Importer(815301076,1909f56bfc062723c751e8b465ee728b)
Start importing Assets/Materials/Rock.mat using Guid(52d7afb984122a14f8781735f69a548e) Importer(815301076,1909f56bfc062723c751e8b465ee728b) (PreviewImporter) -> (artifact id: '560ea625b08808198113bc67c9095027') in 0.0167331 seconds
Number of updated asset objects reloaded before import = 0Number of asset objects unloaded after import = 2

========================================================================
Received Import Request.
  Time since last request: 3.666674 seconds.
  path: Assets/Materials/Trimsheet_Sandstone.mat
  artifactKey: Guid(616c58e5bb319644f8b61827d9076b51) Importer(815301076,1909f56bfc062723c751e8b465ee728b)
Start importing Assets/Materials/Trimsheet_Sandstone.mat using Guid(616c58e5bb319644f8b61827d9076b51) Importer(815301076,1909f56bfc062723c751e8b465ee728b) (PreviewImporter) -> (artifact id: '4b189c1f5cfd5b1355880e8f063ca22c') in 0.0158394 seconds
Number of updated asset objects reloaded before import = 0Number of asset objects unloaded after import = 6

========================================================================
Received Import Request.
  Time since last request: 40.206080 seconds.
  path: Assets/Materials/RuinMaterial.mat
  artifactKey: Guid(616c58e5bb319644f8b61827d9076b51) Importer(815301076,1909f56bfc062723c751e8b465ee728b)
Start importing Assets/Materials/RuinMaterial.mat using Guid(616c58e5bb319644f8b61827d9076b51) Importer(815301076,1909f56bfc062723c751e8b465ee728b) (PreviewImporter) -> (artifact id: 'f34dff1f7069817a49f0c3977213e169') in 0.0211177 seconds
Number of updated asset objects reloaded before import = 0Number of asset objects unloaded after import = 6

========================================================================
Received Import Request.
  Time since last request: 8.189662 seconds.
  path: Assets/Imports/Low Poly Trim Sheet Asset Collection/TrimSheet_Textures/Trimsheet_Sandstone_AO.png
  artifactKey: Guid(857c85b716304ae4aa4a54dcc8ae25bf) Importer(815301076,1909f56bfc062723c751e8b465ee728b)
Start importing Assets/Imports/Low Poly Trim Sheet Asset Collection/TrimSheet_Textures/Trimsheet_Sandstone_AO.png using Guid(857c85b716304ae4aa4a54dcc8ae25bf) Importer(815301076,1909f56bfc062723c751e8b465ee728b) (PreviewImporter) -> (artifact id: '83f828255262516629e2ac48338b420b') in 0.0184765 seconds
Number of updated asset objects reloaded before import = 0Number of asset objects unloaded after import = 2

========================================================================
Received Import Request.
  Time since last request: 0.000016 seconds.
  path: Assets/Imports/Low Poly Trim Sheet Asset Collection/TrimSheet_Textures/Trimsheet_Sandstone_Roughness.png
  artifactKey: Guid(9e50d122275c24649a5960cc13770267) Importer(815301076,1909f56bfc062723c751e8b465ee728b)
Start importing Assets/Imports/Low Poly Trim Sheet Asset Collection/TrimSheet_Textures/Trimsheet_Sandstone_Roughness.png using Guid(9e50d122275c24649a5960cc13770267) Importer(815301076,1909f56bfc062723c751e8b465ee728b) (PreviewImporter) -> (artifact id: '86a3c36359ccba2f3e3941e6bcb2e0d5') in 0.0104484 seconds
Number of updated asset objects reloaded before import = 0Number of asset objects unloaded after import = 2

========================================================================
Received Import Request.
  Time since last request: 0.000022 seconds.
  path: Assets/Imports/Low Poly Trim Sheet Asset Collection/TrimSheet_Textures/Trimsheet_Sandstone_Metallic.png
  artifactKey: Guid(4d491727cebdffb4783f2837338d784c) Importer(815301076,1909f56bfc062723c751e8b465ee728b)
Start importing Assets/Imports/Low Poly Trim Sheet Asset Collection/TrimSheet_Textures/Trimsheet_Sandstone_Metallic.png using Guid(4d491727cebdffb4783f2837338d784c) Importer(815301076,1909f56bfc062723c751e8b465ee728b) (PreviewImporter) -> (artifact id: 'a33d4bc59851a940a9a50dbb930253d7') in 0.0110288 seconds
Number of updated asset objects reloaded before import = 0Number of asset objects unloaded after import = 2

========================================================================
Received Import Request.
  Time since last request: 0.000016 seconds.
  path: Assets/Imports/Low Poly Trim Sheet Asset Collection/TrimSheet_Textures/Trimsheet_Sandstone_Height.png
  artifactKey: Guid(2821f332dd8e2f9448fa7a7e9433641c) Importer(815301076,1909f56bfc062723c751e8b465ee728b)
Start importing Assets/Imports/Low Poly Trim Sheet Asset Collection/TrimSheet_Textures/Trimsheet_Sandstone_Height.png using Guid(2821f332dd8e2f9448fa7a7e9433641c) Importer(815301076,1909f56bfc062723c751e8b465ee728b) (PreviewImporter) -> (artifact id: 'aa1a751c63eb0b25c697b4f0715e1060') in 0.0129203 seconds
Number of updated asset objects reloaded before import = 0Number of asset objects unloaded after import = 2

========================================================================
Received Import Request.
  Time since last request: 0.000017 seconds.
  path: Assets/Imports/Low Poly Trim Sheet Asset Collection/TrimSheet_Textures/Trimsheet_Sandstone_Normal.png
  artifactKey: Guid(1dfe3f7c642680f4fa3a8a43264b25ef) Importer(815301076,1909f56bfc062723c751e8b465ee728b)
Start importing Assets/Imports/Low Poly Trim Sheet Asset Collection/TrimSheet_Textures/Trimsheet_Sandstone_Normal.png using Guid(1dfe3f7c642680f4fa3a8a43264b25ef) Importer(815301076,1909f56bfc062723c751e8b465ee728b) (PreviewImporter) -> (artifact id: '22cc45e024fa8d3c20cd3b51229667dc') in 0.017169 seconds
Number of updated asset objects reloaded before import = 0Number of asset objects unloaded after import = 2

========================================================================
Received Prepare
Begin MonoManager ReloadAssembly
C:\build\output\Unity-Technologies\mono\mono\metadata\icall.c:1842:
C:\build\output\Unity-Technologies\mono\mono\metadata\icall.c:1842:
C:\build\output\Unity-Technologies\mono\mono\metadata\icall.c:1842:
C:\build\output\Unity-Technologies\mono\mono\metadata\icall.c:1842:
C:\build\output\Unity-Technologies\mono\mono\metadata\icall.c:1842:
C:\build\output\Unity-Technologies\mono\mono\metadata\icall.c:1842:
C:\build\output\Unity-Technologies\mono\mono\metadata\icall.c:1842:
C:\build\output\Unity-Technologies\mono\mono\metadata\icall.c:1842:
C:\build\output\Unity-Technologies\mono\mono\metadata\icall.c:1842:
C:\build\output\Unity-Technologies\mono\mono\metadata\icall.c:1842:
C:\build\output\Unity-Technologies\mono\mono\metadata\icall.c:1842:
C:\build\output\Unity-Technologies\mono\mono\metadata\icall.c:1842:
Symbol file LoadedFromMemory doesn't match image C:\Users\goal2\RPGgame\Library\PackageCache\com.unity.visualscripting@1.8.0\Editor\VisualScripting.Core\Dependencies\YamlDotNet\Unity.VisualScripting.YamlDotNet.dll
Symbol file LoadedFromMemory doesn't match image C:\Users\goal2\RPGgame\Library\PackageCache\com.unity.visualscripting@1.8.0\Editor\VisualScripting.Core\Dependencies\DotNetZip\Unity.VisualScripting.IonicZip.dll
- Loaded All Assemblies, in  0.514 seconds
Refreshing native plugins compatible for Editor in 0.61 ms, found 3 plugins.
Native extension for iOS target not found
Native extension for Android target not found
Native extension for WindowsStandalone target not found
Native extension for OSXStandalone target not found
Mono: successfully reloaded assembly
- Finished resetting the current domain, in  0.573 seconds
Domain Reload Profiling: 1086ms
	BeginReloadAssembly (150ms)
		ExecutionOrderSort (0ms)
		DisableScriptedObjects (4ms)
		BackupInstance (0ms)
		ReleaseScriptingObjects (0ms)
		CreateAndSetChildDomain (56ms)
	RebuildCommonClasses (29ms)
	RebuildNativeTypeToScriptingClass (10ms)
	initialDomainReloadingComplete (21ms)
	LoadAllAssembliesAndSetupDomain (303ms)
		LoadAssemblies (256ms)
		RebuildTransferFunctionScriptingTraits (0ms)
		AnalyzeDomain (104ms)
			TypeCache.Refresh (5ms)
				TypeCache.ScanAssembly (0ms)
			BuildScriptInfoCaches (93ms)
			ResolveRequiredComponents (4ms)
	FinalizeReload (573ms)
		ReleaseScriptCaches (0ms)
		RebuildScriptCaches (0ms)
		SetupLoadedEditorAssemblies (403ms)
			LogAssemblyErrors (0ms)
			InitializePlatformSupportModulesInManaged (18ms)
			SetLoadedEditorAssemblies (4ms)
			BeforeProcessingInitializeOnLoad (38ms)
			ProcessInitializeOnLoadAttributes (322ms)
			ProcessInitializeOnLoadMethodAttributes (17ms)
			AfterProcessingInitializeOnLoad (4ms)
			EditorAssembliesLoaded (0ms)
		ExecutionOrderSort2 (0ms)
		AwakeInstancesAfterBackupRestoration (8ms)
Refreshing native plugins compatible for Editor in 0.86 ms, found 3 plugins.
Preloading 0 native plugins for Editor in 0.00 ms.
Unloading 1 Unused Serialized files (Serialized files now loaded: 0)
Unloading 3866 unused Assets / (0.9 MB). Loaded Objects now: 4538.
Memory consumption went from 137.7 MB to 136.8 MB.
Total: 5.997500 ms (FindLiveObjects: 0.389100 ms CreateObjectMapping: 0.210300 ms MarkObjects: 4.458000 ms  DeleteObjects: 0.939300 ms)

Prepare: number of updated asset objects reloaded= 0
========================================================================
Received Import Request.
  Time since last request: 1424.009299 seconds.
  path: Assets/Materials/RuinMaterial.mat
  artifactKey: Guid(616c58e5bb319644f8b61827d9076b51) Importer(815301076,1909f56bfc062723c751e8b465ee728b)
Start importing Assets/Materials/RuinMaterial.mat using Guid(616c58e5bb319644f8b61827d9076b51) Importer(815301076,1909f56bfc062723c751e8b465ee728b) (PreviewImporter) -> (artifact id: '2cb8da90fc796dfcba329fda8b3f7abf') in 0.1112613 seconds
Number of updated asset objects reloaded before import = 0Number of asset objects unloaded after import = 6

========================================================================
Received Prepare
Begin MonoManager ReloadAssembly
C:\build\output\Unity-Technologies\mono\mono\metadata\icall.c:1842:
C:\build\output\Unity-Technologies\mono\mono\metadata\icall.c:1842:
C:\build\output\Unity-Technologies\mono\mono\metadata\icall.c:1842:
C:\build\output\Unity-Technologies\mono\mono\metadata\icall.c:1842:
C:\build\output\Unity-Technologies\mono\mono\metadata\icall.c:1842:
C:\build\output\Unity-Technologies\mono\mono\metadata\icall.c:1842:
C:\build\output\Unity-Technologies\mono\mono\metadata\icall.c:1842:
C:\build\output\Unity-Technologies\mono\mono\metadata\icall.c:1842:
C:\build\output\Unity-Technologies\mono\mono\metadata\icall.c:1842:
C:\build\output\Unity-Technologies\mono\mono\metadata\icall.c:1842:
C:\build\output\Unity-Technologies\mono\mono\metadata\icall.c:1842:
C:\build\output\Unity-Technologies\mono\mono\metadata\icall.c:1842:
Symbol file LoadedFromMemory doesn't match image C:\Users\goal2\RPGgame\Library\PackageCache\com.unity.visualscripting@1.8.0\Editor\VisualScripting.Core\Dependencies\YamlDotNet\Unity.VisualScripting.YamlDotNet.dll
Symbol file LoadedFromMemory doesn't match image C:\Users\goal2\RPGgame\Library\PackageCache\com.unity.visualscripting@1.8.0\Editor\VisualScripting.Core\Dependencies\DotNetZip\Unity.VisualScripting.IonicZip.dll
- Loaded All Assemblies, in  0.450 seconds
Refreshing native plugins compatible for Editor in 0.60 ms, found 3 plugins.
Native extension for iOS target not found
Native extension for Android target not found
Native extension for WindowsStandalone target not found
Native extension for OSXStandalone target not found
Mono: successfully reloaded assembly
- Finished resetting the current domain, in  0.552 seconds
Domain Reload Profiling: 1002ms
	BeginReloadAssembly (129ms)
		ExecutionOrderSort (0ms)
		DisableScriptedObjects (4ms)
		BackupInstance (0ms)
		ReleaseScriptingObjects (0ms)
		CreateAndSetChildDomain (40ms)
	RebuildCommonClasses (26ms)
	RebuildNativeTypeToScriptingClass (13ms)
	initialDomainReloadingComplete (21ms)
	LoadAllAssembliesAndSetupDomain (260ms)
		LoadAssemblies (215ms)
		RebuildTransferFunctionScriptingTraits (0ms)
		AnalyzeDomain (98ms)
			TypeCache.Refresh (4ms)
				TypeCache.ScanAssembly (0ms)
			BuildScriptInfoCaches (87ms)
			ResolveRequiredComponents (4ms)
	FinalizeReload (553ms)
		ReleaseScriptCaches (0ms)
		RebuildScriptCaches (0ms)
		SetupLoadedEditorAssemblies (390ms)
			LogAssemblyErrors (0ms)
			InitializePlatformSupportModulesInManaged (16ms)
			SetLoadedEditorAssemblies (3ms)
			BeforeProcessingInitializeOnLoad (28ms)
			ProcessInitializeOnLoadAttributes (318ms)
			ProcessInitializeOnLoadMethodAttributes (21ms)
			AfterProcessingInitializeOnLoad (4ms)
			EditorAssembliesLoaded (0ms)
		ExecutionOrderSort2 (0ms)
		AwakeInstancesAfterBackupRestoration (6ms)
Refreshing native plugins compatible for Editor in 1.13 ms, found 3 plugins.
Preloading 0 native plugins for Editor in 0.00 ms.
Unloading 1 Unused Serialized files (Serialized files now loaded: 0)
Unloading 3866 unused Assets / (1.1 MB). Loaded Objects now: 4538.
Memory consumption went from 139.6 MB to 138.5 MB.
Total: 6.641400 ms (FindLiveObjects: 0.423600 ms CreateObjectMapping: 0.175500 ms MarkObjects: 4.789700 ms  DeleteObjects: 1.251800 ms)

Prepare: number of updated asset objects reloaded= 0
========================================================================
Received Import Request.
  Time since last request: 1114.073835 seconds.
  path: Assets/Imports/StylizedHandPaintedDungeon(Free)
  artifactKey: Guid(74d3c6ff1d8ec014881b2de4e9e137ba) Importer(815301076,1909f56bfc062723c751e8b465ee728b)
Start importing Assets/Imports/StylizedHandPaintedDungeon(Free) using Guid(74d3c6ff1d8ec014881b2de4e9e137ba) Importer(815301076,1909f56bfc062723c751e8b465ee728b) (PreviewImporter) -> (artifact id: '0316eb441764625c8f91b95b102110a6') in 0.0033157 seconds
Number of updated asset objects reloaded before import = 0Number of asset objects unloaded after import = 0

========================================================================
Received Import Request.
  Time since last request: 1.422748 seconds.
  path: Assets/Imports/StylizedHandPaintedDungeon(Free)/Prefabs
  artifactKey: Guid(325d3c5532164bb4aa5dd8f24fa1df7c) Importer(815301076,1909f56bfc062723c751e8b465ee728b)
Start importing Assets/Imports/StylizedHandPaintedDungeon(Free)/Prefabs using Guid(325d3c5532164bb4aa5dd8f24fa1df7c) Importer(815301076,1909f56bfc062723c751e8b465ee728b) (PreviewImporter) -> (artifact id: '978f80ba46b5b045e1ff9c24deacf1df') in 0.0004556 seconds
Number of updated asset objects reloaded before import = 0Number of asset objects unloaded after import = 0

========================================================================
Received Import Request.
  Time since last request: 18.020832 seconds.
  path: Assets/Imports/Tavern Interior By I.We.D
  artifactKey: Guid(d9336d26f286c684aafcdbe3efe301d3) Importer(815301076,1909f56bfc062723c751e8b465ee728b)
Start importing Assets/Imports/Tavern Interior By I.We.D using Guid(d9336d26f286c684aafcdbe3efe301d3) Importer(815301076,1909f56bfc062723c751e8b465ee728b) (PreviewImporter) -> (artifact id: '3600a0db2bbff96415be3d911cd374ea') in 0.0004883 seconds
Number of updated asset objects reloaded before import = 0Number of asset objects unloaded after import = 0

========================================================================
Received Import Request.
  Time since last request: 587.638803 seconds.
  path: Assets/Imports/Tavern Interior By I.We.D/Materials/Base.mat
  artifactKey: Guid(41e7eb9dddccad848aba6593d6c0557d) Importer(815301076,1909f56bfc062723c751e8b465ee728b)
Start importing Assets/Imports/Tavern Interior By I.We.D/Materials/Base.mat using Guid(41e7eb9dddccad848aba6593d6c0557d) Importer(815301076,1909f56bfc062723c751e8b465ee728b) (PreviewImporter) -> (artifact id: '6184bd039ef5dcf9b694756b8dd0ab78') in 0.0690212 seconds
Number of updated asset objects reloaded before import = 0Number of asset objects unloaded after import = 2

========================================================================
Received Import Request.
  Time since last request: 0.000025 seconds.
  path: Assets/Room/textures/bookcase/Materials/book-case-9.mat
  artifactKey: Guid(d14ab62025729a14b811c155c96e7d35) Importer(815301076,1909f56bfc062723c751e8b465ee728b)
Start importing Assets/Room/textures/bookcase/Materials/book-case-9.mat using Guid(d14ab62025729a14b811c155c96e7d35) Importer(815301076,1909f56bfc062723c751e8b465ee728b) (PreviewImporter) -> (artifact id: 'c98aaa804d813a2fc6fc91bb12d9e79b') in 0.0244844 seconds
Number of updated asset objects reloaded before import = 0Number of asset objects unloaded after import = 3

========================================================================
Received Import Request.
  Time since last request: 0.000026 seconds.
  path: Assets/Room/textures/bookcase/Materials/bookcasewood_Base_Color.mat
  artifactKey: Guid(2b9faa434e605f945890ccb60fd2b0ba) Importer(815301076,1909f56bfc062723c751e8b465ee728b)
Start importing Assets/Room/textures/bookcase/Materials/bookcasewood_Base_Color.mat using Guid(2b9faa434e605f945890ccb60fd2b0ba) Importer(815301076,1909f56bfc062723c751e8b465ee728b) (PreviewImporter) -> (artifact id: 'bf9cb13bc807ae39263b8a81a4ab029e') in 0.0738662 seconds
Number of updated asset objects reloaded before import = 0Number of asset objects unloaded after import = 5

========================================================================
Received Import Request.
  Time since last request: 0.000016 seconds.
  path: Assets/RunemarkStudio/DarkFantasyKit [Free]/Meshes/Steps, Floor, Ceiling/Materials/dfk_floor_01.mat
  artifactKey: Guid(58242cd8a87c62944973d9412a7092d3) Importer(815301076,1909f56bfc062723c751e8b465ee728b)
Start importing Assets/RunemarkStudio/DarkFantasyKit [Free]/Meshes/Steps, Floor, Ceiling/Materials/dfk_floor_01.mat using Guid(58242cd8a87c62944973d9412a7092d3) Importer(815301076,1909f56bfc062723c751e8b465ee728b) (PreviewImporter) -> (artifact id: '44eb0c49f04d834943389a3f08399ee2') in 0.0343035 seconds
Number of updated asset objects reloaded before import = 0Number of asset objects unloaded after import = 4

========================================================================
Received Import Request.
  Time since last request: 0.000022 seconds.
  path: Assets/RunemarkStudio/DarkFantasyKit [Free]/Meshes/Furniture/Materials/dfk_shelves_01.mat
  artifactKey: Guid(aad3eb496210016488cb161ec1d2e0c0) Importer(815301076,1909f56bfc062723c751e8b465ee728b)
Start importing Assets/RunemarkStudio/DarkFantasyKit [Free]/Meshes/Furniture/Materials/dfk_shelves_01.mat using Guid(aad3eb496210016488cb161ec1d2e0c0) Importer(815301076,1909f56bfc062723c751e8b465ee728b) (PreviewImporter) -> (artifact id: '19373154f715d7fbaa166112532eed58') in 0.0346677 seconds
Number of updated asset objects reloaded before import = 0Number of asset objects unloaded after import = 4

========================================================================
Received Import Request.
  Time since last request: 0.000028 seconds.
  path: Assets/RunemarkStudio/DarkFantasyKit [Free]/Meshes/Steps, Floor, Ceiling/Materials/dfk_ceiling_wood.mat
  artifactKey: Guid(d6b481e3d6121b14f9ddbed57766c9e5) Importer(815301076,1909f56bfc062723c751e8b465ee728b)
Start importing Assets/RunemarkStudio/DarkFantasyKit [Free]/Meshes/Steps, Floor, Ceiling/Materials/dfk_ceiling_wood.mat using Guid(d6b481e3d6121b14f9ddbed57766c9e5) Importer(815301076,1909f56bfc062723c751e8b465ee728b) (PreviewImporter) -> (artifact id: '629a87db4993be97eb30c04e7a1fdb44') in 0.0389478 seconds
Number of updated asset objects reloaded before import = 0Number of asset objects unloaded after import = 4

========================================================================
Received Import Request.
  Time since last request: 0.000026 seconds.
  path: Assets/RunemarkStudio/DarkFantasyKit [Free]/Meshes/Walls/Materials/dfk_wall_a.mat
  artifactKey: Guid(84915c941d235bf4d80c69807fa32c4a) Importer(815301076,1909f56bfc062723c751e8b465ee728b)
Start importing Assets/RunemarkStudio/DarkFantasyKit [Free]/Meshes/Walls/Materials/dfk_wall_a.mat using Guid(84915c941d235bf4d80c69807fa32c4a) Importer(815301076,1909f56bfc062723c751e8b465ee728b) (PreviewImporter) -> (artifact id: '72a15f31282c0bc21a05df45bd341969') in 0.0312941 seconds
Number of updated asset objects reloaded before import = 0Number of asset objects unloaded after import = 4

========================================================================
Received Import Request.
  Time since last request: 0.000018 seconds.
  path: Assets/RunemarkStudio/DarkFantasyKit [Free]/Meshes/Decoration/Textiles/Materials/dfk_carpet.mat
  artifactKey: Guid(2f3716c3aa153ee42a217717302e01b2) Importer(815301076,1909f56bfc062723c751e8b465ee728b)
Start importing Assets/RunemarkStudio/DarkFantasyKit [Free]/Meshes/Decoration/Textiles/Materials/dfk_carpet.mat using Guid(2f3716c3aa153ee42a217717302e01b2) Importer(815301076,1909f56bfc062723c751e8b465ee728b) (PreviewImporter) -> (artifact id: '9945b350ea36d8651c6da391221d0029') in 0.0295926 seconds
Number of updated asset objects reloaded before import = 0Number of asset objects unloaded after import = 4

========================================================================
Received Import Request.
  Time since last request: 0.000025 seconds.
  path: Assets/Room/textures/window/Materials/border.001_Base_Color.mat
  artifactKey: Guid(71c50a30d7de7f34f8eb467c588b16fa) Importer(815301076,1909f56bfc062723c751e8b465ee728b)
Start importing Assets/Room/textures/window/Materials/border.001_Base_Color.mat using Guid(71c50a30d7de7f34f8eb467c588b16fa) Importer(815301076,1909f56bfc062723c751e8b465ee728b) (PreviewImporter) -> (artifact id: '6f724f33460aa33b2a78d8e599ca38cc') in 0.0399454 seconds
Number of updated asset objects reloaded before import = 0Number of asset objects unloaded after import = 5

========================================================================
Received Import Request.
  Time since last request: 0.000017 seconds.
  path: Assets/RunemarkStudio/DarkFantasyKit [Free]/Meshes/Furniture/Materials/dfk_bed_single_01.mat
  artifactKey: Guid(f5f2fa5c76d4ae24ab44167688700f4b) Importer(815301076,1909f56bfc062723c751e8b465ee728b)
Start importing Assets/RunemarkStudio/DarkFantasyKit [Free]/Meshes/Furniture/Materials/dfk_bed_single_01.mat using Guid(f5f2fa5c76d4ae24ab44167688700f4b) Importer(815301076,1909f56bfc062723c751e8b465ee728b) (PreviewImporter) -> (artifact id: 'fbb659f5d08577d4bd3937c65b532317') in 0.0387353 seconds
Number of updated asset objects reloaded before import = 0Number of asset objects unloaded after import = 4

========================================================================
Received Import Request.
  Time since last request: 1.368742 seconds.
  path: Assets/Triple Dungeon Pack/Blue Dungeon/blue_dungeon.fbx
  artifactKey: Guid(4e15996ba1e2f4b4392985ef6ac6b27c) Importer(815301076,1909f56bfc062723c751e8b465ee728b)
Start importing Assets/Triple Dungeon Pack/Blue Dungeon/blue_dungeon.fbx using Guid(4e15996ba1e2f4b4392985ef6ac6b27c) Importer(815301076,1909f56bfc062723c751e8b465ee728b) (PreviewImporter) -> (artifact id: 'ca0366d59a38a2e866860cedb739cd0f') in 0.263835 seconds
Number of updated asset objects reloaded before import = 0Number of asset objects unloaded after import = 241

========================================================================
Received Import Request.
  Time since last request: 0.000024 seconds.
  path: Assets/RunemarkStudio/DarkFantasyKit [Free]/Meshes/Furniture/dfk_chairs.fbx
  artifactKey: Guid(f45ff85542c24e34f9284a22210bb7bf) Importer(815301076,1909f56bfc062723c751e8b465ee728b)
Start importing Assets/RunemarkStudio/DarkFantasyKit [Free]/Meshes/Furniture/dfk_chairs.fbx using Guid(f45ff85542c24e34f9284a22210bb7bf) Importer(815301076,1909f56bfc062723c751e8b465ee728b) (PreviewImporter) -> (artifact id: 'f1d03534ef6a97f4d49d419259b55bbd') in 0.0573744 seconds
Number of updated asset objects reloaded before import = 0Number of asset objects unloaded after import = 33

========================================================================
Received Import Request.
  Time since last request: 0.000037 seconds.
  path: Assets/RunemarkStudio/DarkFantasyKit [Free]/Meshes/Furniture/dfk_shelves_01.fbx
  artifactKey: Guid(78d3c3494e3b1ca428d7156a701bdef3) Importer(815301076,1909f56bfc062723c751e8b465ee728b)
Start importing Assets/RunemarkStudio/DarkFantasyKit [Free]/Meshes/Furniture/dfk_shelves_01.fbx using Guid(78d3c3494e3b1ca428d7156a701bdef3) Importer(815301076,1909f56bfc062723c751e8b465ee728b) (PreviewImporter) -> (artifact id: 'dea8886d62fc70e64397b4483ecfe792') in 0.038146 seconds
Number of updated asset objects reloaded before import = 0Number of asset objects unloaded after import = 23

========================================================================
Received Import Request.
  Time since last request: 0.000017 seconds.
  path: Assets/RunemarkStudio/DarkFantasyKit [Free]/Meshes/Walls/dfk_wall_1_door.fbx
  artifactKey: Guid(bc5b4ee67ecae954cbfbfebee0f8fac1) Importer(815301076,1909f56bfc062723c751e8b465ee728b)
Start importing Assets/RunemarkStudio/DarkFantasyKit [Free]/Meshes/Walls/dfk_wall_1_door.fbx using Guid(bc5b4ee67ecae954cbfbfebee0f8fac1) Importer(815301076,1909f56bfc062723c751e8b465ee728b) (PreviewImporter) -> (artifact id: 'a68ee6a1a4d425518f894b8aafd16acd') in 0.0236627 seconds
Number of updated asset objects reloaded before import = 0Number of asset objects unloaded after import = 12

========================================================================
Received Import Request.
  Time since last request: 0.000025 seconds.
  path: Assets/RunemarkStudio/DarkFantasyKit [Free]/Meshes/Doors and Gates/dfk_doorframe.fbx
  artifactKey: Guid(b9e4243247f51b84880d12e3ead14210) Importer(815301076,1909f56bfc062723c751e8b465ee728b)
Start importing Assets/RunemarkStudio/DarkFantasyKit [Free]/Meshes/Doors and Gates/dfk_doorframe.fbx using Guid(b9e4243247f51b84880d12e3ead14210) Importer(815301076,1909f56bfc062723c751e8b465ee728b) (PreviewImporter) -> (artifact id: '57f7c90be4713f3e2946e2681cd685d3') in 0.0340651 seconds
Number of updated asset objects reloaded before import = 0Number of asset objects unloaded after import = 15

========================================================================
Received Import Request.
  Time since last request: 0.000017 seconds.
  path: Assets/RunemarkStudio/DarkFantasyKit [Free]/Meshes/Decoration/Textiles/dfk_hook.fbx
  artifactKey: Guid(e93478e10d507284b865970da9cff652) Importer(815301076,1909f56bfc062723c751e8b465ee728b)
Start importing Assets/RunemarkStudio/DarkFantasyKit [Free]/Meshes/Decoration/Textiles/dfk_hook.fbx using Guid(e93478e10d507284b865970da9cff652) Importer(815301076,1909f56bfc062723c751e8b465ee728b) (PreviewImporter) -> (artifact id: '62b5d00a43f4c7a22616fd4ead474723') in 0.0279355 seconds
Number of updated asset objects reloaded before import = 0Number of asset objects unloaded after import = 11

========================================================================
Received Import Request.
  Time since last request: 0.000019 seconds.
  path: Assets/RunemarkStudio/DarkFantasyKit [Free]/Meshes/Steps, Floor, Ceiling/dfk_floor.fbx
  artifactKey: Guid(0c907ef0f47cac1499923e9244c7600d) Importer(815301076,1909f56bfc062723c751e8b465ee728b)
Start importing Assets/RunemarkStudio/DarkFantasyKit [Free]/Meshes/Steps, Floor, Ceiling/dfk_floor.fbx using Guid(0c907ef0f47cac1499923e9244c7600d) Importer(815301076,1909f56bfc062723c751e8b465ee728b) (PreviewImporter) -> (artifact id: '0cafab114f914c752531c4da4bba7372') in 0.0214774 seconds
Number of updated asset objects reloaded before import = 0Number of asset objects unloaded after import = 11

========================================================================
Received Import Request.
  Time since last request: 0.000018 seconds.
  path: Assets/RunemarkStudio/DarkFantasyKit [Free]/Meshes/Lightsources/dfk_crystal_02.fbx
  artifactKey: Guid(6a9e5775ee2b3a748aa6d32e27eada70) Importer(815301076,1909f56bfc062723c751e8b465ee728b)
Start importing Assets/RunemarkStudio/DarkFantasyKit [Free]/Meshes/Lightsources/dfk_crystal_02.fbx using Guid(6a9e5775ee2b3a748aa6d32e27eada70) Importer(815301076,1909f56bfc062723c751e8b465ee728b) (PreviewImporter) -> (artifact id: 'de43d0205ff23c55bf885f612fc80c8f') in 0.0207874 seconds
Number of updated asset objects reloaded before import = 0Number of asset objects unloaded after import = 11

========================================================================
Received Import Request.
  Time since last request: 0.000016 seconds.
  path: Assets/RunemarkStudio/DarkFantasyKit [Free]/Meshes/Furniture/dfk_wardrobe_01.fbx
  artifactKey: Guid(21ef6551c3751344e80409de0a727bbc) Importer(815301076,1909f56bfc062723c751e8b465ee728b)
Start importing Assets/RunemarkStudio/DarkFantasyKit [Free]/Meshes/Furniture/dfk_wardrobe_01.fbx using Guid(21ef6551c3751344e80409de0a727bbc) Importer(815301076,1909f56bfc062723c751e8b465ee728b) (PreviewImporter) -> (artifact id: '48f03d7ff16dd57aa7eabb1f44026b06') in 0.0408561 seconds
Number of updated asset objects reloaded before import = 0Number of asset objects unloaded after import = 28

========================================================================
Received Import Request.
  Time since last request: 0.168270 seconds.
  path: Assets/Triple Dungeon Pack/Blue Dungeon/prefabs/walls/arch.prefab
  artifactKey: Guid(a47598e6e09d5ef449907751bebf40ba) Importer(815301076,1909f56bfc062723c751e8b465ee728b)
Start importing Assets/Triple Dungeon Pack/Blue Dungeon/prefabs/walls/arch.prefab using Guid(a47598e6e09d5ef449907751bebf40ba) Importer(815301076,1909f56bfc062723c751e8b465ee728b) (PreviewImporter) -> (artifact id: '49d46801b56d7138ec80e9c4bcb74c30') in 0.0138404 seconds
Number of updated asset objects reloaded before import = 0Number of asset objects unloaded after import = 24

========================================================================
Received Import Request.
  Time since last request: 0.018549 seconds.
  path: Assets/Imports/Tavern Interior By I.We.D/Prefabs/Shabby/barrelCraneShabby.prefab
  artifactKey: Guid(0517cef61935c9343a58b51178d26e7e) Importer(815301076,1909f56bfc062723c751e8b465ee728b)
Start importing Assets/Imports/Tavern Interior By I.We.D/Prefabs/Shabby/barrelCraneShabby.prefab using Guid(0517cef61935c9343a58b51178d26e7e) Importer(815301076,1909f56bfc062723c751e8b465ee728b) (PreviewImporter) -> (artifact id: '207aba34bac607fa7206f22040545d3b') in 0.0233266 seconds
Number of updated asset objects reloaded before import = 0Number of asset objects unloaded after import = 10

========================================================================
Received Import Request.
  Time since last request: 0.006549 seconds.
  path: Assets/Imports/Tavern Interior By I.We.D/Prefabs/Shabby/boxShabby.prefab
  artifactKey: Guid(485fd7a32e12ef7438d04adb00a079c0) Importer(815301076,1909f56bfc062723c751e8b465ee728b)
Start importing Assets/Imports/Tavern Interior By I.We.D/Prefabs/Shabby/boxShabby.prefab using Guid(485fd7a32e12ef7438d04adb00a079c0) Importer(815301076,1909f56bfc062723c751e8b465ee728b) (PreviewImporter) -> (artifact id: 'd5b2fd6adffec72b0d13c2e91c304201') in 0.0158759 seconds
Number of updated asset objects reloaded before import = 0Number of asset objects unloaded after import = 9

========================================================================
Received Import Request.
  Time since last request: 0.000059 seconds.
  path: Assets/Triple Dungeon Pack/Blue Dungeon/prefabs/decorations/candle_1.prefab
  artifactKey: Guid(63fe838a00d2c564ab656774a6831ca8) Importer(815301076,1909f56bfc062723c751e8b465ee728b)
Start importing Assets/Triple Dungeon Pack/Blue Dungeon/prefabs/decorations/candle_1.prefab using Guid(63fe838a00d2c564ab656774a6831ca8) Importer(815301076,1909f56bfc062723c751e8b465ee728b) (PreviewImporter) -> (artifact id: '7aa58c68f9a7c11004c737942b4ae981') in 0.0136225 seconds
Number of updated asset objects reloaded before import = 0Number of asset objects unloaded after import = 9

========================================================================
Received Import Request.
  Time since last request: 0.000016 seconds.
  path: Assets/Triple Dungeon Pack/Blue Dungeon/prefabs/decorations/candle_2.prefab
  artifactKey: Guid(c0d0f6b7b592dc14aa59382b630fe552) Importer(815301076,1909f56bfc062723c751e8b465ee728b)
Start importing Assets/Triple Dungeon Pack/Blue Dungeon/prefabs/decorations/candle_2.prefab using Guid(c0d0f6b7b592dc14aa59382b630fe552) Importer(815301076,1909f56bfc062723c751e8b465ee728b) (PreviewImporter) -> (artifact id: 'ea8ef640bf6fbb46d69a83fb6343ea4e') in 0.0127068 seconds
Number of updated asset objects reloaded before import = 0Number of asset objects unloaded after import = 9

========================================================================
Received Import Request.
  Time since last request: 0.000019 seconds.
  path: Assets/Triple Dungeon Pack/Blue Dungeon/prefabs/specials/candle_2.prefab
  artifactKey: Guid(40fd410ede896cb4d8810f03c77f3dbf) Importer(815301076,1909f56bfc062723c751e8b465ee728b)
Start importing Assets/Triple Dungeon Pack/Blue Dungeon/prefabs/specials/candle_2.prefab using Guid(40fd410ede896cb4d8810f03c77f3dbf) Importer(815301076,1909f56bfc062723c751e8b465ee728b) (PreviewImporter) -> (artifact id: '9b6ecdd270e2a11ebfd5c0705704f2ff') in 0.041028 seconds
Number of updated asset objects reloaded before import = 0Number of asset objects unloaded after import = 18

========================================================================
Received Import Request.
  Time since last request: 0.000020 seconds.
  path: Assets/Imports/Tavern Interior By I.We.D/Prefabs/Shabby/chairShabby.prefab
  artifactKey: Guid(8ac47bef7a2083b4d827d1e464d1105e) Importer(815301076,1909f56bfc062723c751e8b465ee728b)
Start importing Assets/Imports/Tavern Interior By I.We.D/Prefabs/Shabby/chairShabby.prefab using Guid(8ac47bef7a2083b4d827d1e464d1105e) Importer(815301076,1909f56bfc062723c751e8b465ee728b) (PreviewImporter) -> (artifact id: 'a86f1d87daff0304dcf119dd79895142') in 0.0235042 seconds
Number of updated asset objects reloaded before import = 0Number of asset objects unloaded after import = 10

========================================================================
Received Import Request.
  Time since last request: 31.738759 seconds.
  path: Assets/Triple Dungeon Pack/Blue Dungeon
  artifactKey: Guid(f05c67ce234ae0a44a436a51cefb5f71) Importer(815301076,1909f56bfc062723c751e8b465ee728b)
Start importing Assets/Triple Dungeon Pack/Blue Dungeon using Guid(f05c67ce234ae0a44a436a51cefb5f71) Importer(815301076,1909f56bfc062723c751e8b465ee728b) (PreviewImporter) -> (artifact id: '919642598866639be2990ec2b21b06f5') in 0.0005977 seconds
Number of updated asset objects reloaded before import = 0Number of asset objects unloaded after import = 0

========================================================================
Received Import Request.
  Time since last request: 1.390495 seconds.
  path: Assets/Triple Dungeon Pack/Blue Dungeon/prefabs
  artifactKey: Guid(1bace09ab9333e34b8793ac1cbf248ea) Importer(815301076,1909f56bfc062723c751e8b465ee728b)
Start importing Assets/Triple Dungeon Pack/Blue Dungeon/prefabs using Guid(1bace09ab9333e34b8793ac1cbf248ea) Importer(815301076,1909f56bfc062723c751e8b465ee728b) (PreviewImporter) -> (artifact id: '5f618588095d530179e5ccd13709fac1') in 0.000494 seconds
Number of updated asset objects reloaded before import = 0Number of asset objects unloaded after import = 0

========================================================================
Received Import Request.
  Time since last request: 14.977352 seconds.
  path: Assets/Triple Dungeon Pack/Blue Dungeon/blue dungeon_ReadMe.txt
  artifactKey: Guid(a764d68031de2c544bcb296cf00cba2f) Importer(815301076,1909f56bfc062723c751e8b465ee728b)
Start importing Assets/Triple Dungeon Pack/Blue Dungeon/blue dungeon_ReadMe.txt using Guid(a764d68031de2c544bcb296cf00cba2f) Importer(815301076,1909f56bfc062723c751e8b465ee728b) (PreviewImporter) -> (artifact id: '4a13cf26c5d68acd97856bbd32a62853') in 0.0009294 seconds
Number of updated asset objects reloaded before import = 0Number of asset objects unloaded after import = 1

========================================================================
Received Import Request.
  Time since last request: 8.919098 seconds.
  path: Assets/Triple Dungeon Pack/Blue Dungeon/textures
  artifactKey: Guid(60c4a676903d88a44ba53612f0eaa01b) Importer(815301076,1909f56bfc062723c751e8b465ee728b)
Start importing Assets/Triple Dungeon Pack/Blue Dungeon/textures using Guid(60c4a676903d88a44ba53612f0eaa01b) Importer(815301076,1909f56bfc062723c751e8b465ee728b) (PreviewImporter) -> (artifact id: 'c91d2f99e6a4c6aa463dc7c175c12ef7') in 0.0005643 seconds
Number of updated asset objects reloaded before import = 0Number of asset objects unloaded after import = 0

========================================================================
Received Import Request.
  Time since last request: 0.064957 seconds.
  path: Assets/Triple Dungeon Pack/Blue Dungeon/textures/blue dungeonTexture.png
  artifactKey: Guid(3ef4abbc10465f24487f7d0b21426aff) Importer(815301076,1909f56bfc062723c751e8b465ee728b)
Start importing Assets/Triple Dungeon Pack/Blue Dungeon/textures/blue dungeonTexture.png using Guid(3ef4abbc10465f24487f7d0b21426aff) Importer(815301076,1909f56bfc062723c751e8b465ee728b) (PreviewImporter) -> (artifact id: '083fde85ce717ba4a5f61af197955f5e') in 0.0179341 seconds
Number of updated asset objects reloaded before import = 0Number of asset objects unloaded after import = 2

========================================================================
Received Import Request.
  Time since last request: 6.826748 seconds.
  path: Assets/Triple Dungeon Pack/Blue Dungeon/prefabs/decorations
  artifactKey: Guid(628527a477dca724a9e870e5d3ad3b9f) Importer(815301076,1909f56bfc062723c751e8b465ee728b)
Start importing Assets/Triple Dungeon Pack/Blue Dungeon/prefabs/decorations using Guid(628527a477dca724a9e870e5d3ad3b9f) Importer(815301076,1909f56bfc062723c751e8b465ee728b) (PreviewImporter) -> (artifact id: 'e5c5a853e031cad5c591d380b01ebd7e') in 0.0005681 seconds
Number of updated asset objects reloaded before import = 0Number of asset objects unloaded after import = 0

========================================================================
Received Import Request.
  Time since last request: 0.054670 seconds.
  path: Assets/Triple Dungeon Pack/Blue Dungeon/prefabs/decorations/fire_cup_1.prefab
  artifactKey: Guid(994639c8f88d6a1448fb2ac40fe22ce4) Importer(815301076,1909f56bfc062723c751e8b465ee728b)
Start importing Assets/Triple Dungeon Pack/Blue Dungeon/prefabs/decorations/fire_cup_1.prefab using Guid(994639c8f88d6a1448fb2ac40fe22ce4) Importer(815301076,1909f56bfc062723c751e8b465ee728b) (PreviewImporter) -> (artifact id: 'c6d1eb441f74617f51653f071ffcce9e') in 0.0160718 seconds
Number of updated asset objects reloaded before import = 0Number of asset objects unloaded after import = 9

========================================================================
Received Import Request.
  Time since last request: 0.000022 seconds.
  path: Assets/Triple Dungeon Pack/Blue Dungeon/prefabs/decorations/vase_2.prefab
  artifactKey: Guid(d5204fad194f4c14fbc275a63ff2c613) Importer(815301076,1909f56bfc062723c751e8b465ee728b)
Start importing Assets/Triple Dungeon Pack/Blue Dungeon/prefabs/decorations/vase_2.prefab using Guid(d5204fad194f4c14fbc275a63ff2c613) Importer(815301076,1909f56bfc062723c751e8b465ee728b) (PreviewImporter) -> (artifact id: '30192328aa7e503a17542935eeec2d1e') in 0.0164334 seconds
Number of updated asset objects reloaded before import = 0Number of asset objects unloaded after import = 9

========================================================================
Received Import Request.
  Time since last request: 7.817577 seconds.
  path: Assets/Triple Dungeon Pack/Blue Dungeon/prefabs/ground_stairs
  artifactKey: Guid(6cc19ac41ca5dfb429cba38aef2a90f5) Importer(815301076,1909f56bfc062723c751e8b465ee728b)
Start importing Assets/Triple Dungeon Pack/Blue Dungeon/prefabs/ground_stairs using Guid(6cc19ac41ca5dfb429cba38aef2a90f5) Importer(815301076,1909f56bfc062723c751e8b465ee728b) (PreviewImporter) -> (artifact id: '397389e71aeb5d27be1c6f0b2c3c861b') in 0.0005004 seconds
Number of updated asset objects reloaded before import = 0Number of asset objects unloaded after import = 0

========================================================================
Received Import Request.
  Time since last request: 0.065594 seconds.
  path: Assets/Triple Dungeon Pack/Blue Dungeon/prefabs/ground_stairs/ground-1-1.prefab
  artifactKey: Guid(958c539e6f5b3da4e988c157ff999d76) Importer(815301076,1909f56bfc062723c751e8b465ee728b)
Start importing Assets/Triple Dungeon Pack/Blue Dungeon/prefabs/ground_stairs/ground-1-1.prefab using Guid(958c539e6f5b3da4e988c157ff999d76) Importer(815301076,1909f56bfc062723c751e8b465ee728b) (PreviewImporter) -> (artifact id: 'a70861d21fa4d757eb8e4c9c8d7d0ac5') in 0.016692 seconds
Number of updated asset objects reloaded before import = 0Number of asset objects unloaded after import = 9

========================================================================
Received Import Request.
  Time since last request: 0.000113 seconds.
  path: Assets/Triple Dungeon Pack/Blue Dungeon/prefabs/ground_stairs/ground_6.prefab
  artifactKey: Guid(80ab2159d2bdbc54e816283f52b4ea54) Importer(815301076,1909f56bfc062723c751e8b465ee728b)
Start importing Assets/Triple Dungeon Pack/Blue Dungeon/prefabs/ground_stairs/ground_6.prefab using Guid(80ab2159d2bdbc54e816283f52b4ea54) Importer(815301076,1909f56bfc062723c751e8b465ee728b) (PreviewImporter) -> (artifact id: '5ba82560795ac0ed531b9b7bfd6ec398') in 0.0173866 seconds
Number of updated asset objects reloaded before import = 0Number of asset objects unloaded after import = 9

========================================================================
Received Import Request.
  Time since last request: 0.000024 seconds.
  path: Assets/Triple Dungeon Pack/Blue Dungeon/prefabs/ground_stairs/ground_12.prefab
  artifactKey: Guid(bd6f5d665b09d444c9509853346c1237) Importer(815301076,1909f56bfc062723c751e8b465ee728b)
Start importing Assets/Triple Dungeon Pack/Blue Dungeon/prefabs/ground_stairs/ground_12.prefab using Guid(bd6f5d665b09d444c9509853346c1237) Importer(815301076,1909f56bfc062723c751e8b465ee728b) (PreviewImporter) -> (artifact id: '7d5e902f7a97b1af9c635644b974c272') in 0.0174095 seconds
Number of updated asset objects reloaded before import = 0Number of asset objects unloaded after import = 9

========================================================================
Received Import Request.
  Time since last request: 0.000020 seconds.
  path: Assets/Triple Dungeon Pack/Blue Dungeon/prefabs/ground_stairs/ground_7.prefab
  artifactKey: Guid(74f3126c201736a469c0797cf65444b9) Importer(815301076,1909f56bfc062723c751e8b465ee728b)
Start importing Assets/Triple Dungeon Pack/Blue Dungeon/prefabs/ground_stairs/ground_7.prefab using Guid(74f3126c201736a469c0797cf65444b9) Importer(815301076,1909f56bfc062723c751e8b465ee728b) (PreviewImporter) -> (artifact id: '0d90dfbc2fa68d49e46d9a36d03c79d1') in 0.0167798 seconds
Number of updated asset objects reloaded before import = 0Number of asset objects unloaded after import = 9

========================================================================
Received Import Request.
  Time since last request: 0.000027 seconds.
  path: Assets/Triple Dungeon Pack/Blue Dungeon/prefabs/ground_stairs/stairs_1.prefab
  artifactKey: Guid(29748466972c61f4e8a122c9c839603b) Importer(815301076,1909f56bfc062723c751e8b465ee728b)
Start importing Assets/Triple Dungeon Pack/Blue Dungeon/prefabs/ground_stairs/stairs_1.prefab using Guid(29748466972c61f4e8a122c9c839603b) Importer(815301076,1909f56bfc062723c751e8b465ee728b) (PreviewImporter) -> (artifact id: '125bb2a657bc34c6456f395f9753c06a') in 0.0172932 seconds
Number of updated asset objects reloaded before import = 0Number of asset objects unloaded after import = 9

========================================================================
Received Import Request.
  Time since last request: 0.000018 seconds.
  path: Assets/Triple Dungeon Pack/Blue Dungeon/prefabs/ground_stairs/ground_11.prefab
  artifactKey: Guid(ac4a1a6f99e8e4b4f95b075c1bad951e) Importer(815301076,1909f56bfc062723c751e8b465ee728b)
Start importing Assets/Triple Dungeon Pack/Blue Dungeon/prefabs/ground_stairs/ground_11.prefab using Guid(ac4a1a6f99e8e4b4f95b075c1bad951e) Importer(815301076,1909f56bfc062723c751e8b465ee728b) (PreviewImporter) -> (artifact id: '597e7e0f4fc7fc4f48a0efbd6546ebd2') in 0.0153599 seconds
Number of updated asset objects reloaded before import = 0Number of asset objects unloaded after import = 9

Editor requested this worker to shutdown with reason: Scaling down because of idle timeout
AssetImportWorker is now disconnected from the server
Process exiting
Exiting without the bug reporter. Application will terminate with return code 0